<?xml version="1.0" encoding="UTF-8"?>
<!-- Generated by org.testng.reporters.JUnitXMLReporter -->
<testsuite hostname="PC-liangxuqing" name="Bond_Report" tests="13" failures="8" timestamp="30 Jun 2017 00:35:01 GMT" time="22.167" errors="0">
  <testcase name="get_performance_attribution" time="10.283" classname="com.xyuan.ngtest.jx.test.report.get_performance_attribution"/>
  <testcase name="get_future_cash_flow" time="0.248" classname="com.xyuan.ngtest.jx.test.report.get_future_cash_flow"/>
  <testcase name="get_last_hold_bond_concentration" time="0.219" classname="com.xyuan.ngtest.jx.test.report.get_last_hold_bond_concentration">
    <failure type="java.lang.AssertionError" message="
Expected: &amp;quot;{\&amp;quot;code\&amp;quot;:0,\&amp;quot;data\&amp;quot;:[{\&amp;quot;id\&amp;quot;:\&amp;quot;\&amp;quot;,\&amp;quot;last\&amp;quot;:true,\&amp;quot;name\&amp;quot;:\&amp;quot;最大重仓债\&amp;quot;,\&amp;quot;value_ratio\&amp;quot;:16.579419484314283},{\&amp;quot;id\&amp;quot;:\&amp;quot;\&amp;quot;,\&amp;quot;last\&amp;quot;:true,\&amp;quot;name\&amp;quot;:\&amp;quot;前两大重仓债\&amp;quot;,\&amp;quot;value_ratio\&amp;quot;:32.876576011507986},{\&amp;quot;id\&amp;quot;:\&amp;quot;\&amp;quot;,\&amp;quot;last\&amp;quot;:true,\&amp;quot;name\&amp;quot;:\&amp;quot;前三大重仓债\&amp;quot;,\&amp;quot;value_ratio\&amp;quot;:48.625625855103536},{\&amp;quot;id\&amp;quot;:\&amp;quot;\&amp;quot;,\&amp;quot;last\&amp;quot;:true,\&amp;quot;name\&amp;quot;:\&amp;quot;前五大重仓债\&amp;quot;,\&amp;quot;value_ratio\&amp;quot;:73.62457715589487},{\&amp;quot;id\&amp;quot;:\&amp;quot;\&amp;quot;,\&amp;quot;last\&amp;quot;:true,\&amp;quot;name\&amp;quot;:\&amp;quot;前十大重仓债\&amp;quot;,\&amp;quot;value_ratio\&amp;quot;:100}],\&amp;quot;message\&amp;quot;:\&amp;quot;成功\&amp;quot;}&amp;quot;
     but: was &amp;quot;{\&amp;quot;code\&amp;quot;:0,\&amp;quot;data\&amp;quot;:[{\&amp;quot;name\&amp;quot;:\&amp;quot;最大重仓债\&amp;quot;,\&amp;quot;value_ratio\&amp;quot;:16.579419484314283},{\&amp;quot;name\&amp;quot;:\&amp;quot;前两大重仓债\&amp;quot;,\&amp;quot;value_ratio\&amp;quot;:32.876576011507986},{\&amp;quot;name\&amp;quot;:\&amp;quot;前三大重仓债\&amp;quot;,\&amp;quot;value_ratio\&amp;quot;:48.625625855103536},{\&amp;quot;name\&amp;quot;:\&amp;quot;前五大重仓债\&amp;quot;,\&amp;quot;value_ratio\&amp;quot;:73.62457715589487},{\&amp;quot;name\&amp;quot;:\&amp;quot;前十大重仓债\&amp;quot;,\&amp;quot;value_ratio\&amp;quot;:100},{\&amp;quot;name\&amp;quot;:\&amp;quot;发行量占比最大值\&amp;quot;,\&amp;quot;value_ratio\&amp;quot;:10.105}],\&amp;quot;message\&amp;quot;:\&amp;quot;成功\&amp;quot;}&amp;quot;">
      <![CDATA[java.lang.AssertionError: 
Expected: "{\"code\":0,\"data\":[{\"id\":\"\",\"last\":true,\"name\":\"最大重仓债\",\"value_ratio\":16.579419484314283},{\"id\":\"\",\"last\":true,\"name\":\"前两大重仓债\",\"value_ratio\":32.876576011507986},{\"id\":\"\",\"last\":true,\"name\":\"前三大重仓债\",\"value_ratio\":48.625625855103536},{\"id\":\"\",\"last\":true,\"name\":\"前五大重仓债\",\"value_ratio\":73.62457715589487},{\"id\":\"\",\"last\":true,\"name\":\"前十大重仓债\",\"value_ratio\":100}],\"message\":\"成功\"}"
     but: was "{\"code\":0,\"data\":[{\"name\":\"最大重仓债\",\"value_ratio\":16.579419484314283},{\"name\":\"前两大重仓债\",\"value_ratio\":32.876576011507986},{\"name\":\"前三大重仓债\",\"value_ratio\":48.625625855103536},{\"name\":\"前五大重仓债\",\"value_ratio\":73.62457715589487},{\"name\":\"前十大重仓债\",\"value_ratio\":100},{\"name\":\"发行量占比最大值\",\"value_ratio\":10.105}],\"message\":\"成功\"}"
	at org.hamcrest.MatcherAssert.assertThat(MatcherAssert.java:20)
	at org.hamcrest.MatcherAssert.assertThat(MatcherAssert.java:8)
	at com.xyuan.ngtest.jx.test.report.get_last_hold_bond_concentration.get_last_hold_bond_concentration(get_last_hold_bond_concentration.java:32)
	at java.util.concurrent.FutureTask.run(Unknown Source)
	at java.util.concurrent.ThreadPoolExecutor.runWorker(Unknown Source)
	at java.util.concurrent.ThreadPoolExecutor$Worker.run(Unknown Source)
	at java.lang.Thread.run(Unknown Source)
... Removed 16 stack frames]]>
    </failure>
  </testcase> <!-- get_last_hold_bond_concentration -->
  <testcase name="get_interest_rate_risk_analysis" time="0.119" classname="com.xyuan.ngtest.jx.test.report.get_interest_rate_risk_analysis"/>
  <testcase name="get_subject_rating_analysis" time="0.39" classname="com.xyuan.ngtest.jx.test.report.get_subject_rating_analysis">
    <failure type="java.lang.AssertionError" message="
Expected: &amp;quot;{\&amp;quot;code\&amp;quot;:0,\&amp;quot;data\&amp;quot;:{\&amp;quot;chart\&amp;quot;:[{\&amp;quot;count\&amp;quot;:0,\&amp;quot;id\&amp;quot;:\&amp;quot;\&amp;quot;,\&amp;quot;last\&amp;quot;:true,\&amp;quot;name\&amp;quot;:\&amp;quot;调低\&amp;quot;,\&amp;quot;ratio\&amp;quot;:0},{\&amp;quot;count\&amp;quot;:0,\&amp;quot;id\&amp;quot;:\&amp;quot;\&amp;quot;,\&amp;quot;last\&amp;quot;:true,\&amp;quot;name\&amp;quot;:\&amp;quot;调高\&amp;quot;,\&amp;quot;ratio\&amp;quot;:0},{\&amp;quot;count\&amp;quot;:2,\&amp;quot;id\&amp;quot;:\&amp;quot;\&amp;quot;,\&amp;quot;last\&amp;quot;:true,\&amp;quot;name\&amp;quot;:\&amp;quot;维持\&amp;quot;,\&amp;quot;ratio\&amp;quot;:66.66666666666666},{\&amp;quot;count\&amp;quot;:1,\&amp;quot;id\&amp;quot;:\&amp;quot;\&amp;quot;,\&amp;quot;last\&amp;quot;:true,\&amp;quot;name\&amp;quot;:\&amp;quot;首次\&amp;quot;,\&amp;quot;ratio\&amp;quot;:33.33333333333333}],\&amp;quot;table\&amp;quot;:[{\&amp;quot;id\&amp;quot;:\&amp;quot;\&amp;quot;,\&amp;quot;last\&amp;quot;:true,\&amp;quot;name\&amp;quot;:\&amp;quot;16申信01\&amp;quot;,\&amp;quot;rating_date\&amp;quot;:\&amp;quot;2016-12-2900:00:00\&amp;quot;,\&amp;quot;rating_name\&amp;quot;:\&amp;quot;中诚信国际信用评级有限责任公司\&amp;quot;,\&amp;quot;subject_name\&amp;quot;:\&amp;quot;上海华信国际集团有限公司\&amp;quot;,\&amp;quot;subject_rating\&amp;quot;:\&amp;quot;AAA\&amp;quot;,\&amp;quot;value\&amp;quot;:328.635,\&amp;quot;value_ratio\&amp;quot;:3.4745629837970937},{\&amp;quot;id\&amp;quot;:\&amp;quot;\&amp;quot;,\&amp;quot;last\&amp;quot;:true,\&amp;quot;name\&amp;quot;:\&amp;quot;16鲁万通\&amp;quot;,\&amp;quot;rating_date\&amp;quot;:\&amp;quot;2016-11-1800:00:00\&amp;quot;,\&amp;quot;rating_name\&amp;quot;:\&amp;quot;联合信用评级有限公司\&amp;quot;,\&amp;quot;subject_name\&amp;quot;:\&amp;quot;山东万通石油化工集团有限公司\&amp;quot;,\&amp;quot;subject_rating\&amp;quot;:\&amp;quot;AA\&amp;quot;,\&amp;quot;value\&amp;quot;:1552.5,\&amp;quot;value_ratio\&amp;quot;:16.4141343202793},{\&amp;quot;id\&amp;quot;:\&amp;quot;\&amp;quot;,\&amp;quot;last\&amp;quot;:true,\&amp;quot;name\&amp;quot;:\&amp;quot;16纳通02\&amp;quot;,\&amp;quot;rating_date\&amp;quot;:\&amp;quot;2016-10-2400:00:00\&amp;quot;,\&amp;quot;rating_name\&amp;quot;:\&amp;quot;联合信用评级有限公司\&amp;quot;,\&amp;quot;subject_name\&amp;quot;:\&amp;quot;北京纳通科技集团有限公司\&amp;quot;,\&amp;quot;subject_rating\&amp;quot;:\&amp;quot;AA\&amp;quot;,\&amp;quot;value\&amp;quot;:1499.67,\&amp;quot;value_ratio\&amp;quot;:15.855577981380522},{\&amp;quot;id\&amp;quot;:\&amp;quot;\&amp;quot;,\&amp;quot;last\&amp;quot;:true,\&amp;quot;name\&amp;quot;:\&amp;quot;16凤凰EB\&amp;quot;,\&amp;quot;rating_date\&amp;quot;:\&amp;quot;2016-07-2900:00:00\&amp;quot;,\&amp;quot;rating_name\&amp;quot;:\&amp;quot;上海新世纪资信评估投资服务有限公司\&amp;quot;,\&amp;quot;subject_name\&amp;quot;:\&amp;quot;江苏凤凰出版传媒集团有限公司\&amp;quot;,\&amp;quot;subject_rating\&amp;quot;:\&amp;quot;AAA\&amp;quot;,\&amp;quot;value\&amp;quot;:153.68678,\&amp;quot;value_ratio\&amp;quot;:1.624885958242328},{\&amp;quot;id\&amp;quot;:\&amp;quot;\&amp;quot;,\&amp;quot;last\&amp;quot;:true,\&amp;quot;name\&amp;quot;:\&amp;quot;16长城01\&amp;quot;,\&amp;quot;rating_date\&amp;quot;:\&amp;quot;2016-07-2200:00:00\&amp;quot;,\&amp;quot;rating_name\&amp;quot;:\&amp;quot;大公国际资信评估有限公司\&amp;quot;,\&amp;quot;subject_name\&amp;quot;:\&amp;quot;邹平长城集团有限公司\&amp;quot;,\&amp;quot;subject_rating\&amp;quot;:\&amp;quot;AA\&amp;quot;,\&amp;quot;value\&amp;quot;:1529.85,\&amp;quot;value_ratio\&amp;quot;:16.17466240893996}]},\&amp;quot;message\&amp;quot;:\&amp;quot;成功\&amp;quot;}&amp;quot;
     but: was &amp;quot;{\&amp;quot;code\&amp;quot;:0,\&amp;quot;data\&amp;quot;:{\&amp;quot;chart\&amp;quot;:[{\&amp;quot;count\&amp;quot;:0,\&amp;quot;id\&amp;quot;:\&amp;quot;\&amp;quot;,\&amp;quot;last\&amp;quot;:true,\&amp;quot;name\&amp;quot;:\&amp;quot;调低\&amp;quot;,\&amp;quot;ratio\&amp;quot;:0},{\&amp;quot;count\&amp;quot;:0,\&amp;quot;id\&amp;quot;:\&amp;quot;\&amp;quot;,\&amp;quot;last\&amp;quot;:true,\&amp;quot;name\&amp;quot;:\&amp;quot;调高\&amp;quot;,\&amp;quot;ratio\&amp;quot;:0},{\&amp;quot;count\&amp;quot;:3,\&amp;quot;id\&amp;quot;:\&amp;quot;\&amp;quot;,\&amp;quot;last\&amp;quot;:true,\&amp;quot;name\&amp;quot;:\&amp;quot;维持\&amp;quot;,\&amp;quot;ratio\&amp;quot;:75},{\&amp;quot;count\&amp;quot;:1,\&amp;quot;id\&amp;quot;:\&amp;quot;\&amp;quot;,\&amp;quot;last\&amp;quot;:true,\&amp;quot;name\&amp;quot;:\&amp;quot;首次\&amp;quot;,\&amp;quot;ratio\&amp;quot;:25}],\&amp;quot;table\&amp;quot;:[{\&amp;quot;id\&amp;quot;:\&amp;quot;\&amp;quot;,\&amp;quot;last\&amp;quot;:true,\&amp;quot;name\&amp;quot;:\&amp;quot;16申信01\&amp;quot;,\&amp;quot;rating_date\&amp;quot;:\&amp;quot;2016-12-2900:00:00\&amp;quot;,\&amp;quot;rating_name\&amp;quot;:\&amp;quot;中诚信国际信用评级有限责任公司\&amp;quot;,\&amp;quot;subject_name\&amp;quot;:\&amp;quot;上海华信国际集团有限公司\&amp;quot;,\&amp;quot;subject_rating\&amp;quot;:\&amp;quot;AAA\&amp;quot;,\&amp;quot;value\&amp;quot;:328.635,\&amp;quot;value_ratio\&amp;quot;:3.4745629837970937},{\&amp;quot;id\&amp;quot;:\&amp;quot;\&amp;quot;,\&amp;quot;last\&amp;quot;:true,\&amp;quot;name\&amp;quot;:\&amp;quot;16鲁万通\&amp;quot;,\&amp;quot;rating_date\&amp;quot;:\&amp;quot;2016-11-1800:00:00\&amp;quot;,\&amp;quot;rating_name\&amp;quot;:\&amp;quot;联合信用评级有限公司\&amp;quot;,\&amp;quot;subject_name\&amp;quot;:\&amp;quot;山东万通石油化工集团有限公司\&amp;quot;,\&amp;quot;subject_rating\&amp;quot;:\&amp;quot;AA\&amp;quot;,\&amp;quot;value\&amp;quot;:1552.5,\&amp;quot;value_ratio\&amp;quot;:16.4141343202793},{\&amp;quot;id\&amp;quot;:\&amp;quot;\&amp;quot;,\&amp;quot;last\&amp;quot;:true,\&amp;quot;name\&amp;quot;:\&amp;quot;16纳通02\&amp;quot;,\&amp;quot;rating_date\&amp;quot;:\&amp;quot;2016-10-2400:00:00\&amp;quot;,\&amp;quot;rating_name\&amp;quot;:\&amp;quot;联合信用评级有限公司\&amp;quot;,\&amp;quot;subject_name\&amp;quot;:\&amp;quot;北京纳通科技集团有限公司\&amp;quot;,\&amp;quot;subject_rating\&amp;quot;:\&amp;quot;AA\&amp;quot;,\&amp;quot;value\&amp;quot;:1499.67,\&amp;quot;value_ratio\&amp;quot;:15.855577981380522},{\&amp;quot;id\&amp;quot;:\&amp;quot;\&amp;quot;,\&amp;quot;last\&amp;quot;:true,\&amp;quot;name\&amp;quot;:\&amp;quot;16凤凰EB\&amp;quot;,\&amp;quot;rating_date\&amp;quot;:\&amp;quot;2016-07-2900:00:00\&amp;quot;,\&amp;quot;rating_name\&amp;quot;:\&amp;quot;上海新世纪资信评估投资服务有限公司\&amp;quot;,\&amp;quot;subject_name\&amp;quot;:\&amp;quot;江苏凤凰出版传媒集团有限公司\&amp;quot;,\&amp;quot;subject_rating\&amp;quot;:\&amp;quot;AAA\&amp;quot;,\&amp;quot;value\&amp;quot;:153.68678,\&amp;quot;value_ratio\&amp;quot;:1.624885958242328},{\&amp;quot;id\&amp;quot;:\&amp;quot;\&amp;quot;,\&amp;quot;last\&amp;quot;:true,\&amp;quot;name\&amp;quot;:\&amp;quot;16长城01\&amp;quot;,\&amp;quot;rating_date\&amp;quot;:\&amp;quot;2016-07-2200:00:00\&amp;quot;,\&amp;quot;rating_name\&amp;quot;:\&amp;quot;大公国际资信评估有限公司\&amp;quot;,\&amp;quot;subject_name\&amp;quot;:\&amp;quot;邹平长城集团有限公司\&amp;quot;,\&amp;quot;subject_rating\&amp;quot;:\&amp;quot;AA\&amp;quot;,\&amp;quot;value\&amp;quot;:1529.85,\&amp;quot;value_ratio\&amp;quot;:16.17466240893996}]},\&amp;quot;message\&amp;quot;:\&amp;quot;成功\&amp;quot;}&amp;quot;">
      <![CDATA[java.lang.AssertionError: 
Expected: "{\"code\":0,\"data\":{\"chart\":[{\"count\":0,\"id\":\"\",\"last\":true,\"name\":\"调低\",\"ratio\":0},{\"count\":0,\"id\":\"\",\"last\":true,\"name\":\"调高\",\"ratio\":0},{\"count\":2,\"id\":\"\",\"last\":true,\"name\":\"维持\",\"ratio\":66.66666666666666},{\"count\":1,\"id\":\"\",\"last\":true,\"name\":\"首次\",\"ratio\":33.33333333333333}],\"table\":[{\"id\":\"\",\"last\":true,\"name\":\"16申信01\",\"rating_date\":\"2016-12-2900:00:00\",\"rating_name\":\"中诚信国际信用评级有限责任公司\",\"subject_name\":\"上海华信国际集团有限公司\",\"subject_rating\":\"AAA\",\"value\":328.635,\"value_ratio\":3.4745629837970937},{\"id\":\"\",\"last\":true,\"name\":\"16鲁万通\",\"rating_date\":\"2016-11-1800:00:00\",\"rating_name\":\"联合信用评级有限公司\",\"subject_name\":\"山东万通石油化工集团有限公司\",\"subject_rating\":\"AA\",\"value\":1552.5,\"value_ratio\":16.4141343202793},{\"id\":\"\",\"last\":true,\"name\":\"16纳通02\",\"rating_date\":\"2016-10-2400:00:00\",\"rating_name\":\"联合信用评级有限公司\",\"subject_name\":\"北京纳通科技集团有限公司\",\"subject_rating\":\"AA\",\"value\":1499.67,\"value_ratio\":15.855577981380522},{\"id\":\"\",\"last\":true,\"name\":\"16凤凰EB\",\"rating_date\":\"2016-07-2900:00:00\",\"rating_name\":\"上海新世纪资信评估投资服务有限公司\",\"subject_name\":\"江苏凤凰出版传媒集团有限公司\",\"subject_rating\":\"AAA\",\"value\":153.68678,\"value_ratio\":1.624885958242328},{\"id\":\"\",\"last\":true,\"name\":\"16长城01\",\"rating_date\":\"2016-07-2200:00:00\",\"rating_name\":\"大公国际资信评估有限公司\",\"subject_name\":\"邹平长城集团有限公司\",\"subject_rating\":\"AA\",\"value\":1529.85,\"value_ratio\":16.17466240893996}]},\"message\":\"成功\"}"
     but: was "{\"code\":0,\"data\":{\"chart\":[{\"count\":0,\"id\":\"\",\"last\":true,\"name\":\"调低\",\"ratio\":0},{\"count\":0,\"id\":\"\",\"last\":true,\"name\":\"调高\",\"ratio\":0},{\"count\":3,\"id\":\"\",\"last\":true,\"name\":\"维持\",\"ratio\":75},{\"count\":1,\"id\":\"\",\"last\":true,\"name\":\"首次\",\"ratio\":25}],\"table\":[{\"id\":\"\",\"last\":true,\"name\":\"16申信01\",\"rating_date\":\"2016-12-2900:00:00\",\"rating_name\":\"中诚信国际信用评级有限责任公司\",\"subject_name\":\"上海华信国际集团有限公司\",\"subject_rating\":\"AAA\",\"value\":328.635,\"value_ratio\":3.4745629837970937},{\"id\":\"\",\"last\":true,\"name\":\"16鲁万通\",\"rating_date\":\"2016-11-1800:00:00\",\"rating_name\":\"联合信用评级有限公司\",\"subject_name\":\"山东万通石油化工集团有限公司\",\"subject_rating\":\"AA\",\"value\":1552.5,\"value_ratio\":16.4141343202793},{\"id\":\"\",\"last\":true,\"name\":\"16纳通02\",\"rating_date\":\"2016-10-2400:00:00\",\"rating_name\":\"联合信用评级有限公司\",\"subject_name\":\"北京纳通科技集团有限公司\",\"subject_rating\":\"AA\",\"value\":1499.67,\"value_ratio\":15.855577981380522},{\"id\":\"\",\"last\":true,\"name\":\"16凤凰EB\",\"rating_date\":\"2016-07-2900:00:00\",\"rating_name\":\"上海新世纪资信评估投资服务有限公司\",\"subject_name\":\"江苏凤凰出版传媒集团有限公司\",\"subject_rating\":\"AAA\",\"value\":153.68678,\"value_ratio\":1.624885958242328},{\"id\":\"\",\"last\":true,\"name\":\"16长城01\",\"rating_date\":\"2016-07-2200:00:00\",\"rating_name\":\"大公国际资信评估有限公司\",\"subject_name\":\"邹平长城集团有限公司\",\"subject_rating\":\"AA\",\"value\":1529.85,\"value_ratio\":16.17466240893996}]},\"message\":\"成功\"}"
	at org.hamcrest.MatcherAssert.assertThat(MatcherAssert.java:20)
	at org.hamcrest.MatcherAssert.assertThat(MatcherAssert.java:8)
	at com.xyuan.ngtest.jx.test.report.get_subject_rating_analysis.get_subject_rating_analysis(get_subject_rating_analysis.java:32)
	at java.util.concurrent.FutureTask.run(Unknown Source)
	at java.util.concurrent.ThreadPoolExecutor.runWorker(Unknown Source)
	at java.util.concurrent.ThreadPoolExecutor$Worker.run(Unknown Source)
	at java.lang.Thread.run(Unknown Source)
... Removed 16 stack frames]]>
    </failure>
  </testcase> <!-- get_subject_rating_analysis -->
  <testcase name="get_position_analysis" time="0.148" classname="com.xyuan.ngtest.jx.test.report.get_position_analysis">
    <failure type="java.lang.AssertionError" message="
Expected: &amp;quot;{\&amp;quot;code\&amp;quot;:0,\&amp;quot;data\&amp;quot;:[{\&amp;quot;date\&amp;quot;:\&amp;quot;2016-11-15\&amp;quot;,\&amp;quot;first\&amp;quot;:true,\&amp;quot;id\&amp;quot;:\&amp;quot;\&amp;quot;,\&amp;quot;name\&amp;quot;:null,\&amp;quot;nav_yield\&amp;quot;:-0.018039215686274535,\&amp;quot;value_asset\&amp;quot;:46.85113858961684},{\&amp;quot;date\&amp;quot;:\&amp;quot;2016-11-16\&amp;quot;,\&amp;quot;first\&amp;quot;:true,\&amp;quot;id\&amp;quot;:\&amp;quot;\&amp;quot;,\&amp;quot;name\&amp;quot;:null,\&amp;quot;nav_yield\&amp;quot;:-0.012156862745097974,\&amp;quot;value_asset\&amp;quot;:105.19832758266186},{\&amp;quot;date\&amp;quot;:\&amp;quot;2016-11-17\&amp;quot;,\&amp;quot;first\&amp;quot;:true,\&amp;quot;id\&amp;quot;:\&amp;quot;\&amp;quot;,\&amp;quot;name\&amp;quot;:null,\&amp;quot;nav_yield\&amp;quot;:-0.011960784313725492,\&amp;quot;value_asset\&amp;quot;:105.18033998495889},{\&amp;quot;date\&amp;quot;:\&amp;quot;2016-11-18\&amp;quot;,\&amp;quot;first\&amp;quot;:true,\&amp;quot;id\&amp;quot;:\&amp;quot;\&amp;quot;,\&amp;quot;name\&amp;quot;:null,\&amp;quot;nav_yield\&amp;quot;:-0.013039215686274641,\&amp;quot;value_asset\&amp;quot;:105.3370293496175},{\&amp;quot;date\&amp;quot;:\&amp;quot;2016-11-21\&amp;quot;,\&amp;quot;first\&amp;quot;:true,\&amp;quot;id\&amp;quot;:\&amp;quot;\&amp;quot;,\&amp;quot;name\&amp;quot;:null,\&amp;quot;nav_yield\&amp;quot;:-0.012352941176470567,\&amp;quot;value_asset\&amp;quot;:122.48991640829927},{\&amp;quot;date\&amp;quot;:\&amp;quot;2016-11-22\&amp;quot;,\&amp;quot;first\&amp;quot;:true,\&amp;quot;id\&amp;quot;:\&amp;quot;\&amp;quot;,\&amp;quot;name\&amp;quot;:null,\&amp;quot;nav_yield\&amp;quot;:-0.011960784313725492,\&amp;quot;value_asset\&amp;quot;:122.46185149812587},{\&amp;quot;date\&amp;quot;:\&amp;quot;2016-11-23\&amp;quot;,\&amp;quot;first\&amp;quot;:true,\&amp;quot;id\&amp;quot;:\&amp;quot;\&amp;quot;,\&amp;quot;name\&amp;quot;:null,\&amp;quot;nav_yield\&amp;quot;:-0.011176470588235343,\&amp;quot;value_asset\&amp;quot;:122.42553525436816},{\&amp;quot;date\&amp;quot;:\&amp;quot;2016-11-24\&amp;quot;,\&amp;quot;first\&amp;quot;:true,\&amp;quot;id\&amp;quot;:\&amp;quot;\&amp;quot;,\&amp;quot;name\&amp;quot;:null,\&amp;quot;nav_yield\&amp;quot;:-0.010882352941176565,\&amp;quot;value_asset\&amp;quot;:122.40000805124095},{\&amp;quot;date\&amp;quot;:\&amp;quot;2016-11-25\&amp;quot;,\&amp;quot;first\&amp;quot;:true,\&amp;quot;id\&amp;quot;:\&amp;quot;\&amp;quot;,\&amp;quot;name\&amp;quot;:null,\&amp;quot;nav_yield\&amp;quot;:-0.011176470588235343,\&amp;quot;value_asset\&amp;quot;:122.4346211453297},{\&amp;quot;date\&amp;quot;:\&amp;quot;2016-11-28\&amp;quot;,\&amp;quot;first\&amp;quot;:true,\&amp;quot;id\&amp;quot;:\&amp;quot;\&amp;quot;,\&amp;quot;name\&amp;quot;:null,\&amp;quot;nav_yield\&amp;quot;:-0.010588235294117565,\&amp;quot;value_asset\&amp;quot;:122.36533276467073},{\&amp;quot;date\&amp;quot;:\&amp;quot;2016-11-29\&amp;quot;,\&amp;quot;first\&amp;quot;:true,\&amp;quot;id\&amp;quot;:\&amp;quot;\&amp;quot;,\&amp;quot;name\&amp;quot;:null,\&amp;quot;nav_yield\&amp;quot;:-0.010980392156862862,\&amp;quot;value_asset\&amp;quot;:122.3561065408291},{\&amp;quot;date\&amp;quot;:\&amp;quot;2016-11-30\&amp;quot;,\&amp;quot;first\&amp;quot;:true,\&amp;quot;id\&amp;quot;:\&amp;quot;\&amp;quot;,\&amp;quot;name\&amp;quot;:null,\&amp;quot;nav_yield\&amp;quot;:-0.010882352941176565,\&amp;quot;value_asset\&amp;quot;:122.33630132275543},{\&amp;quot;date\&amp;quot;:\&amp;quot;2016-12-01\&amp;quot;,\&amp;quot;first\&amp;quot;:true,\&amp;quot;id\&amp;quot;:\&amp;quot;\&amp;quot;,\&amp;quot;name\&amp;quot;:null,\&amp;quot;nav_yield\&amp;quot;:-0.0037254901960784848,\&amp;quot;value_asset\&amp;quot;:122.15900735490797},{\&amp;quot;date\&amp;quot;:\&amp;quot;2016-12-02\&amp;quot;,\&amp;quot;first\&amp;quot;:true,\&amp;quot;id\&amp;quot;:\&amp;quot;\&amp;quot;,\&amp;quot;name\&amp;quot;:null,\&amp;quot;nav_yield\&amp;quot;:-0.005490196078431375,\&amp;quot;value_asset\&amp;quot;:122.32335533758415},{\&amp;quot;date\&amp;quot;:\&amp;quot;2016-12-05\&amp;quot;,\&amp;quot;first\&amp;quot;:true,\&amp;quot;id\&amp;quot;:\&amp;quot;\&amp;quot;,\&amp;quot;name\&amp;quot;:null,\&amp;quot;nav_yield\&amp;quot;:-0.0031372549019609286,\&amp;quot;value_asset\&amp;quot;:122.21281787345629},{\&amp;quot;date\&amp;quot;:\&amp;quot;2016-12-06\&amp;quot;,\&amp;quot;first\&amp;quot;:true,\&amp;quot;id\&amp;quot;:\&amp;quot;\&amp;quot;,\&amp;quot;name\&amp;quot;:null,\&amp;quot;nav_yield\&amp;quot;:-0.002941176470588336,\&amp;quot;value_asset\&amp;quot;:122.19008278124178},{\&amp;quot;date\&amp;quot;:\&amp;quot;2016-12-07\&amp;quot;,\&amp;quot;first\&amp;quot;:true,\&amp;quot;id\&amp;quot;:\&amp;quot;\&amp;quot;,\&amp;quot;name\&amp;quot;:null,\&amp;quot;nav_yield\&amp;quot;:-0.0028431372549020395,\&amp;quot;value_asset\&amp;quot;:122.16909205139662},{\&amp;quot;date\&amp;quot;:\&amp;quot;2016-12-08\&amp;quot;,\&amp;quot;first\&amp;quot;:true,\&amp;quot;id\&amp;quot;:\&amp;quot;\&amp;quot;,\&amp;quot;name\&amp;quot;:null,\&amp;quot;nav_yield\&amp;quot;:-0.0026470588235293357,\&amp;quot;value_asset\&amp;quot;:122.14507914739713},{\&amp;quot;date\&amp;quot;:\&amp;quot;2016-12-09\&amp;quot;,\&amp;quot;first\&amp;quot;:true,\&amp;quot;id\&amp;quot;:\&amp;quot;\&amp;quot;,\&amp;quot;name\&amp;quot;:null,\&amp;quot;nav_yield\&amp;quot;:-0.0030392156862746322,\&amp;quot;value_asset\&amp;quot;:122.19666964963801},{\&amp;quot;date\&amp;quot;:\&amp;quot;2016-12-12\&amp;quot;,\&amp;quot;first\&amp;quot;:true,\&amp;quot;id\&amp;quot;:\&amp;quot;\&amp;quot;,\&amp;quot;name\&amp;quot;:null,\&amp;quot;nav_yield\&amp;quot;:-0.0028431372549020395,\&amp;quot;value_asset\&amp;quot;:130.7089196801729},{\&amp;quot;date\&amp;quot;:\&amp;quot;2016-12-13\&amp;quot;,\&amp;quot;first\&amp;quot;:true,\&amp;quot;id\&amp;quot;:\&amp;quot;\&amp;quot;,\&amp;quot;name\&amp;quot;:null,\&amp;quot;nav_yield\&amp;quot;:-0.0028431372549020395,\&amp;quot;value_asset\&amp;quot;:130.68996550169228},{\&amp;quot;date\&amp;quot;:\&amp;quot;2016-12-14\&amp;quot;,\&amp;quot;first\&amp;quot;:true,\&amp;quot;id\&amp;quot;:\&amp;quot;\&amp;quot;,\&amp;quot;name\&amp;quot;:null,\&amp;quot;nav_yield\&amp;quot;:-0.0025490196078430394,\&amp;quot;value_asset\&amp;quot;:130.66181953529846},{\&amp;quot;date\&amp;quot;:\&amp;quot;2016-12-15\&amp;quot;,\&amp;quot;first\&amp;quot;:true,\&amp;quot;id\&amp;quot;:\&amp;quot;\&amp;quot;,\&amp;quot;name\&amp;quot;:null,\&amp;quot;nav_yield\&amp;quot;:-0.002450980392156854,\&amp;quot;value_asset\&amp;quot;:123.89412805455416},{\&amp;quot;date\&amp;quot;:\&amp;quot;2016-12-16\&amp;quot;,\&amp;quot;first\&amp;quot;:true,\&amp;quot;id\&amp;quot;:\&amp;quot;\&amp;quot;,\&amp;quot;name\&amp;quot;:null,\&amp;quot;nav_yield\&amp;quot;:-0.0023529411764705577,\&amp;quot;value_asset\&amp;quot;:123.87513978773956},{\&amp;quot;date\&amp;quot;:\&amp;quot;2016-12-19\&amp;quot;,\&amp;quot;first\&amp;quot;:true,\&amp;quot;id\&amp;quot;:\&amp;quot;\&amp;quot;,\&amp;quot;name\&amp;quot;:null,\&amp;quot;nav_yield\&amp;quot;:-0.0023529411764705577,\&amp;quot;value_asset\&amp;quot;:123.81742663396051},{\&amp;quot;date\&amp;quot;:\&amp;quot;2016-12-20\&amp;quot;,\&amp;quot;first\&amp;quot;:true,\&amp;quot;id\&amp;quot;:\&amp;quot;\&amp;quot;,\&amp;quot;name\&amp;quot;:null,\&amp;quot;nav_yield\&amp;quot;:-0.0026470588235293357,\&amp;quot;value_asset\&amp;quot;:123.80837086094603},{\&amp;quot;date\&amp;quot;:\&amp;quot;2016-12-21\&amp;quot;,\&amp;quot;first\&amp;quot;:true,\&amp;quot;id\&amp;quot;:\&amp;quot;\&amp;quot;,\&amp;quot;name\&amp;quot;:null,\&amp;quot;nav_yield\&amp;quot;:-0.001078431372549149,\&amp;quot;value_asset\&amp;quot;:123.72596479739153},{\&amp;quot;date\&amp;quot;:\&amp;quot;2016-12-22\&amp;quot;,\&amp;quot;first\&amp;quot;:true,\&amp;quot;id\&amp;quot;:\&amp;quot;\&amp;quot;,\&amp;quot;name\&amp;quot;:null,\&amp;quot;nav_yield\&amp;quot;:-7.843137254901489E-4,\&amp;quot;value_asset\&amp;quot;:123.70182834947884},{\&amp;quot;date\&amp;quot;:\&amp;quot;2016-12-27\&amp;quot;,\&amp;quot;first\&amp;quot;:true,\&amp;quot;id\&amp;quot;:\&amp;quot;\&amp;quot;,\&amp;quot;name\&amp;quot;:null,\&amp;quot;nav_yield\&amp;quot;:-9.803921568629637E-5,\&amp;quot;value_asset\&amp;quot;:123.64446494726751},{\&amp;quot;date\&amp;quot;:\&amp;quot;2016-12-28\&amp;quot;,\&amp;quot;first\&amp;quot;:true,\&amp;quot;id\&amp;quot;:\&amp;quot;\&amp;quot;,\&amp;quot;name\&amp;quot;:null,\&amp;quot;nav_yield\&amp;quot;:0,\&amp;quot;value_asset\&amp;quot;:123.62521324638958},{\&amp;quot;date\&amp;quot;:\&amp;quot;2016-12-29\&amp;quot;,\&amp;quot;first\&amp;quot;:true,\&amp;quot;id\&amp;quot;:\&amp;quot;\&amp;quot;,\&amp;quot;name\&amp;quot;:null,\&amp;quot;nav_yield\&amp;quot;:9.803921568618534E-5,\&amp;quot;value_asset\&amp;quot;:123.61423675253313},{\&amp;quot;date\&amp;quot;:\&amp;quot;2016-12-30\&amp;quot;,\&amp;quot;first\&amp;quot;:true,\&amp;quot;id\&amp;quot;:\&amp;quot;\&amp;quot;,\&amp;quot;name\&amp;quot;:null,\&amp;quot;nav_yield\&amp;quot;:9.803921568618534E-5,\&amp;quot;value_asset\&amp;quot;:123.62674646698578}],\&amp;quot;message\&amp;quot;:\&amp;quot;成功\&amp;quot;}&amp;quot;
     but: was &amp;quot;{\&amp;quot;code\&amp;quot;:0,\&amp;quot;data\&amp;quot;:[{\&amp;quot;date\&amp;quot;:\&amp;quot;2016-10-21\&amp;quot;,\&amp;quot;first\&amp;quot;:true,\&amp;quot;id\&amp;quot;:\&amp;quot;\&amp;quot;,\&amp;quot;name\&amp;quot;:null,\&amp;quot;nav_yield\&amp;quot;:-0.019607843137254943,\&amp;quot;value_asset\&amp;quot;:0},{\&amp;quot;date\&amp;quot;:\&amp;quot;2016-10-24\&amp;quot;,\&amp;quot;first\&amp;quot;:true,\&amp;quot;id\&amp;quot;:\&amp;quot;\&amp;quot;,\&amp;quot;name\&amp;quot;:null,\&amp;quot;nav_yield\&amp;quot;:-0.019607843137254943,\&amp;quot;value_asset\&amp;quot;:0},{\&amp;quot;date\&amp;quot;:\&amp;quot;2016-10-25\&amp;quot;,\&amp;quot;first\&amp;quot;:true,\&amp;quot;id\&amp;quot;:\&amp;quot;\&amp;quot;,\&amp;quot;name\&amp;quot;:null,\&amp;quot;nav_yield\&amp;quot;:-0.01970588235294113,\&amp;quot;value_asset\&amp;quot;:0},{\&amp;quot;date\&amp;quot;:\&amp;quot;2016-10-26\&amp;quot;,\&amp;quot;first\&amp;quot;:true,\&amp;quot;id\&amp;quot;:\&amp;quot;\&amp;quot;,\&amp;quot;name\&amp;quot;:null,\&amp;quot;nav_yield\&amp;quot;:-0.01970588235294113,\&amp;quot;value_asset\&amp;quot;:0},{\&amp;quot;date\&amp;quot;:\&amp;quot;2016-10-27\&amp;quot;,\&amp;quot;first\&amp;quot;:true,\&amp;quot;id\&amp;quot;:\&amp;quot;\&amp;quot;,\&amp;quot;name\&amp;quot;:null,\&amp;quot;nav_yield\&amp;quot;:-0.01970588235294113,\&amp;quot;value_asset\&amp;quot;:0},{\&amp;quot;date\&amp;quot;:\&amp;quot;2016-10-31\&amp;quot;,\&amp;quot;first\&amp;quot;:true,\&amp;quot;id\&amp;quot;:\&amp;quot;\&amp;quot;,\&amp;quot;name\&amp;quot;:null,\&amp;quot;nav_yield\&amp;quot;:-0.01970588235294113,\&amp;quot;value_asset\&amp;quot;:0},{\&amp;quot;date\&amp;quot;:\&amp;quot;2016-11-01\&amp;quot;,\&amp;quot;first\&amp;quot;:true,\&amp;quot;id\&amp;quot;:\&amp;quot;\&amp;quot;,\&amp;quot;name\&amp;quot;:null,\&amp;quot;nav_yield\&amp;quot;:-0.019607843137254943,\&amp;quot;value_asset\&amp;quot;:0},{\&amp;quot;date\&amp;quot;:\&amp;quot;2016-11-02\&amp;quot;,\&amp;quot;first\&amp;quot;:true,\&amp;quot;id\&amp;quot;:\&amp;quot;\&amp;quot;,\&amp;quot;name\&amp;quot;:null,\&amp;quot;nav_yield\&amp;quot;:-0.019509803921568647,\&amp;quot;value_asset\&amp;quot;:0},{\&amp;quot;date\&amp;quot;:\&amp;quot;2016-11-03\&amp;quot;,\&amp;quot;first\&amp;quot;:true,\&amp;quot;id\&amp;quot;:\&amp;quot;\&amp;quot;,\&amp;quot;name\&amp;quot;:null,\&amp;quot;nav_yield\&amp;quot;:-0.019509803921568647,\&amp;quot;value_asset\&amp;quot;:0},{\&amp;quot;date\&amp;quot;:\&amp;quot;2016-11-04\&amp;quot;,\&amp;quot;first\&amp;quot;:true,\&amp;quot;id\&amp;quot;:\&amp;quot;\&amp;quot;,\&amp;quot;name\&amp;quot;:null,\&amp;quot;nav_yield\&amp;quot;:-0.01941176470588235,\&amp;quot;value_asset\&amp;quot;:0},{\&amp;quot;date\&amp;quot;:\&amp;quot;2016-11-07\&amp;quot;,\&amp;quot;first\&amp;quot;:true,\&amp;quot;id\&amp;quot;:\&amp;quot;\&amp;quot;,\&amp;quot;name\&amp;quot;:null,\&amp;quot;nav_yield\&amp;quot;:-0.01941176470588235,\&amp;quot;value_asset\&amp;quot;:0},{\&amp;quot;date\&amp;quot;:\&amp;quot;2016-11-08\&amp;quot;,\&amp;quot;first\&amp;quot;:true,\&amp;quot;id\&amp;quot;:\&amp;quot;\&amp;quot;,\&amp;quot;name\&amp;quot;:null,\&amp;quot;nav_yield\&amp;quot;:-0.019313725490196165,\&amp;quot;value_asset\&amp;quot;:0},{\&amp;quot;date\&amp;quot;:\&amp;quot;2016-11-09\&amp;quot;,\&amp;quot;first\&amp;quot;:true,\&amp;quot;id\&amp;quot;:\&amp;quot;\&amp;quot;,\&amp;quot;name\&amp;quot;:null,\&amp;quot;nav_yield\&amp;quot;:-0.01921568627450987,\&amp;quot;value_asset\&amp;quot;:0},{\&amp;quot;date\&amp;quot;:\&amp;quot;2016-11-10\&amp;quot;,\&amp;quot;first\&amp;quot;:true,\&amp;quot;id\&amp;quot;:\&amp;quot;\&amp;quot;,\&amp;quot;name\&amp;quot;:null,\&amp;quot;nav_yield\&amp;quot;:-0.01921568627450987,\&amp;quot;value_asset\&amp;quot;:0},{\&amp;quot;date\&amp;quot;:\&amp;quot;2016-11-11\&amp;quot;,\&amp;quot;first\&amp;quot;:true,\&amp;quot;id\&amp;quot;:\&amp;quot;\&amp;quot;,\&amp;quot;name\&amp;quot;:null,\&amp;quot;nav_yield\&amp;quot;:-0.019117647058823573,\&amp;quot;value_asset\&amp;quot;:0},{\&amp;quot;date\&amp;quot;:\&amp;quot;2016-11-14\&amp;quot;,\&amp;quot;first\&amp;quot;:true,\&amp;quot;id\&amp;quot;:\&amp;quot;\&amp;quot;,\&amp;quot;name\&amp;quot;:null,\&amp;quot;nav_yield\&amp;quot;:-0.019117647058823573,\&amp;quot;value_asset\&amp;quot;:0},{\&amp;quot;date\&amp;quot;:\&amp;quot;2016-11-15\&amp;quot;,\&amp;quot;first\&amp;quot;:true,\&amp;quot;id\&amp;quot;:\&amp;quot;\&amp;quot;,\&amp;quot;name\&amp;quot;:null,\&amp;quot;nav_yield\&amp;quot;:-0.018039215686274535,\&amp;quot;value_asset\&amp;quot;:47.562221554199844},{\&amp;quot;date\&amp;quot;:\&amp;quot;2016-11-16\&amp;quot;,\&amp;quot;first\&amp;quot;:true,\&amp;quot;id\&amp;quot;:\&amp;quot;\&amp;quot;,\&amp;quot;name\&amp;quot;:null,\&amp;quot;nav_yield\&amp;quot;:-0.012156862745097974,\&amp;quot;value_asset\&amp;quot;:107.48130061429207},{\&amp;quot;date\&amp;quot;:\&amp;quot;2016-11-17\&amp;quot;,\&amp;quot;first\&amp;quot;:true,\&amp;quot;id\&amp;quot;:\&amp;quot;\&amp;quot;,\&amp;quot;name\&amp;quot;:null,\&amp;quot;nav_yield\&amp;quot;:-0.011960784313725492,\&amp;quot;value_asset\&amp;quot;:107.48140315626354},{\&amp;quot;date\&amp;quot;:\&amp;quot;2016-11-18\&amp;quot;,\&amp;quot;first\&amp;quot;:true,\&amp;quot;id\&amp;quot;:\&amp;quot;\&amp;quot;,\&amp;quot;name\&amp;quot;:null,\&amp;quot;nav_yield\&amp;quot;:-0.013039215686274641,\&amp;quot;value_asset\&amp;quot;:107.65913713238629},{\&amp;quot;date\&amp;quot;:\&amp;quot;2016-11-21\&amp;quot;,\&amp;quot;first\&amp;quot;:true,\&amp;quot;id\&amp;quot;:\&amp;quot;\&amp;quot;,\&amp;quot;name\&amp;quot;:null,\&amp;quot;nav_yield\&amp;quot;:-0.012352941176470567,\&amp;quot;value_asset\&amp;quot;:126.20134752101038},{\&amp;quot;date\&amp;quot;:\&amp;quot;2016-11-22\&amp;quot;,\&amp;quot;first\&amp;quot;:true,\&amp;quot;id\&amp;quot;:\&amp;quot;\&amp;quot;,\&amp;quot;name\&amp;quot;:null,\&amp;quot;nav_yield\&amp;quot;:-0.011960784313725492,\&amp;quot;value_asset\&amp;quot;:126.19416791150672},{\&amp;quot;date\&amp;quot;:\&amp;quot;2016-11-23\&amp;quot;,\&amp;quot;first\&amp;quot;:true,\&amp;quot;id\&amp;quot;:\&amp;quot;\&amp;quot;,\&amp;quot;name\&amp;quot;:null,\&amp;quot;nav_yield\&amp;quot;:-0.011176470588235343,\&amp;quot;value_asset\&amp;quot;:126.17735012879523},{\&amp;quot;date\&amp;quot;:\&amp;quot;2016-11-24\&amp;quot;,\&amp;quot;first\&amp;quot;:true,\&amp;quot;id\&amp;quot;:\&amp;quot;\&amp;quot;,\&amp;quot;name\&amp;quot;:null,\&amp;quot;nav_yield\&amp;quot;:-0.010882352941176565,\&amp;quot;value_asset\&amp;quot;:126.1730944246088},{\&amp;quot;date\&amp;quot;:\&amp;quot;2016-11-25\&amp;quot;,\&amp;quot;first\&amp;quot;:true,\&amp;quot;id\&amp;quot;:\&amp;quot;\&amp;quot;,\&amp;quot;name\&amp;quot;:null,\&amp;quot;nav_yield\&amp;quot;:-0.011176470588235343,\&amp;quot;value_asset\&amp;quot;:126.23095400605624},{\&amp;quot;date\&amp;quot;:\&amp;quot;2016-11-28\&amp;quot;,\&amp;quot;first\&amp;quot;:true,\&amp;quot;id\&amp;quot;:\&amp;quot;\&amp;quot;,\&amp;quot;name\&amp;quot;:null,\&amp;quot;nav_yield\&amp;quot;:-0.010588235294117565,\&amp;quot;value_asset\&amp;quot;:126.22407760175543},{\&amp;quot;date\&amp;quot;:\&amp;quot;2016-11-29\&amp;quot;,\&amp;quot;first\&amp;quot;:true,\&amp;quot;id\&amp;quot;:\&amp;quot;\&amp;quot;,\&amp;quot;name\&amp;quot;:null,\&amp;quot;nav_yield\&amp;quot;:-0.010980392156862862,\&amp;quot;value_asset\&amp;quot;:125.9163827777814},{\&amp;quot;date\&amp;quot;:\&amp;quot;2016-11-30\&amp;quot;,\&amp;quot;first\&amp;quot;:true,\&amp;quot;id\&amp;quot;:\&amp;quot;\&amp;quot;,\&amp;quot;name\&amp;quot;:null,\&amp;quot;nav_yield\&amp;quot;:-0.010882352941176565,\&amp;quot;value_asset\&amp;quot;:125.91857498506009},{\&amp;quot;date\&amp;quot;:\&amp;quot;2016-12-01\&amp;quot;,\&amp;quot;first\&amp;quot;:true,\&amp;quot;id\&amp;quot;:\&amp;quot;\&amp;quot;,\&amp;quot;name\&amp;quot;:null,\&amp;quot;nav_yield\&amp;quot;:-0.0037254901960784848,\&amp;quot;value_asset\&amp;quot;:125.73775933723354},{\&amp;quot;date\&amp;quot;:\&amp;quot;2016-12-02\&amp;quot;,\&amp;quot;first\&amp;quot;:true,\&amp;quot;id\&amp;quot;:\&amp;quot;\&amp;quot;,\&amp;quot;name\&amp;quot;:null,\&amp;quot;nav_yield\&amp;quot;:-0.005490196078431375,\&amp;quot;value_asset\&amp;quot;:125.93054660358871},{\&amp;quot;date\&amp;quot;:\&amp;quot;2016-12-05\&amp;quot;,\&amp;quot;first\&amp;quot;:true,\&amp;quot;id\&amp;quot;:\&amp;quot;\&amp;quot;,\&amp;quot;name\&amp;quot;:null,\&amp;quot;nav_yield\&amp;quot;:-0.0031372549019609286,\&amp;quot;value_asset\&amp;quot;:123.2024305746292},{\&amp;quot;date\&amp;quot;:\&amp;quot;2016-12-06\&amp;quot;,\&amp;quot;first\&amp;quot;:true,\&amp;quot;id\&amp;quot;:\&amp;quot;\&amp;quot;,\&amp;quot;name\&amp;quot;:null,\&amp;quot;nav_yield\&amp;quot;:-0.002941176470588336,\&amp;quot;value_asset\&amp;quot;:123.20169955405058},{\&amp;quot;date\&amp;quot;:\&amp;quot;2016-12-07\&amp;quot;,\&amp;quot;first\&amp;quot;:true,\&amp;quot;id\&amp;quot;:\&amp;quot;\&amp;quot;,\&amp;quot;name\&amp;quot;:null,\&amp;quot;nav_yield\&amp;quot;:-0.0028431372549020395,\&amp;quot;value_asset\&amp;quot;:123.20278493190166},{\&amp;quot;date\&amp;quot;:\&amp;quot;2016-12-08\&amp;quot;,\&amp;quot;first\&amp;quot;:true,\&amp;quot;id\&amp;quot;:\&amp;quot;\&amp;quot;,\&amp;quot;name\&amp;quot;:null,\&amp;quot;nav_yield\&amp;quot;:-0.0026470588235293357,\&amp;quot;value_asset\&amp;quot;:123.20070230696061},{\&amp;quot;date\&amp;quot;:\&amp;quot;2016-12-09\&amp;quot;,\&amp;quot;first\&amp;quot;:true,\&amp;quot;id\&amp;quot;:\&amp;quot;\&amp;quot;,\&amp;quot;name\&amp;quot;:null,\&amp;quot;nav_yield\&amp;quot;:-0.0030392156862746322,\&amp;quot;value_asset\&amp;quot;:123.27488013956145},{\&amp;quot;date\&amp;quot;:\&amp;quot;2016-12-12\&amp;quot;,\&amp;quot;first\&amp;quot;:true,\&amp;quot;id\&amp;quot;:\&amp;quot;\&amp;quot;,\&amp;quot;name\&amp;quot;:null,\&amp;quot;nav_yield\&amp;quot;:-0.0028431372549020395,\&amp;quot;value_asset\&amp;quot;:131.92529737501602},{\&amp;quot;date\&amp;quot;:\&amp;quot;2016-12-13\&amp;quot;,\&amp;quot;first\&amp;quot;:true,\&amp;quot;id\&amp;quot;:\&amp;quot;\&amp;quot;,\&amp;quot;name\&amp;quot;:null,\&amp;quot;nav_yield\&amp;quot;:-0.0028431372549020395,\&amp;quot;value_asset\&amp;quot;:131.9292991213227},{\&amp;quot;date\&amp;quot;:\&amp;quot;2016-12-14\&amp;quot;,\&amp;quot;first\&amp;quot;:true,\&amp;quot;id\&amp;quot;:\&amp;quot;\&amp;quot;,\&amp;quot;name\&amp;quot;:null,\&amp;quot;nav_yield\&amp;quot;:-0.0025490196078430394,\&amp;quot;value_asset\&amp;quot;:131.92372700259045},{\&amp;quot;date\&amp;quot;:\&amp;quot;2016-12-15\&amp;quot;,\&amp;quot;first\&amp;quot;:true,\&amp;quot;id\&amp;quot;:\&amp;quot;\&amp;quot;,\&amp;quot;name\&amp;quot;:null,\&amp;quot;nav_yield\&amp;quot;:-0.002450980392156854,\&amp;quot;value_asset\&amp;quot;:125.14369334036206},{\&amp;quot;date\&amp;quot;:\&amp;quot;2016-12-16\&amp;quot;,\&amp;quot;first\&amp;quot;:true,\&amp;quot;id\&amp;quot;:\&amp;quot;\&amp;quot;,\&amp;quot;name\&amp;quot;:null,\&amp;quot;nav_yield\&amp;quot;:-0.0023529411764705577,\&amp;quot;value_asset\&amp;quot;:125.14636969875464},{\&amp;quot;date\&amp;quot;:\&amp;quot;2016-12-19\&amp;quot;,\&amp;quot;first\&amp;quot;:true,\&amp;quot;id\&amp;quot;:\&amp;quot;\&amp;quot;,\&amp;quot;name\&amp;quot;:null,\&amp;quot;nav_yield\&amp;quot;:-0.0023529411764705577,\&amp;quot;value_asset\&amp;quot;:125.15414180243441},{\&amp;quot;date\&amp;quot;:\&amp;quot;2016-12-20\&amp;quot;,\&amp;quot;first\&amp;quot;:true,\&amp;quot;id\&amp;quot;:\&amp;quot;\&amp;quot;,\&amp;quot;name\&amp;quot;:null,\&amp;quot;nav_yield\&amp;quot;:-0.0026470588235293357,\&amp;quot;value_asset\&amp;quot;:125.16733850602408},{\&amp;quot;date\&amp;quot;:\&amp;quot;2016-12-21\&amp;quot;,\&amp;quot;first\&amp;quot;:true,\&amp;quot;id\&amp;quot;:\&amp;quot;\&amp;quot;,\&amp;quot;name\&amp;quot;:null,\&amp;quot;nav_yield\&amp;quot;:-0.001078431372549149,\&amp;quot;value_asset\&amp;quot;:125.10452615969365},{\&amp;quot;date\&amp;quot;:\&amp;quot;2016-12-22\&amp;quot;,\&amp;quot;first\&amp;quot;:true,\&amp;quot;id\&amp;quot;:\&amp;quot;\&amp;quot;,\&amp;quot;name\&amp;quot;:null,\&amp;quot;nav_yield\&amp;quot;:-7.843137254901489E-4,\&amp;quot;value_asset\&amp;quot;:125.10181476953429},{\&amp;quot;date\&amp;quot;:\&amp;quot;2016-12-27\&amp;quot;,\&amp;quot;first\&amp;quot;:true,\&amp;quot;id\&amp;quot;:\&amp;quot;\&amp;quot;,\&amp;quot;name\&amp;quot;:null,\&amp;quot;nav_yield\&amp;quot;:-9.803921568629637E-5,\&amp;quot;value_asset\&amp;quot;:125.15242413808025},{\&amp;quot;date\&amp;quot;:\&amp;quot;2016-12-28\&amp;quot;,\&amp;quot;first\&amp;quot;:true,\&amp;quot;id\&amp;quot;:\&amp;quot;\&amp;quot;,\&amp;quot;name\&amp;quot;:null,\&amp;quot;nav_yield\&amp;quot;:0,\&amp;quot;value_asset\&amp;quot;:125.15478865288867},{\&amp;quot;date\&amp;quot;:\&amp;quot;2016-12-29\&amp;quot;,\&amp;quot;first\&amp;quot;:true,\&amp;quot;id\&amp;quot;:\&amp;quot;\&amp;quot;,\&amp;quot;name\&amp;quot;:null,\&amp;quot;nav_yield\&amp;quot;:9.803921568618534E-5,\&amp;quot;value_asset\&amp;quot;:125.16541193752948},{\&amp;quot;date\&amp;quot;:\&amp;quot;2016-12-30\&amp;quot;,\&amp;quot;first\&amp;quot;:true,\&amp;quot;id\&amp;quot;:\&amp;quot;\&amp;quot;,\&amp;quot;name\&amp;quot;:null,\&amp;quot;nav_yield\&amp;quot;:9.803921568618534E-5,\&amp;quot;value_asset\&amp;quot;:125.19968009835371}],\&amp;quot;message\&amp;quot;:\&amp;quot;成功\&amp;quot;}&amp;quot;">
      <![CDATA[java.lang.AssertionError: 
Expected: "{\"code\":0,\"data\":[{\"date\":\"2016-11-15\",\"first\":true,\"id\":\"\",\"name\":null,\"nav_yield\":-0.018039215686274535,\"value_asset\":46.85113858961684},{\"date\":\"2016-11-16\",\"first\":true,\"id\":\"\",\"name\":null,\"nav_yield\":-0.012156862745097974,\"value_asset\":105.19832758266186},{\"date\":\"2016-11-17\",\"first\":true,\"id\":\"\",\"name\":null,\"nav_yield\":-0.011960784313725492,\"value_asset\":105.18033998495889},{\"date\":\"2016-11-18\",\"first\":true,\"id\":\"\",\"name\":null,\"nav_yield\":-0.013039215686274641,\"value_asset\":105.3370293496175},{\"date\":\"2016-11-21\",\"first\":true,\"id\":\"\",\"name\":null,\"nav_yield\":-0.012352941176470567,\"value_asset\":122.48991640829927},{\"date\":\"2016-11-22\",\"first\":true,\"id\":\"\",\"name\":null,\"nav_yield\":-0.011960784313725492,\"value_asset\":122.46185149812587},{\"date\":\"2016-11-23\",\"first\":true,\"id\":\"\",\"name\":null,\"nav_yield\":-0.011176470588235343,\"value_asset\":122.42553525436816},{\"date\":\"2016-11-24\",\"first\":true,\"id\":\"\",\"name\":null,\"nav_yield\":-0.010882352941176565,\"value_asset\":122.40000805124095},{\"date\":\"2016-11-25\",\"first\":true,\"id\":\"\",\"name\":null,\"nav_yield\":-0.011176470588235343,\"value_asset\":122.4346211453297},{\"date\":\"2016-11-28\",\"first\":true,\"id\":\"\",\"name\":null,\"nav_yield\":-0.010588235294117565,\"value_asset\":122.36533276467073},{\"date\":\"2016-11-29\",\"first\":true,\"id\":\"\",\"name\":null,\"nav_yield\":-0.010980392156862862,\"value_asset\":122.3561065408291},{\"date\":\"2016-11-30\",\"first\":true,\"id\":\"\",\"name\":null,\"nav_yield\":-0.010882352941176565,\"value_asset\":122.33630132275543},{\"date\":\"2016-12-01\",\"first\":true,\"id\":\"\",\"name\":null,\"nav_yield\":-0.0037254901960784848,\"value_asset\":122.15900735490797},{\"date\":\"2016-12-02\",\"first\":true,\"id\":\"\",\"name\":null,\"nav_yield\":-0.005490196078431375,\"value_asset\":122.32335533758415},{\"date\":\"2016-12-05\",\"first\":true,\"id\":\"\",\"name\":null,\"nav_yield\":-0.0031372549019609286,\"value_asset\":122.21281787345629},{\"date\":\"2016-12-06\",\"first\":true,\"id\":\"\",\"name\":null,\"nav_yield\":-0.002941176470588336,\"value_asset\":122.19008278124178},{\"date\":\"2016-12-07\",\"first\":true,\"id\":\"\",\"name\":null,\"nav_yield\":-0.0028431372549020395,\"value_asset\":122.16909205139662},{\"date\":\"2016-12-08\",\"first\":true,\"id\":\"\",\"name\":null,\"nav_yield\":-0.0026470588235293357,\"value_asset\":122.14507914739713},{\"date\":\"2016-12-09\",\"first\":true,\"id\":\"\",\"name\":null,\"nav_yield\":-0.0030392156862746322,\"value_asset\":122.19666964963801},{\"date\":\"2016-12-12\",\"first\":true,\"id\":\"\",\"name\":null,\"nav_yield\":-0.0028431372549020395,\"value_asset\":130.7089196801729},{\"date\":\"2016-12-13\",\"first\":true,\"id\":\"\",\"name\":null,\"nav_yield\":-0.0028431372549020395,\"value_asset\":130.68996550169228},{\"date\":\"2016-12-14\",\"first\":true,\"id\":\"\",\"name\":null,\"nav_yield\":-0.0025490196078430394,\"value_asset\":130.66181953529846},{\"date\":\"2016-12-15\",\"first\":true,\"id\":\"\",\"name\":null,\"nav_yield\":-0.002450980392156854,\"value_asset\":123.89412805455416},{\"date\":\"2016-12-16\",\"first\":true,\"id\":\"\",\"name\":null,\"nav_yield\":-0.0023529411764705577,\"value_asset\":123.87513978773956},{\"date\":\"2016-12-19\",\"first\":true,\"id\":\"\",\"name\":null,\"nav_yield\":-0.0023529411764705577,\"value_asset\":123.81742663396051},{\"date\":\"2016-12-20\",\"first\":true,\"id\":\"\",\"name\":null,\"nav_yield\":-0.0026470588235293357,\"value_asset\":123.80837086094603},{\"date\":\"2016-12-21\",\"first\":true,\"id\":\"\",\"name\":null,\"nav_yield\":-0.001078431372549149,\"value_asset\":123.72596479739153},{\"date\":\"2016-12-22\",\"first\":true,\"id\":\"\",\"name\":null,\"nav_yield\":-7.843137254901489E-4,\"value_asset\":123.70182834947884},{\"date\":\"2016-12-27\",\"first\":true,\"id\":\"\",\"name\":null,\"nav_yield\":-9.803921568629637E-5,\"value_asset\":123.64446494726751},{\"date\":\"2016-12-28\",\"first\":true,\"id\":\"\",\"name\":null,\"nav_yield\":0,\"value_asset\":123.62521324638958},{\"date\":\"2016-12-29\",\"first\":true,\"id\":\"\",\"name\":null,\"nav_yield\":9.803921568618534E-5,\"value_asset\":123.61423675253313},{\"date\":\"2016-12-30\",\"first\":true,\"id\":\"\",\"name\":null,\"nav_yield\":9.803921568618534E-5,\"value_asset\":123.62674646698578}],\"message\":\"成功\"}"
     but: was "{\"code\":0,\"data\":[{\"date\":\"2016-10-21\",\"first\":true,\"id\":\"\",\"name\":null,\"nav_yield\":-0.019607843137254943,\"value_asset\":0},{\"date\":\"2016-10-24\",\"first\":true,\"id\":\"\",\"name\":null,\"nav_yield\":-0.019607843137254943,\"value_asset\":0},{\"date\":\"2016-10-25\",\"first\":true,\"id\":\"\",\"name\":null,\"nav_yield\":-0.01970588235294113,\"value_asset\":0},{\"date\":\"2016-10-26\",\"first\":true,\"id\":\"\",\"name\":null,\"nav_yield\":-0.01970588235294113,\"value_asset\":0},{\"date\":\"2016-10-27\",\"first\":true,\"id\":\"\",\"name\":null,\"nav_yield\":-0.01970588235294113,\"value_asset\":0},{\"date\":\"2016-10-31\",\"first\":true,\"id\":\"\",\"name\":null,\"nav_yield\":-0.01970588235294113,\"value_asset\":0},{\"date\":\"2016-11-01\",\"first\":true,\"id\":\"\",\"name\":null,\"nav_yield\":-0.019607843137254943,\"value_asset\":0},{\"date\":\"2016-11-02\",\"first\":true,\"id\":\"\",\"name\":null,\"nav_yield\":-0.019509803921568647,\"value_asset\":0},{\"date\":\"2016-11-03\",\"first\":true,\"id\":\"\",\"name\":null,\"nav_yield\":-0.019509803921568647,\"value_asset\":0},{\"date\":\"2016-11-04\",\"first\":true,\"id\":\"\",\"name\":null,\"nav_yield\":-0.01941176470588235,\"value_asset\":0},{\"date\":\"2016-11-07\",\"first\":true,\"id\":\"\",\"name\":null,\"nav_yield\":-0.01941176470588235,\"value_asset\":0},{\"date\":\"2016-11-08\",\"first\":true,\"id\":\"\",\"name\":null,\"nav_yield\":-0.019313725490196165,\"value_asset\":0},{\"date\":\"2016-11-09\",\"first\":true,\"id\":\"\",\"name\":null,\"nav_yield\":-0.01921568627450987,\"value_asset\":0},{\"date\":\"2016-11-10\",\"first\":true,\"id\":\"\",\"name\":null,\"nav_yield\":-0.01921568627450987,\"value_asset\":0},{\"date\":\"2016-11-11\",\"first\":true,\"id\":\"\",\"name\":null,\"nav_yield\":-0.019117647058823573,\"value_asset\":0},{\"date\":\"2016-11-14\",\"first\":true,\"id\":\"\",\"name\":null,\"nav_yield\":-0.019117647058823573,\"value_asset\":0},{\"date\":\"2016-11-15\",\"first\":true,\"id\":\"\",\"name\":null,\"nav_yield\":-0.018039215686274535,\"value_asset\":47.562221554199844},{\"date\":\"2016-11-16\",\"first\":true,\"id\":\"\",\"name\":null,\"nav_yield\":-0.012156862745097974,\"value_asset\":107.48130061429207},{\"date\":\"2016-11-17\",\"first\":true,\"id\":\"\",\"name\":null,\"nav_yield\":-0.011960784313725492,\"value_asset\":107.48140315626354},{\"date\":\"2016-11-18\",\"first\":true,\"id\":\"\",\"name\":null,\"nav_yield\":-0.013039215686274641,\"value_asset\":107.65913713238629},{\"date\":\"2016-11-21\",\"first\":true,\"id\":\"\",\"name\":null,\"nav_yield\":-0.012352941176470567,\"value_asset\":126.20134752101038},{\"date\":\"2016-11-22\",\"first\":true,\"id\":\"\",\"name\":null,\"nav_yield\":-0.011960784313725492,\"value_asset\":126.19416791150672},{\"date\":\"2016-11-23\",\"first\":true,\"id\":\"\",\"name\":null,\"nav_yield\":-0.011176470588235343,\"value_asset\":126.17735012879523},{\"date\":\"2016-11-24\",\"first\":true,\"id\":\"\",\"name\":null,\"nav_yield\":-0.010882352941176565,\"value_asset\":126.1730944246088},{\"date\":\"2016-11-25\",\"first\":true,\"id\":\"\",\"name\":null,\"nav_yield\":-0.011176470588235343,\"value_asset\":126.23095400605624},{\"date\":\"2016-11-28\",\"first\":true,\"id\":\"\",\"name\":null,\"nav_yield\":-0.010588235294117565,\"value_asset\":126.22407760175543},{\"date\":\"2016-11-29\",\"first\":true,\"id\":\"\",\"name\":null,\"nav_yield\":-0.010980392156862862,\"value_asset\":125.9163827777814},{\"date\":\"2016-11-30\",\"first\":true,\"id\":\"\",\"name\":null,\"nav_yield\":-0.010882352941176565,\"value_asset\":125.91857498506009},{\"date\":\"2016-12-01\",\"first\":true,\"id\":\"\",\"name\":null,\"nav_yield\":-0.0037254901960784848,\"value_asset\":125.73775933723354},{\"date\":\"2016-12-02\",\"first\":true,\"id\":\"\",\"name\":null,\"nav_yield\":-0.005490196078431375,\"value_asset\":125.93054660358871},{\"date\":\"2016-12-05\",\"first\":true,\"id\":\"\",\"name\":null,\"nav_yield\":-0.0031372549019609286,\"value_asset\":123.2024305746292},{\"date\":\"2016-12-06\",\"first\":true,\"id\":\"\",\"name\":null,\"nav_yield\":-0.002941176470588336,\"value_asset\":123.20169955405058},{\"date\":\"2016-12-07\",\"first\":true,\"id\":\"\",\"name\":null,\"nav_yield\":-0.0028431372549020395,\"value_asset\":123.20278493190166},{\"date\":\"2016-12-08\",\"first\":true,\"id\":\"\",\"name\":null,\"nav_yield\":-0.0026470588235293357,\"value_asset\":123.20070230696061},{\"date\":\"2016-12-09\",\"first\":true,\"id\":\"\",\"name\":null,\"nav_yield\":-0.0030392156862746322,\"value_asset\":123.27488013956145},{\"date\":\"2016-12-12\",\"first\":true,\"id\":\"\",\"name\":null,\"nav_yield\":-0.0028431372549020395,\"value_asset\":131.92529737501602},{\"date\":\"2016-12-13\",\"first\":true,\"id\":\"\",\"name\":null,\"nav_yield\":-0.0028431372549020395,\"value_asset\":131.9292991213227},{\"date\":\"2016-12-14\",\"first\":true,\"id\":\"\",\"name\":null,\"nav_yield\":-0.0025490196078430394,\"value_asset\":131.92372700259045},{\"date\":\"2016-12-15\",\"first\":true,\"id\":\"\",\"name\":null,\"nav_yield\":-0.002450980392156854,\"value_asset\":125.14369334036206},{\"date\":\"2016-12-16\",\"first\":true,\"id\":\"\",\"name\":null,\"nav_yield\":-0.0023529411764705577,\"value_asset\":125.14636969875464},{\"date\":\"2016-12-19\",\"first\":true,\"id\":\"\",\"name\":null,\"nav_yield\":-0.0023529411764705577,\"value_asset\":125.15414180243441},{\"date\":\"2016-12-20\",\"first\":true,\"id\":\"\",\"name\":null,\"nav_yield\":-0.0026470588235293357,\"value_asset\":125.16733850602408},{\"date\":\"2016-12-21\",\"first\":true,\"id\":\"\",\"name\":null,\"nav_yield\":-0.001078431372549149,\"value_asset\":125.10452615969365},{\"date\":\"2016-12-22\",\"first\":true,\"id\":\"\",\"name\":null,\"nav_yield\":-7.843137254901489E-4,\"value_asset\":125.10181476953429},{\"date\":\"2016-12-27\",\"first\":true,\"id\":\"\",\"name\":null,\"nav_yield\":-9.803921568629637E-5,\"value_asset\":125.15242413808025},{\"date\":\"2016-12-28\",\"first\":true,\"id\":\"\",\"name\":null,\"nav_yield\":0,\"value_asset\":125.15478865288867},{\"date\":\"2016-12-29\",\"first\":true,\"id\":\"\",\"name\":null,\"nav_yield\":9.803921568618534E-5,\"value_asset\":125.16541193752948},{\"date\":\"2016-12-30\",\"first\":true,\"id\":\"\",\"name\":null,\"nav_yield\":9.803921568618534E-5,\"value_asset\":125.19968009835371}],\"message\":\"成功\"}"
	at org.hamcrest.MatcherAssert.assertThat(MatcherAssert.java:20)
	at org.hamcrest.MatcherAssert.assertThat(MatcherAssert.java:8)
	at com.xyuan.ngtest.jx.test.report.get_position_analysis.get_position_analysis(get_position_analysis.java:32)
	at java.util.concurrent.FutureTask.run(Unknown Source)
	at java.util.concurrent.ThreadPoolExecutor.runWorker(Unknown Source)
	at java.util.concurrent.ThreadPoolExecutor$Worker.run(Unknown Source)
	at java.lang.Thread.run(Unknown Source)
... Removed 16 stack frames]]>
    </failure>
  </testcase> <!-- get_position_analysis -->
  <testcase name="get_bond_variety_analysis" time="0.245" classname="com.xyuan.ngtest.jx.test.report.get_bond_variety_analysis">
    <failure type="java.lang.AssertionError" message="
Expected: &amp;quot;{\&amp;quot;code\&amp;quot;:0,\&amp;quot;data\&amp;quot;:[{\&amp;quot;base_value\&amp;quot;:0.013688514928227206,\&amp;quot;convexity\&amp;quot;:4.0657174292059715,\&amp;quot;duration\&amp;quot;:1.3502837884292695,\&amp;quot;id\&amp;quot;:\&amp;quot;\&amp;quot;,\&amp;quot;last\&amp;quot;:true,\&amp;quot;name\&amp;quot;:\&amp;quot;公司债\&amp;quot;,\&amp;quot;value\&amp;quot;:6298.423084,\&amp;quot;value_total_ratio\&amp;quot;:65.75479452966968,\&amp;quot;yield\&amp;quot;:3.10870343479525},{\&amp;quot;base_value\&amp;quot;:0.007600212511503996,\&amp;quot;convexity\&amp;quot;:3.623463084295153,\&amp;quot;duration\&amp;quot;:0.7548020853155697,\&amp;quot;id\&amp;quot;:\&amp;quot;\&amp;quot;,\&amp;quot;last\&amp;quot;:true,\&amp;quot;name\&amp;quot;:\&amp;quot;资产支持证券\&amp;quot;,\&amp;quot;value\&amp;quot;:2039.712328,\&amp;quot;value_total_ratio\&amp;quot;:21.294356260058795,\&amp;quot;yield\&amp;quot;:2.420418413175688},{\&amp;quot;base_value\&amp;quot;:9.509305860359283E-4,\&amp;quot;convexity\&amp;quot;:0.17142319008116957,\&amp;quot;duration\&amp;quot;:0.09676712995175826,\&amp;quot;id\&amp;quot;:\&amp;quot;\&amp;quot;,\&amp;quot;last\&amp;quot;:true,\&amp;quot;name\&amp;quot;:\&amp;quot;企业债\&amp;quot;,\&amp;quot;value\&amp;quot;:1086.584521,\&amp;quot;value_total_ratio\&amp;quot;:11.343814311073448,\&amp;quot;yield\&amp;quot;:0.37722549509450987},{\&amp;quot;base_value\&amp;quot;:7.891370445984645E-4,\&amp;quot;convexity\&amp;quot;:0.43299988304150017,\&amp;quot;duration\&amp;quot;:0.07542888975324646,\&amp;quot;id\&amp;quot;:\&amp;quot;\&amp;quot;,\&amp;quot;last\&amp;quot;:true,\&amp;quot;name\&amp;quot;:\&amp;quot;可交换债\&amp;quot;,\&amp;quot;value\&amp;quot;:153.932284,\&amp;quot;value_total_ratio\&amp;quot;:1.6070348991980739,\&amp;quot;yield\&amp;quot;:0.03407577237406838}],\&amp;quot;message\&amp;quot;:\&amp;quot;成功\&amp;quot;}&amp;quot;
     but: was &amp;quot;{\&amp;quot;code\&amp;quot;:0,\&amp;quot;data\&amp;quot;:[{\&amp;quot;base_value\&amp;quot;:0.014639445514263133,\&amp;quot;convexity\&amp;quot;:4.237140619287141,\&amp;quot;duration\&amp;quot;:1.4470509183810278,\&amp;quot;id\&amp;quot;:\&amp;quot;\&amp;quot;,\&amp;quot;last\&amp;quot;:true,\&amp;quot;name\&amp;quot;:\&amp;quot;公司(企业)债\&amp;quot;,\&amp;quot;value\&amp;quot;:7385.007605000001,\&amp;quot;value_total_ratio\&amp;quot;:77.09860884074313,\&amp;quot;yield\&amp;quot;:3.48592892988976},{\&amp;quot;base_value\&amp;quot;:0.007600212511503996,\&amp;quot;convexity\&amp;quot;:3.623463084295153,\&amp;quot;duration\&amp;quot;:0.7548020853155697,\&amp;quot;id\&amp;quot;:\&amp;quot;\&amp;quot;,\&amp;quot;last\&amp;quot;:true,\&amp;quot;name\&amp;quot;:\&amp;quot;金融债\&amp;quot;,\&amp;quot;value\&amp;quot;:2039.712328,\&amp;quot;value_total_ratio\&amp;quot;:21.294356260058795,\&amp;quot;yield\&amp;quot;:2.420418413175688},{\&amp;quot;base_value\&amp;quot;:7.891370445984645E-4,\&amp;quot;convexity\&amp;quot;:0.43299988304150017,\&amp;quot;duration\&amp;quot;:0.07542888975324646,\&amp;quot;id\&amp;quot;:\&amp;quot;\&amp;quot;,\&amp;quot;last\&amp;quot;:true,\&amp;quot;name\&amp;quot;:\&amp;quot;其他债务融资工具\&amp;quot;,\&amp;quot;value\&amp;quot;:153.932284,\&amp;quot;value_total_ratio\&amp;quot;:1.6070348991980739,\&amp;quot;yield\&amp;quot;:0.03407577237406838}],\&amp;quot;message\&amp;quot;:\&amp;quot;成功\&amp;quot;}&amp;quot;">
      <![CDATA[java.lang.AssertionError: 
Expected: "{\"code\":0,\"data\":[{\"base_value\":0.013688514928227206,\"convexity\":4.0657174292059715,\"duration\":1.3502837884292695,\"id\":\"\",\"last\":true,\"name\":\"公司债\",\"value\":6298.423084,\"value_total_ratio\":65.75479452966968,\"yield\":3.10870343479525},{\"base_value\":0.007600212511503996,\"convexity\":3.623463084295153,\"duration\":0.7548020853155697,\"id\":\"\",\"last\":true,\"name\":\"资产支持证券\",\"value\":2039.712328,\"value_total_ratio\":21.294356260058795,\"yield\":2.420418413175688},{\"base_value\":9.509305860359283E-4,\"convexity\":0.17142319008116957,\"duration\":0.09676712995175826,\"id\":\"\",\"last\":true,\"name\":\"企业债\",\"value\":1086.584521,\"value_total_ratio\":11.343814311073448,\"yield\":0.37722549509450987},{\"base_value\":7.891370445984645E-4,\"convexity\":0.43299988304150017,\"duration\":0.07542888975324646,\"id\":\"\",\"last\":true,\"name\":\"可交换债\",\"value\":153.932284,\"value_total_ratio\":1.6070348991980739,\"yield\":0.03407577237406838}],\"message\":\"成功\"}"
     but: was "{\"code\":0,\"data\":[{\"base_value\":0.014639445514263133,\"convexity\":4.237140619287141,\"duration\":1.4470509183810278,\"id\":\"\",\"last\":true,\"name\":\"公司(企业)债\",\"value\":7385.007605000001,\"value_total_ratio\":77.09860884074313,\"yield\":3.48592892988976},{\"base_value\":0.007600212511503996,\"convexity\":3.623463084295153,\"duration\":0.7548020853155697,\"id\":\"\",\"last\":true,\"name\":\"金融债\",\"value\":2039.712328,\"value_total_ratio\":21.294356260058795,\"yield\":2.420418413175688},{\"base_value\":7.891370445984645E-4,\"convexity\":0.43299988304150017,\"duration\":0.07542888975324646,\"id\":\"\",\"last\":true,\"name\":\"其他债务融资工具\",\"value\":153.932284,\"value_total_ratio\":1.6070348991980739,\"yield\":0.03407577237406838}],\"message\":\"成功\"}"
	at org.hamcrest.MatcherAssert.assertThat(MatcherAssert.java:20)
	at org.hamcrest.MatcherAssert.assertThat(MatcherAssert.java:8)
	at com.xyuan.ngtest.jx.test.report.get_bond_variety_analysis.get_bond_variety_analysis(get_bond_variety_analysis.java:32)
	at java.util.concurrent.FutureTask.run(Unknown Source)
	at java.util.concurrent.ThreadPoolExecutor.runWorker(Unknown Source)
	at java.util.concurrent.ThreadPoolExecutor$Worker.run(Unknown Source)
	at java.lang.Thread.run(Unknown Source)
... Removed 16 stack frames]]>
    </failure>
  </testcase> <!-- get_bond_variety_analysis -->
  <testcase name="get_interval_bond_variety_configuration" time="2.414" classname="com.xyuan.ngtest.jx.test.report.get_interval_bond_variety_configuration">
    <failure type="java.lang.AssertionError" message="
Expected: &amp;quot;{\&amp;quot;code\&amp;quot;:0,\&amp;quot;data\&amp;quot;:{\&amp;quot;names\&amp;quot;:[\&amp;quot;公司债\&amp;quot;,\&amp;quot;资产支持证券\&amp;quot;,\&amp;quot;企业债\&amp;quot;,\&amp;quot;可交换债\&amp;quot;,\&amp;quot;其他\&amp;quot;],\&amp;quot;values\&amp;quot;:[{\&amp;quot;date\&amp;quot;:\&amp;quot;2016-12-01\&amp;quot;,\&amp;quot;value1\&amp;quot;:63.178692146499,\&amp;quot;value2\&amp;quot;:21.621052654190972,\&amp;quot;value3\&amp;quot;:15.200255199310018,\&amp;quot;value4\&amp;quot;:0,\&amp;quot;value5\&amp;quot;:0},{\&amp;quot;date\&amp;quot;:\&amp;quot;2016-12-02\&amp;quot;,\&amp;quot;value1\&amp;quot;:63.203300402020254,\&amp;quot;value2\&amp;quot;:21.629474107220084,\&amp;quot;value3\&amp;quot;:15.167225490759659,\&amp;quot;value4\&amp;quot;:0,\&amp;quot;value5\&amp;quot;:0},{\&amp;quot;date\&amp;quot;:\&amp;quot;2016-12-05\&amp;quot;,\&amp;quot;value1\&amp;quot;:63.11185453577862,\&amp;quot;value2\&amp;quot;:21.598179444069515,\&amp;quot;value3\&amp;quot;:15.289966020151862,\&amp;quot;value4\&amp;quot;:0,\&amp;quot;value5\&amp;quot;:0},{\&amp;quot;date\&amp;quot;:\&amp;quot;2016-12-06\&amp;quot;,\&amp;quot;value1\&amp;quot;:63.11283641726443,\&amp;quot;value2\&amp;quot;:21.598515464183,\&amp;quot;value3\&amp;quot;:15.288648118552567,\&amp;quot;value4\&amp;quot;:0,\&amp;quot;value5\&amp;quot;:0},{\&amp;quot;date\&amp;quot;:\&amp;quot;2016-12-07\&amp;quot;,\&amp;quot;value1\&amp;quot;:63.11617059335114,\&amp;quot;value2\&amp;quot;:21.60020731048447,\&amp;quot;value3\&amp;quot;:15.28362209616438,\&amp;quot;value4\&amp;quot;:0,\&amp;quot;value5\&amp;quot;:0},{\&amp;quot;date\&amp;quot;:\&amp;quot;2016-12-08\&amp;quot;,\&amp;quot;value1\&amp;quot;:63.114206603363115,\&amp;quot;value2\&amp;quot;:21.599535175427818,\&amp;quot;value3\&amp;quot;:15.28625822120907,\&amp;quot;value4\&amp;quot;:0,\&amp;quot;value5\&amp;quot;:0},{\&amp;quot;date\&amp;quot;:\&amp;quot;2016-12-09\&amp;quot;,\&amp;quot;value1\&amp;quot;:63.11224273559847,\&amp;quot;value2\&amp;quot;:21.598863082199607,\&amp;quot;value3\&amp;quot;:15.288894182201915,\&amp;quot;value4\&amp;quot;:0,\&amp;quot;value5\&amp;quot;:0},{\&amp;quot;date\&amp;quot;:\&amp;quot;2016-12-12\&amp;quot;,\&amp;quot;value1\&amp;quot;:63.96985211264591,\&amp;quot;value2\&amp;quot;:20.188274443406343,\&amp;quot;value3\&amp;quot;:14.268586975465444,\&amp;quot;value4\&amp;quot;:1.5732864684823114,\&amp;quot;value5\&amp;quot;:0},{\&amp;quot;date\&amp;quot;:\&amp;quot;2016-12-13\&amp;quot;,\&amp;quot;value1\&amp;quot;:63.97915921908859,\&amp;quot;value2\&amp;quot;:20.191211677320965,\&amp;quot;value3\&amp;quot;:14.2677541234005,\&amp;quot;value4\&amp;quot;:1.5618749801899439,\&amp;quot;value5\&amp;quot;:0},{\&amp;quot;date\&amp;quot;:\&amp;quot;2016-12-14\&amp;quot;,\&amp;quot;value1\&amp;quot;:63.97360097540054,\&amp;quot;value2\&amp;quot;:20.189457548691745,\&amp;quot;value3\&amp;quot;:14.27814886283808,\&amp;quot;value4\&amp;quot;:1.5587926130696377,\&amp;quot;value5\&amp;quot;:0},{\&amp;quot;date\&amp;quot;:\&amp;quot;2016-12-15\&amp;quot;,\&amp;quot;value1\&amp;quot;:65.6899172496931,\&amp;quot;value2\&amp;quot;:21.291442436205557,\&amp;quot;value3\&amp;quot;:11.41360930596593,\&amp;quot;value4\&amp;quot;:1.6050310081354147,\&amp;quot;value5\&amp;quot;:0},{\&amp;quot;date\&amp;quot;:\&amp;quot;2016-12-16\&amp;quot;,\&amp;quot;value1\&amp;quot;:65.69159530486802,\&amp;quot;value2\&amp;quot;:21.2919863281247,\&amp;quot;value3\&amp;quot;:11.408083385096324,\&amp;quot;value4\&amp;quot;:1.6083349819109447,\&amp;quot;value5\&amp;quot;:0},{\&amp;quot;date\&amp;quot;:\&amp;quot;2016-12-19\&amp;quot;,\&amp;quot;value1\&amp;quot;:65.72283183508488,\&amp;quot;value2\&amp;quot;:21.302110724879398,\&amp;quot;value3\&amp;quot;:11.401867461759219,\&amp;quot;value4\&amp;quot;:1.5731899782765033,\&amp;quot;value5\&amp;quot;:0},{\&amp;quot;date\&amp;quot;:\&amp;quot;2016-12-20\&amp;quot;,\&amp;quot;value1\&amp;quot;:65.74834734317962,\&amp;quot;value2\&amp;quot;:21.310380821639676,\&amp;quot;value3\&amp;quot;:11.37135894662904,\&amp;quot;value4\&amp;quot;:1.569912888551668,\&amp;quot;value5\&amp;quot;:0},{\&amp;quot;date\&amp;quot;:\&amp;quot;2016-12-21\&amp;quot;,\&amp;quot;value1\&amp;quot;:65.68552140314031,\&amp;quot;value2\&amp;quot;:21.29001765265039,\&amp;quot;value3\&amp;quot;:11.405865194895327,\&amp;quot;value4\&amp;quot;:1.6185957493139742,\&amp;quot;value5\&amp;quot;:0},{\&amp;quot;date\&amp;quot;:\&amp;quot;2016-12-22\&amp;quot;,\&amp;quot;value1\&amp;quot;:65.68093665461302,\&amp;quot;value2\&amp;quot;:21.28853164211118,\&amp;quot;value3\&amp;quot;:11.412048929459601,\&amp;quot;value4\&amp;quot;:1.618482773816187,\&amp;quot;value5\&amp;quot;:0},{\&amp;quot;date\&amp;quot;:\&amp;quot;2016-12-27\&amp;quot;,\&amp;quot;value1\&amp;quot;:65.66881578737859,\&amp;quot;value2\&amp;quot;:21.28460302174136,\&amp;quot;value3\&amp;quot;:11.428552420307685,\&amp;quot;value4\&amp;quot;:1.6180287705723686,\&amp;quot;value5\&amp;quot;:0},{\&amp;quot;date\&amp;quot;:\&amp;quot;2016-12-28\&amp;quot;,\&amp;quot;value1\&amp;quot;:65.67217954949452,\&amp;quot;value2\&amp;quot;:21.28569328567316,\&amp;quot;value3\&amp;quot;:11.426811521226949,\&amp;quot;value4\&amp;quot;:1.6153156436053835,\&amp;quot;value5\&amp;quot;:0},{\&amp;quot;date\&amp;quot;:\&amp;quot;2016-12-29\&amp;quot;,\&amp;quot;value1\&amp;quot;:65.67064455853075,\&amp;quot;value2\&amp;quot;:21.285195763783754,\&amp;quot;value3\&amp;quot;:11.421891934445709,\&amp;quot;value4\&amp;quot;:1.6222677432397945,\&amp;quot;value5\&amp;quot;:0},{\&amp;quot;date\&amp;quot;:\&amp;quot;2016-12-30\&amp;quot;,\&amp;quot;value1\&amp;quot;:65.6634624070301,\&amp;quot;value2\&amp;quot;:21.282867881946686,\&amp;quot;value3\&amp;quot;:11.42878375278088,\&amp;quot;value4\&amp;quot;:1.624885958242328,\&amp;quot;value5\&amp;quot;:0}]},\&amp;quot;message\&amp;quot;:\&amp;quot;成功\&amp;quot;}&amp;quot;
     but: was &amp;quot;{\&amp;quot;code\&amp;quot;:0,\&amp;quot;data\&amp;quot;:{\&amp;quot;names\&amp;quot;:[\&amp;quot;公司债\&amp;quot;,\&amp;quot;资产支持证券\&amp;quot;,\&amp;quot;企业债\&amp;quot;,\&amp;quot;可交换债\&amp;quot;,\&amp;quot;其他\&amp;quot;],\&amp;quot;values\&amp;quot;:[{\&amp;quot;date\&amp;quot;:\&amp;quot;2016-12-01\&amp;quot;,\&amp;quot;value1\&amp;quot;:63.03401838941119,\&amp;quot;value2\&amp;quot;:21.160054539848826,\&amp;quot;value3\&amp;quot;:15.805927070739967,\&amp;quot;value4\&amp;quot;:0,\&amp;quot;value5\&amp;quot;:0},{\&amp;quot;date\&amp;quot;:\&amp;quot;2016-12-02\&amp;quot;,\&amp;quot;value1\&amp;quot;:63.05724196687768,\&amp;quot;value2\&amp;quot;:21.16861449761081,\&amp;quot;value3\&amp;quot;:15.774143535511504,\&amp;quot;value4\&amp;quot;:0,\&amp;quot;value5\&amp;quot;:0},{\&amp;quot;date\&amp;quot;:\&amp;quot;2016-12-05\&amp;quot;,\&amp;quot;value1\&amp;quot;:63.22736437956496,\&amp;quot;value2\&amp;quot;:21.599650123189072,\&amp;quot;value3\&amp;quot;:15.172985497245971,\&amp;quot;value4\&amp;quot;:0,\&amp;quot;value5\&amp;quot;:0},{\&amp;quot;date\&amp;quot;:\&amp;quot;2016-12-06\&amp;quot;,\&amp;quot;value1\&amp;quot;:63.22766788722305,\&amp;quot;value2\&amp;quot;:21.60046928496135,\&amp;quot;value3\&amp;quot;:15.171862827815605,\&amp;quot;value4\&amp;quot;:0,\&amp;quot;value5\&amp;quot;:0},{\&amp;quot;date\&amp;quot;:\&amp;quot;2016-12-07\&amp;quot;,\&amp;quot;value1\&amp;quot;:63.230310948899344,\&amp;quot;value2\&amp;quot;:21.602632754695918,\&amp;quot;value3\&amp;quot;:15.167056296404734,\&amp;quot;value4\&amp;quot;:0,\&amp;quot;value5\&amp;quot;:0},{\&amp;quot;date\&amp;quot;:\&amp;quot;2016-12-08\&amp;quot;,\&amp;quot;value1\&amp;quot;:63.2276878616556,\&amp;quot;value2\&amp;quot;:21.602451478837768,\&amp;quot;value3\&amp;quot;:15.169860659506634,\&amp;quot;value4\&amp;quot;:0,\&amp;quot;value5\&amp;quot;:0},{\&amp;quot;date\&amp;quot;:\&amp;quot;2016-12-09\&amp;quot;,\&amp;quot;value1\&amp;quot;:63.22506587035177,\&amp;quot;value2\&amp;quot;:21.602270293755705,\&amp;quot;value3\&amp;quot;:15.172663835892514,\&amp;quot;value4\&amp;quot;:0,\&amp;quot;value5\&amp;quot;:0},{\&amp;quot;date\&amp;quot;:\&amp;quot;2016-12-12\&amp;quot;,\&amp;quot;value1\&amp;quot;:64.0839007467158,\&amp;quot;value2\&amp;quot;:20.194058294402637,\&amp;quot;value3\&amp;quot;:14.161540899855144,\&amp;quot;value4\&amp;quot;:1.5605000590264184,\&amp;quot;value5\&amp;quot;:0},{\&amp;quot;date\&amp;quot;:\&amp;quot;2016-12-13\&amp;quot;,\&amp;quot;value1\&amp;quot;:64.09253919652791,\&amp;quot;value2\&amp;quot;:20.197538428528013,\&amp;quot;value3\&amp;quot;:14.160959978348819,\&amp;quot;value4\&amp;quot;:1.548962396595252,\&amp;quot;value5\&amp;quot;:0},{\&amp;quot;date\&amp;quot;:\&amp;quot;2016-12-14\&amp;quot;,\&amp;quot;value1\&amp;quot;:64.08642536583649,\&amp;quot;value2\&amp;quot;:20.19636942393109,\&amp;quot;value3\&amp;quot;:14.171524047946166,\&amp;quot;value4\&amp;quot;:1.5456811622862399,\&amp;quot;value5\&amp;quot;:0},{\&amp;quot;date\&amp;quot;:\&amp;quot;2016-12-15\&amp;quot;,\&amp;quot;value1\&amp;quot;:65.78927177077426,\&amp;quot;value2\&amp;quot;:21.294011373638934,\&amp;quot;value3\&amp;quot;:11.325773548059193,\&amp;quot;value4\&amp;quot;:1.5909433075275994,\&amp;quot;value5\&amp;quot;:0},{\&amp;quot;date\&amp;quot;:\&amp;quot;2016-12-16\&amp;quot;,\&amp;quot;value1\&amp;quot;:65.79037935618338,\&amp;quot;value2\&amp;quot;:21.295138999620455,\&amp;quot;value3\&amp;quot;:11.32050358366368,\&amp;quot;value4\&amp;quot;:1.593978060532499,\&amp;quot;value5\&amp;quot;:0},{\&amp;quot;date\&amp;quot;:\&amp;quot;2016-12-19\&amp;quot;,\&amp;quot;value1\&amp;quot;:65.81966043656196,\&amp;quot;value2\&amp;quot;:21.30692365605254,\&amp;quot;value3\&amp;quot;:11.314921706773552,\&amp;quot;value4\&amp;quot;:1.5584942006119373,\&amp;quot;value5\&amp;quot;:0},{\&amp;quot;date\&amp;quot;:\&amp;quot;2016-12-20\&amp;quot;,\&amp;quot;value1\&amp;quot;:65.84437476334,\&amp;quot;value2\&amp;quot;:21.315692861611915,\&amp;quot;value3\&amp;quot;:11.284915008040004,\&amp;quot;value4\&amp;quot;:1.5550173670080647,\&amp;quot;value5\&amp;quot;:0},{\&amp;quot;date\&amp;quot;:\&amp;quot;2016-12-21\&amp;quot;,\&amp;quot;value1\&amp;quot;:65.78158537380519,\&amp;quot;value2\&amp;quot;:21.296133907200897,\&amp;quot;value3\&amp;quot;:11.319331692552426,\&amp;quot;value4\&amp;quot;:1.6029490264414876,\&amp;quot;value5\&amp;quot;:0},{\&amp;quot;date\&amp;quot;:\&amp;quot;2016-12-22\&amp;quot;,\&amp;quot;value1\&amp;quot;:65.77649136449836,\&amp;quot;value2\&amp;quot;:21.295252232324984,\&amp;quot;value3\&amp;quot;:11.325655119015195,\&amp;quot;value4\&amp;quot;:1.6026012841614659,\&amp;quot;value5\&amp;quot;:0},{\&amp;quot;date\&amp;quot;:\&amp;quot;2016-12-27\&amp;quot;,\&amp;quot;value1\&amp;quot;:65.7617368192322,\&amp;quot;value2\&amp;quot;:21.294307993392046,\&amp;quot;value3\&amp;quot;:11.342983564803543,\&amp;quot;value4\&amp;quot;:1.6009716225722108,\&amp;quot;value5\&amp;quot;:0},{\&amp;quot;date\&amp;quot;:\&amp;quot;2016-12-28\&amp;quot;,\&amp;quot;value1\&amp;quot;:65.76451433592908,\&amp;quot;value2\&amp;quot;:21.295973180434878,\&amp;quot;value3\&amp;quot;:11.341458180715675,\&amp;quot;value4\&amp;quot;:1.5980543029203567,\&amp;quot;value5\&amp;quot;:0},{\&amp;quot;date\&amp;quot;:\&amp;quot;2016-12-29\&amp;quot;,\&amp;quot;value1\&amp;quot;:65.76244605636555,\&amp;quot;value2\&amp;quot;:21.29606891739865,\&amp;quot;value3\&amp;quot;:11.336800327055686,\&amp;quot;value4\&amp;quot;:1.6046846991801171,\&amp;quot;value5\&amp;quot;:0},{\&amp;quot;date\&amp;quot;:\&amp;quot;2016-12-30\&amp;quot;,\&amp;quot;value1\&amp;quot;:65.75479452966968,\&amp;quot;value2\&amp;quot;:21.294356260058795,\&amp;quot;value3\&amp;quot;:11.343814311073448,\&amp;quot;value4\&amp;quot;:1.6070348991980739,\&amp;quot;value5\&amp;quot;:0}]},\&amp;quot;message\&amp;quot;:\&amp;quot;成功\&amp;quot;}&amp;quot;">
      <![CDATA[java.lang.AssertionError: 
Expected: "{\"code\":0,\"data\":{\"names\":[\"公司债\",\"资产支持证券\",\"企业债\",\"可交换债\",\"其他\"],\"values\":[{\"date\":\"2016-12-01\",\"value1\":63.178692146499,\"value2\":21.621052654190972,\"value3\":15.200255199310018,\"value4\":0,\"value5\":0},{\"date\":\"2016-12-02\",\"value1\":63.203300402020254,\"value2\":21.629474107220084,\"value3\":15.167225490759659,\"value4\":0,\"value5\":0},{\"date\":\"2016-12-05\",\"value1\":63.11185453577862,\"value2\":21.598179444069515,\"value3\":15.289966020151862,\"value4\":0,\"value5\":0},{\"date\":\"2016-12-06\",\"value1\":63.11283641726443,\"value2\":21.598515464183,\"value3\":15.288648118552567,\"value4\":0,\"value5\":0},{\"date\":\"2016-12-07\",\"value1\":63.11617059335114,\"value2\":21.60020731048447,\"value3\":15.28362209616438,\"value4\":0,\"value5\":0},{\"date\":\"2016-12-08\",\"value1\":63.114206603363115,\"value2\":21.599535175427818,\"value3\":15.28625822120907,\"value4\":0,\"value5\":0},{\"date\":\"2016-12-09\",\"value1\":63.11224273559847,\"value2\":21.598863082199607,\"value3\":15.288894182201915,\"value4\":0,\"value5\":0},{\"date\":\"2016-12-12\",\"value1\":63.96985211264591,\"value2\":20.188274443406343,\"value3\":14.268586975465444,\"value4\":1.5732864684823114,\"value5\":0},{\"date\":\"2016-12-13\",\"value1\":63.97915921908859,\"value2\":20.191211677320965,\"value3\":14.2677541234005,\"value4\":1.5618749801899439,\"value5\":0},{\"date\":\"2016-12-14\",\"value1\":63.97360097540054,\"value2\":20.189457548691745,\"value3\":14.27814886283808,\"value4\":1.5587926130696377,\"value5\":0},{\"date\":\"2016-12-15\",\"value1\":65.6899172496931,\"value2\":21.291442436205557,\"value3\":11.41360930596593,\"value4\":1.6050310081354147,\"value5\":0},{\"date\":\"2016-12-16\",\"value1\":65.69159530486802,\"value2\":21.2919863281247,\"value3\":11.408083385096324,\"value4\":1.6083349819109447,\"value5\":0},{\"date\":\"2016-12-19\",\"value1\":65.72283183508488,\"value2\":21.302110724879398,\"value3\":11.401867461759219,\"value4\":1.5731899782765033,\"value5\":0},{\"date\":\"2016-12-20\",\"value1\":65.74834734317962,\"value2\":21.310380821639676,\"value3\":11.37135894662904,\"value4\":1.569912888551668,\"value5\":0},{\"date\":\"2016-12-21\",\"value1\":65.68552140314031,\"value2\":21.29001765265039,\"value3\":11.405865194895327,\"value4\":1.6185957493139742,\"value5\":0},{\"date\":\"2016-12-22\",\"value1\":65.68093665461302,\"value2\":21.28853164211118,\"value3\":11.412048929459601,\"value4\":1.618482773816187,\"value5\":0},{\"date\":\"2016-12-27\",\"value1\":65.66881578737859,\"value2\":21.28460302174136,\"value3\":11.428552420307685,\"value4\":1.6180287705723686,\"value5\":0},{\"date\":\"2016-12-28\",\"value1\":65.67217954949452,\"value2\":21.28569328567316,\"value3\":11.426811521226949,\"value4\":1.6153156436053835,\"value5\":0},{\"date\":\"2016-12-29\",\"value1\":65.67064455853075,\"value2\":21.285195763783754,\"value3\":11.421891934445709,\"value4\":1.6222677432397945,\"value5\":0},{\"date\":\"2016-12-30\",\"value1\":65.6634624070301,\"value2\":21.282867881946686,\"value3\":11.42878375278088,\"value4\":1.624885958242328,\"value5\":0}]},\"message\":\"成功\"}"
     but: was "{\"code\":0,\"data\":{\"names\":[\"公司债\",\"资产支持证券\",\"企业债\",\"可交换债\",\"其他\"],\"values\":[{\"date\":\"2016-12-01\",\"value1\":63.03401838941119,\"value2\":21.160054539848826,\"value3\":15.805927070739967,\"value4\":0,\"value5\":0},{\"date\":\"2016-12-02\",\"value1\":63.05724196687768,\"value2\":21.16861449761081,\"value3\":15.774143535511504,\"value4\":0,\"value5\":0},{\"date\":\"2016-12-05\",\"value1\":63.22736437956496,\"value2\":21.599650123189072,\"value3\":15.172985497245971,\"value4\":0,\"value5\":0},{\"date\":\"2016-12-06\",\"value1\":63.22766788722305,\"value2\":21.60046928496135,\"value3\":15.171862827815605,\"value4\":0,\"value5\":0},{\"date\":\"2016-12-07\",\"value1\":63.230310948899344,\"value2\":21.602632754695918,\"value3\":15.167056296404734,\"value4\":0,\"value5\":0},{\"date\":\"2016-12-08\",\"value1\":63.2276878616556,\"value2\":21.602451478837768,\"value3\":15.169860659506634,\"value4\":0,\"value5\":0},{\"date\":\"2016-12-09\",\"value1\":63.22506587035177,\"value2\":21.602270293755705,\"value3\":15.172663835892514,\"value4\":0,\"value5\":0},{\"date\":\"2016-12-12\",\"value1\":64.0839007467158,\"value2\":20.194058294402637,\"value3\":14.161540899855144,\"value4\":1.5605000590264184,\"value5\":0},{\"date\":\"2016-12-13\",\"value1\":64.09253919652791,\"value2\":20.197538428528013,\"value3\":14.160959978348819,\"value4\":1.548962396595252,\"value5\":0},{\"date\":\"2016-12-14\",\"value1\":64.08642536583649,\"value2\":20.19636942393109,\"value3\":14.171524047946166,\"value4\":1.5456811622862399,\"value5\":0},{\"date\":\"2016-12-15\",\"value1\":65.78927177077426,\"value2\":21.294011373638934,\"value3\":11.325773548059193,\"value4\":1.5909433075275994,\"value5\":0},{\"date\":\"2016-12-16\",\"value1\":65.79037935618338,\"value2\":21.295138999620455,\"value3\":11.32050358366368,\"value4\":1.593978060532499,\"value5\":0},{\"date\":\"2016-12-19\",\"value1\":65.81966043656196,\"value2\":21.30692365605254,\"value3\":11.314921706773552,\"value4\":1.5584942006119373,\"value5\":0},{\"date\":\"2016-12-20\",\"value1\":65.84437476334,\"value2\":21.315692861611915,\"value3\":11.284915008040004,\"value4\":1.5550173670080647,\"value5\":0},{\"date\":\"2016-12-21\",\"value1\":65.78158537380519,\"value2\":21.296133907200897,\"value3\":11.319331692552426,\"value4\":1.6029490264414876,\"value5\":0},{\"date\":\"2016-12-22\",\"value1\":65.77649136449836,\"value2\":21.295252232324984,\"value3\":11.325655119015195,\"value4\":1.6026012841614659,\"value5\":0},{\"date\":\"2016-12-27\",\"value1\":65.7617368192322,\"value2\":21.294307993392046,\"value3\":11.342983564803543,\"value4\":1.6009716225722108,\"value5\":0},{\"date\":\"2016-12-28\",\"value1\":65.76451433592908,\"value2\":21.295973180434878,\"value3\":11.341458180715675,\"value4\":1.5980543029203567,\"value5\":0},{\"date\":\"2016-12-29\",\"value1\":65.76244605636555,\"value2\":21.29606891739865,\"value3\":11.336800327055686,\"value4\":1.6046846991801171,\"value5\":0},{\"date\":\"2016-12-30\",\"value1\":65.75479452966968,\"value2\":21.294356260058795,\"value3\":11.343814311073448,\"value4\":1.6070348991980739,\"value5\":0}]},\"message\":\"成功\"}"
	at org.hamcrest.MatcherAssert.assertThat(MatcherAssert.java:20)
	at org.hamcrest.MatcherAssert.assertThat(MatcherAssert.java:8)
	at com.xyuan.ngtest.jx.test.report.get_interval_bond_variety_configuration.get_interval_bond_variety_configuration(get_interval_bond_variety_configuration.java:32)
	at java.util.concurrent.FutureTask.run(Unknown Source)
	at java.util.concurrent.ThreadPoolExecutor.runWorker(Unknown Source)
	at java.util.concurrent.ThreadPoolExecutor$Worker.run(Unknown Source)
	at java.lang.Thread.run(Unknown Source)
... Removed 16 stack frames]]>
    </failure>
  </testcase> <!-- get_interval_bond_variety_configuration -->
  <testcase name="get_interval_residual_term_configuration" time="2.214" classname="com.xyuan.ngtest.jx.test.report.get_interval_residual_term_configuration"/>
  <testcase name="get_credit_level_distribution" time="0.467" classname="com.xyuan.ngtest.jx.test.report.get_credit_level_distribution">
    <failure type="java.lang.AssertionError" message="
Expected: &amp;quot;{\&amp;quot;code\&amp;quot;:0,\&amp;quot;data\&amp;quot;:[{\&amp;quot;id\&amp;quot;:\&amp;quot;\&amp;quot;,\&amp;quot;interest\&amp;quot;:0.245504,\&amp;quot;last\&amp;quot;:true,\&amp;quot;name\&amp;quot;:\&amp;quot;AAA\&amp;quot;,\&amp;quot;period_change\&amp;quot;:1.6070348991980736,\&amp;quot;value\&amp;quot;:153.932284,\&amp;quot;value_asset\&amp;quot;:1.6070348991980736},{\&amp;quot;id\&amp;quot;:\&amp;quot;\&amp;quot;,\&amp;quot;interest\&amp;quot;:9.744934,\&amp;quot;last\&amp;quot;:true,\&amp;quot;name\&amp;quot;:\&amp;quot;AA+\&amp;quot;,\&amp;quot;period_change\&amp;quot;:-0.9880810748182647,\&amp;quot;value\&amp;quot;:1419.3499339999998,\&amp;quot;value_asset\&amp;quot;:14.817845995921703},{\&amp;quot;id\&amp;quot;:\&amp;quot;\&amp;quot;,\&amp;quot;interest\&amp;quot;:102.371917,\&amp;quot;last\&amp;quot;:true,\&amp;quot;name\&amp;quot;:\&amp;quot;AA\&amp;quot;,\&amp;quot;period_change\&amp;quot;:0.3736888816910061,\&amp;quot;value\&amp;quot;:6697.391916999999,\&amp;quot;value_asset\&amp;quot;:69.91998211516231},{\&amp;quot;id\&amp;quot;:\&amp;quot;\&amp;quot;,\&amp;quot;interest\&amp;quot;:7.978082000000001,\&amp;quot;last\&amp;quot;:true,\&amp;quot;name\&amp;quot;:\&amp;quot;其他\&amp;quot;,\&amp;quot;period_change\&amp;quot;:-0.9926427060708148,\&amp;quot;value\&amp;quot;:1307.978082,\&amp;quot;value_asset\&amp;quot;:13.655136989717892}],\&amp;quot;message\&amp;quot;:\&amp;quot;成功\&amp;quot;}&amp;quot;
     but: was &amp;quot;{\&amp;quot;code\&amp;quot;:0,\&amp;quot;data\&amp;quot;:[{\&amp;quot;id\&amp;quot;:\&amp;quot;\&amp;quot;,\&amp;quot;interest\&amp;quot;:0.245504,\&amp;quot;last\&amp;quot;:true,\&amp;quot;name\&amp;quot;:\&amp;quot;AAA-~无风险\&amp;quot;,\&amp;quot;period_change\&amp;quot;:1.6070348991980736,\&amp;quot;value\&amp;quot;:153.932284,\&amp;quot;value_asset\&amp;quot;:1.6070348991980736}],\&amp;quot;message\&amp;quot;:\&amp;quot;成功\&amp;quot;}&amp;quot;">
      <![CDATA[java.lang.AssertionError: 
Expected: "{\"code\":0,\"data\":[{\"id\":\"\",\"interest\":0.245504,\"last\":true,\"name\":\"AAA\",\"period_change\":1.6070348991980736,\"value\":153.932284,\"value_asset\":1.6070348991980736},{\"id\":\"\",\"interest\":9.744934,\"last\":true,\"name\":\"AA+\",\"period_change\":-0.9880810748182647,\"value\":1419.3499339999998,\"value_asset\":14.817845995921703},{\"id\":\"\",\"interest\":102.371917,\"last\":true,\"name\":\"AA\",\"period_change\":0.3736888816910061,\"value\":6697.391916999999,\"value_asset\":69.91998211516231},{\"id\":\"\",\"interest\":7.978082000000001,\"last\":true,\"name\":\"其他\",\"period_change\":-0.9926427060708148,\"value\":1307.978082,\"value_asset\":13.655136989717892}],\"message\":\"成功\"}"
     but: was "{\"code\":0,\"data\":[{\"id\":\"\",\"interest\":0.245504,\"last\":true,\"name\":\"AAA-~无风险\",\"period_change\":1.6070348991980736,\"value\":153.932284,\"value_asset\":1.6070348991980736}],\"message\":\"成功\"}"
	at org.hamcrest.MatcherAssert.assertThat(MatcherAssert.java:20)
	at org.hamcrest.MatcherAssert.assertThat(MatcherAssert.java:8)
	at com.xyuan.ngtest.jx.test.report.get_credit_level_distribution.get_credit_level_distribution(get_credit_level_distribution.java:32)
	at java.util.concurrent.FutureTask.run(Unknown Source)
	at java.util.concurrent.ThreadPoolExecutor.runWorker(Unknown Source)
	at java.util.concurrent.ThreadPoolExecutor$Worker.run(Unknown Source)
	at java.lang.Thread.run(Unknown Source)
... Removed 16 stack frames]]>
    </failure>
  </testcase> <!-- get_credit_level_distribution -->
  <testcase name="get_interval_bond_credit_level_distribution" time="4.643" classname="com.xyuan.ngtest.jx.test.report.get_interval_bond_credit_level_distribution">
    <failure type="java.lang.AssertionError" message="
[...]
mp;quot;:1.5732864684823114,\&amp;quot;value2\&amp;quot;:19.247960180210228,\&amp;quot;value3\&amp;quot;:66.14111958259001,\&amp;quot;value4\&amp;quot;:0,\&amp;quot;value5\&amp;quot;:13.037633768717457},{\&amp;quot;date\&amp;quot;:\&amp;quot;2016-12-13\&amp;quot;,\&amp;quot;value1\&amp;quot;:1.5618749801899439,\&amp;quot;value2\&amp;quot;:19.247851787478922,\&amp;quot;value3\&amp;quot;:66.1507425912396,\&amp;quot;value4\&amp;quot;:0,\&amp;quot;value5\&amp;quot;:13.039530641091531},{\&amp;quot;date\&amp;quot;:\&amp;quot;2016-12-14\&amp;quot;,\&amp;quot;value1\&amp;quot;:1.5587926130696377,\&amp;quot;value2\&amp;quot;:19.257813876710635,\&amp;quot;value3\&amp;quot;:66.14499568940538,\&amp;quot;value4\&amp;quot;:0,\&amp;quot;value5\&amp;quot;:13.038397820814343},{\&amp;quot;date\&amp;quot;:\&amp;quot;2016-12-15\&amp;quot;,\&amp;quot;value1\&amp;quot;:1.6050310081354147,\&amp;quot;value2\&amp;quot;:14.889572140055552,\&amp;quot;value3\&amp;quot;:69.75533467244131,\&amp;quot;value4\&amp;quot;:0,\&amp;quot;value5\&amp;quot;:13.75006217936772},{\&amp;quot;date\&amp;quot;:\&amp;quot;2016-12-16\&amp;quot;,\&amp;quot;value1\&amp;quot;:1.6083349819109447,\&amp;quot;value2\&amp;quot;:14.884135012986668,\&amp;quot;value3\&amp;quot;:69.7571165790904,\&amp;quot;value4\&amp;quot;:0,\&amp;quot;value5\&amp;quot;:13.75041342601198},{\&amp;quot;date\&amp;quot;:\&amp;quot;2016-12-19\&amp;quot;,\&amp;quot;value1\&amp;quot;:1.5731899782765033,\&amp;quot;value2\&amp;quot;:14.879571961545976,\&amp;quot;value3\&amp;quot;:69.79028627560564,\&amp;quot;value4\&amp;quot;:0,\&amp;quot;value5\&amp;quot;:13.756951784571891},{\&amp;quot;date\&amp;quot;:\&amp;quot;2016-12-20\&amp;quot;,\&amp;quot;value1\&amp;quot;:1.569912888551668,\&amp;quot;value2\&amp;quot;:14.8504135920933,\&amp;quot;value3\&amp;quot;:69.81738088739696,\&amp;quot;value4\&amp;quot;:0,\&amp;quot;value5\&amp;quot;:13.762292631958061},{\&amp;quot;date\&amp;quot;:\&amp;quot;2016-12-21\&amp;quot;,\&amp;quot;value1\&amp;quot;:1.6185957493139742,\&amp;quot;value2\&amp;quot;:14.881595424045234,\&amp;quot;value3\&amp;quot;:69.75066677574883,\&amp;quot;value4\&amp;quot;:0,\&amp;quot;value5\&amp;quot;:13.749142050891958},{\&amp;quot;date\&amp;quot;:\&amp;quot;2016-12-22\&amp;quot;,\&amp;quot;value1\&amp;quot;:1.618482773816187,\&amp;quot;value2\&amp;quot;:14.887536557976842,\&amp;quot;value3\&amp;quot;:69.74579828631698,\&amp;quot;value4\&amp;quot;:0,\&amp;quot;value5\&amp;quot;:13.748182381889984},{\&amp;quot;date\&amp;quot;:\&amp;quot;2016-12-27\&amp;quot;,\&amp;quot;value1\&amp;quot;:1.6180287705723686,\&amp;quot;value2\&amp;quot;:14.903398676666342,\&amp;quot;value3\&amp;quot;:69.73292728288362,\&amp;quot;value4\&amp;quot;:0,\&amp;quot;value5\&amp;quot;:13.745645269877679},{\&amp;quot;date\&amp;quot;:\&amp;quot;2016-12-28\&amp;quot;,\&amp;quot;value1\&amp;quot;:1.6153156436053835,\&amp;quot;value2\&amp;quot;:14.901835770078016,\&amp;quot;value3\&amp;quot;:69.73649922150035,\&amp;quot;value4\&amp;quot;:0,\&amp;quot;value5\&amp;quot;:13.746349364816249},{\&amp;quot;date\&amp;quot;:\&amp;quot;2016-12-29\&amp;quot;,\&amp;quot;value1\&amp;quot;:1.6222677432397945,\&amp;quot;value2\&amp;quot;:14.896834959697111,\&amp;quot;value3\&amp;quot;:69.73486923301994,\&amp;quot;value4\&amp;quot;:0,\&amp;quot;value5\&amp;quot;:13.746028064043161},{\&amp;quot;date\&amp;quot;:\&amp;quot;2016-12-30\&amp;quot;,\&amp;quot;value1\&amp;quot;:1.624885958242328,\&amp;quot;value2\&amp;quot;:14.903346736577975,\&amp;quot;value3\&amp;quot;:69.72724259254647,\&amp;quot;value4\&amp;quot;:0,\&amp;quot;value5\&amp;quot;:13.744524712633229}]},\&amp;quot;message\&amp;quot;:\&amp;quot;成功\&amp;quot;}&amp;quot;
     but: was &amp;quot;{\&amp;quot;code\&amp;quot;:0,\&amp;quot;data\&amp;quot;:{\&amp;quot;names\&amp;quot;:[\&amp;quot;AAA-~无风险\&amp;quot;,\&amp;quot;AA+~AA\&amp;quot;,\&amp;quot;&amp;lt;AA-\&amp;quot;,\&amp;quot;A-1+~A-1\&amp;quot;,\&amp;quot;&amp;lt;A-1\&amp;quot;,\&amp;quot;无评级\&amp;quot;],\&amp;quot;values\&amp;quot;:[{\&amp;quot;date\&amp;quot;:\&amp;quot;2016-12-01\&amp;quot;,\&amp;quot;value1\&amp;quot;:0,\&amp;quot;value2\&amp;quot;:0,\&amp;quot;value3\&amp;quot;:0,\&amp;quot;value4\&amp;quot;:0,\&amp;quot;value5\&amp;quot;:0,\&amp;quot;value6\&amp;quot;:86.03707478864965},{\&amp;quot;date\&amp;quot;:\&amp;quot;2016-12-02\&amp;quot;,\&amp;quot;value1\&amp;quot;:0,\&amp;quot;value2\&amp;quot;:0,\&amp;quot;value3\&amp;quot;:0,\&amp;quot;value4\&amp;quot;:0,\&amp;quot;value5\&amp;quot;:0,\&amp;quot;value6\&amp;quot;:86.03163619503918},{\&amp;quot;date\&amp;quot;:\&amp;quot;2016-12-05\&amp;quot;,\&amp;quot;value1\&amp;quot;:0,\&amp;quot;value2\&amp;quot;:0,\&amp;quot;value3\&amp;quot;:0,\&amp;quot;value4\&amp;quot;:0,\&amp;quot;value5\&amp;quot;:0,\&amp;quot;value6\&amp;quot;:86.05184636001474},{\&amp;quot;date\&amp;quot;:\&amp;quot;2016-12-06\&amp;quot;,\&amp;quot;value1\&amp;quot;:0,\&amp;quot;value2\&amp;quot;:0,\&amp;quot;value3\&amp;quot;:0,\&amp;quot;value4\&amp;quot;:0,\&amp;quot;value5\&amp;quot;:0,\&amp;quot;value6\&amp;quot;:86.05162935745759},{\&amp;quot;date\&amp;quot;:\&amp;quot;2016-12-07\&amp;quot;,\&amp;quot;value1\&amp;quot;:0,\&amp;quot;value2\&amp;quot;:0,\&amp;quot;value3\&amp;quot;:0,\&amp;quot;value4\&amp;quot;:0,\&amp;quot;value5\&amp;quot;:0,\&amp;quot;value6\&amp;quot;:86.05053675924997},{\&amp;quot;date\&amp;quot;:\&amp;quot;2016-12-08\&amp;quot;,\&amp;quot;value1\&amp;quot;:0,\&amp;quot;value2\&amp;quot;:0,\&amp;quot;value3\&amp;quot;:0,\&amp;quot;value4\&amp;quot;:0,\&amp;quot;value5\&amp;quot;:0,\&amp;quot;value6\&amp;quot;:86.05097082560548},{\&amp;quot;date\&amp;quot;:\&amp;quot;2016-12-09\&amp;quot;,\&amp;quot;value1\&amp;quot;:0,\&amp;quot;value2\&amp;quot;:0,\&amp;quot;value3\&amp;quot;:0,\&amp;quot;value4\&amp;quot;:0,\&amp;quot;value5\&amp;quot;:0,\&amp;quot;value6\&amp;quot;:86.05140486494808},{\&amp;quot;date\&amp;quot;:\&amp;quot;2016-12-12\&amp;quot;,\&amp;quot;value1\&amp;quot;:1.5732864684823114,\&amp;quot;value2\&amp;quot;:0,\&amp;quot;value3\&amp;quot;:0,\&amp;quot;value4\&amp;quot;:0,\&amp;quot;value5\&amp;quot;:0,\&amp;quot;value6\&amp;quot;:85.38907976280024},{\&amp;quot;date\&amp;quot;:\&amp;quot;2016-12-13\&amp;quot;,\&amp;quot;value1\&amp;quot;:1.5618749801899439,\&amp;quot;value2\&amp;quot;:0,\&amp;quot;value3\&amp;quot;:0,\&amp;quot;value4\&amp;quot;:0,\&amp;quot;value5\&amp;quot;:0,\&amp;quot;value6\&amp;quot;:85.39859437871851},{\&amp;quot;date\&amp;quot;:\&amp;quot;2016-12-14\&amp;quot;,\&amp;quot;value1\&amp;quot;:1.5587926130696377,\&amp;quot;value2\&amp;quot;:0,\&amp;quot;value3\&amp;quot;:0,\&amp;quot;value4\&amp;quot;:0,\&amp;quot;value5\&amp;quot;:0,\&amp;quot;value6\&amp;quot;:85.402809566116},{\&amp;quot;date\&amp;quot;:\&amp;quot;2016-12-15\&amp;quot;,\&amp;quot;value1\&amp;quot;:1.6050310081354147,\&amp;quot;value2\&amp;quot;:0,\&amp;quot;value3\&amp;quot;:0,\&amp;quot;value4\&amp;quot;:0,\&amp;quot;value5\&amp;quot;:0,\&amp;quot;value6\&amp;quot;:84.64490681249687},{\&amp;quot;date\&amp;quot;:\&amp;quot;2016-12-16\&amp;quot;,\&amp;quot;value1\&amp;quot;:1.6083349819109447,\&amp;quot;value2\&amp;quot;:0,\&amp;quot;value3\&amp;quot;:0,\&amp;quot;value4\&amp;quot;:0,\&amp;quot;value5\&amp;quot;:0,\&amp;quot;value6\&amp;quot;:84.64125159207705},{\&amp;quot;date\&amp;quot;:\&amp;quot;2016-12-19\&amp;quot;,\&amp;quot;value1\&amp;quot;:1.5731899782765033,\&amp;quot;value2\&amp;quot;:0,\&amp;quot;value3\&amp;quot;:0,\&amp;quot;value4\&amp;quot;:0,\&amp;quot;value5\&amp;quot;:0,\&amp;quot;value6\&amp;quot;:84.66985823715162},{\&amp;quot;date\&amp;quot;:\&amp;quot;2016-12-20\&amp;quot;,\&amp;quot;value1\&amp;quot;:1.569912888551668,\&amp;quot;value2\&amp;quot;:0,\&amp;quot;value3\&amp;quot;:0,\&amp;quot;value4\&amp;quot;:0,\&amp;quot;value5\&amp;quot;:0,\&amp;quot;value6\&amp;quot;:84.66779447949027},{\&amp;quot;date\&amp;quot;:\&amp;quot;2016-12-21\&amp;quot;,\&amp;quot;value1\&amp;quot;:1.6185957493139742,\&amp;quot;value2\&amp;quot;:0,\&amp;quot;value3\&amp;quot;:0,\&amp;quot;value4\&amp;quot;:0,\&amp;quot;value5\&amp;quot;:0,\&amp;quot;value6\&amp;quot;:84.63226219979406},{\&amp;quot;date\&amp;quot;:\&amp;quot;2016-12-22\&amp;quot;,\&amp;quot;value1\&amp;quot;:1.618482773816187,\&amp;quot;value2\&amp;quot;:0,\&amp;quot;value3\&amp;quot;:0,\&amp;quot;value4\&amp;quot;:0,\&amp;quot;value5\&amp;quot;:0,\&amp;quot;value6\&amp;quot;:84.63333484429383},{\&amp;quot;date\&amp;quot;:\&amp;quot;2016-12-27\&amp;quot;,\&amp;quot;value1\&amp;quot;:1.6180287705723686,\&amp;quot;value2\&amp;quot;:0,\&amp;quot;value3\&amp;quot;:0,\&amp;quot;value4\&amp;quot;:0,\&amp;quot;value5\&amp;quot;:0,\&amp;quot;value6\&amp;quot;:84.63632595954996},{\&amp;quot;date\&amp;quot;:\&amp;quot;2016-12-28\&amp;quot;,\&amp;quot;value1\&amp;quot;:1.6153156436053835,\&amp;quot;value2\&amp;quot;:0,\&amp;quot;value3\&amp;quot;:0,\&amp;quot;value4\&amp;quot;:0,\&amp;quot;value5\&amp;quot;:0,\&amp;quot;value6\&amp;quot;:84.63833499157838},{\&amp;quot;date\&amp;quot;:\&amp;quot;2016-12-29\&amp;quot;,\&amp;quot;value1\&amp;quot;:1.6222677432397945,\&amp;quot;value2\&amp;quot;:0,\&amp;quot;value3\&amp;quot;:0,\&amp;quot;value4\&amp;quot;:0,\&amp;quot;value5\&amp;quot;:0,\&amp;quot;value6\&amp;quot;:84.63170419271705},{\&amp;quot;date\&amp;quot;:\&amp;quot;2016-12-30\&amp;quot;,\&amp;quot;value1\&amp;quot;:1.624885958242328,\&amp;quot;value2\&amp;quot;:0,\&amp;quot;value3\&amp;quot;:0,\&amp;quot;value4\&amp;quot;:0,\&amp;quot;value5\&amp;quot;:0,\&amp;quot;value6\&amp;quot;:84.63058932912445}]},\&amp;quot;message\&amp;quot;:\&amp;quot;成功\&amp;quot;}&amp;quot;">
      <![CDATA[java.lang.AssertionError: 
Expected: "{\"code\":0,\"data\":{\"names\":[\"AAA\",\"AA+\",\"AA\",\"A-1\",\"其他\"],\"values\":[{\"date\":\"2016-12-01\",\"value1\":0,\"value2\":15.200255199310018,\"value3\":70.83681958933963,\"value4\":0,\"value5\":13.962925211350354},{\"date\":\"2016-12-02\",\"value1\":0,\"value2\":15.167225490759659,\"value3\":70.86441070427952,\"value4\":0,\"value5\":13.96836380496081},{\"date\":\"2016-12-05\",\"value1\":0,\"value2\":15.289966020151862,\"value3\":70.76188033986287,\"value4\":0,\"value5\":13.94815363998528},{\"date\":\"2016-12-06\",\"value1\":0,\"value2\":15.288648118552567,\"value3\":70.76298123890501,\"value4\":0,\"value5\":13.948370642542423},{\"date\":\"2016-12-07\",\"value1\":0,\"value2\":15.28362209616438,\"value3\":70.76691466308559,\"value4\":0,\"value5\":13.94946324075003},{\"date\":\"2016-12-08\",\"value1\":0,\"value2\":15.28625822120907,\"value3\":70.76471260439641,\"value4\":0,\"value5\":13.949029174394518},{\"date\":\"2016-12-09\",\"value1\":0,\"value2\":15.288894182201915,\"value3\":70.76251068274617,\"value4\":0,\"value5\":13.948595135051908},{\"date\":\"2016-12-12\",\"value1\":1.5732864684823114,\"value2\":19.247960180210228,\"value3\":66.14111958259001,\"value4\":0,\"value5\":13.037633768717457},{\"date\":\"2016-12-13\",\"value1\":1.5618749801899439,\"value2\":19.247851787478922,\"value3\":66.1507425912396,\"value4\":0,\"value5\":13.039530641091531},{\"date\":\"2016-12-14\",\"value1\":1.5587926130696377,\"value2\":19.257813876710635,\"value3\":66.14499568940538,\"value4\":0,\"value5\":13.038397820814343},{\"date\":\"2016-12-15\",\"value1\":1.6050310081354147,\"value2\":14.889572140055552,\"value3\":69.75533467244131,\"value4\":0,\"value5\":13.75006217936772},{\"date\":\"2016-12-16\",\"value1\":1.6083349819109447,\"value2\":14.884135012986668,\"value3\":69.7571165790904,\"value4\":0,\"value5\":13.75041342601198},{\"date\":\"2016-12-19\",\"value1\":1.5731899782765033,\"value2\":14.879571961545976,\"value3\":69.79028627560564,\"value4\":0,\"value5\":13.756951784571891},{\"date\":\"2016-12-20\",\"value1\":1.569912888551668,\"value2\":14.8504135920933,\"value3\":69.81738088739696,\"value4\":0,\"value5\":13.762292631958061},{\"date\":\"2016-12-21\",\"value1\":1.6185957493139742,\"value2\":14.881595424045234,\"value3\":69.75066677574883,\"value4\":0,\"value5\":13.749142050891958},{\"date\":\"2016-12-22\",\"value1\":1.618482773816187,\"value2\":14.887536557976842,\"value3\":69.74579828631698,\"value4\":0,\"value5\":13.748182381889984},{\"date\":\"2016-12-27\",\"value1\":1.6180287705723686,\"value2\":14.903398676666342,\"value3\":69.73292728288362,\"value4\":0,\"value5\":13.745645269877679},{\"date\":\"2016-12-28\",\"value1\":1.6153156436053835,\"value2\":14.901835770078016,\"value3\":69.73649922150035,\"value4\":0,\"value5\":13.746349364816249},{\"date\":\"2016-12-29\",\"value1\":1.6222677432397945,\"value2\":14.896834959697111,\"value3\":69.73486923301994,\"value4\":0,\"value5\":13.746028064043161},{\"date\":\"2016-12-30\",\"value1\":1.624885958242328,\"value2\":14.903346736577975,\"value3\":69.72724259254647,\"value4\":0,\"value5\":13.744524712633229}]},\"message\":\"成功\"}"
     but: was "{\"code\":0,\"data\":{\"names\":[\"AAA-~无风险\",\"AA+~AA\",\"<AA-\",\"A-1+~A-1\",\"<A-1\",\"无评级\"],\"values\":[{\"date\":\"2016-12-01\",\"value1\":0,\"value2\":0,\"value3\":0,\"value4\":0,\"value5\":0,\"value6\":86.03707478864965},{\"date\":\"2016-12-02\",\"value1\":0,\"value2\":0,\"value3\":0,\"value4\":0,\"value5\":0,\"value6\":86.03163619503918},{\"date\":\"2016-12-05\",\"value1\":0,\"value2\":0,\"value3\":0,\"value4\":0,\"value5\":0,\"value6\":86.05184636001474},{\"date\":\"2016-12-06\",\"value1\":0,\"value2\":0,\"value3\":0,\"value4\":0,\"value5\":0,\"value6\":86.05162935745759},{\"date\":\"2016-12-07\",\"value1\":0,\"value2\":0,\"value3\":0,\"value4\":0,\"value5\":0,\"value6\":86.05053675924997},{\"date\":\"2016-12-08\",\"value1\":0,\"value2\":0,\"value3\":0,\"value4\":0,\"value5\":0,\"value6\":86.05097082560548},{\"date\":\"2016-12-09\",\"value1\":0,\"value2\":0,\"value3\":0,\"value4\":0,\"value5\":0,\"value6\":86.05140486494808},{\"date\":\"2016-12-12\",\"value1\":1.5732864684823114,\"value2\":0,\"value3\":0,\"value4\":0,\"value5\":0,\"value6\":85.38907976280024},{\"date\":\"2016-12-13\",\"value1\":1.5618749801899439,\"value2\":0,\"value3\":0,\"value4\":0,\"value5\":0,\"value6\":85.39859437871851},{\"date\":\"2016-12-14\",\"value1\":1.5587926130696377,\"value2\":0,\"value3\":0,\"value4\":0,\"value5\":0,\"value6\":85.402809566116},{\"date\":\"2016-12-15\",\"value1\":1.6050310081354147,\"value2\":0,\"value3\":0,\"value4\":0,\"value5\":0,\"value6\":84.64490681249687},{\"date\":\"2016-12-16\",\"value1\":1.6083349819109447,\"value2\":0,\"value3\":0,\"value4\":0,\"value5\":0,\"value6\":84.64125159207705},{\"date\":\"2016-12-19\",\"value1\":1.5731899782765033,\"value2\":0,\"value3\":0,\"value4\":0,\"value5\":0,\"value6\":84.66985823715162},{\"date\":\"2016-12-20\",\"value1\":1.569912888551668,\"value2\":0,\"value3\":0,\"value4\":0,\"value5\":0,\"value6\":84.66779447949027},{\"date\":\"2016-12-21\",\"value1\":1.6185957493139742,\"value2\":0,\"value3\":0,\"value4\":0,\"value5\":0,\"value6\":84.63226219979406},{\"date\":\"2016-12-22\",\"value1\":1.618482773816187,\"value2\":0,\"value3\":0,\"value4\":0,\"value5\":0,\"value6\":84.63333484429383},{\"date\":\"2016-12-27\",\"value1\":1.6180287705723686,\"value2\":0,\"value3\":0,\"value4\":0,\"value5\":0,\"value6\":84.63632595954996},{\"date\":\"2016-12-28\",\"value1\":1.6153156436053835,\"value2\":0,\"value3\":0,\"value4\":0,\"value5\":0,\"value6\":84.63833499157838},{\"date\":\"2016-12-29\",\"value1\":1.6222677432397945,\"value2\":0,\"value3\":0,\"value4\":0,\"value5\":0,\"value6\":84.63170419271705},{\"date\":\"2016-12-30\",\"value1\":1.624885958242328,\"value2\":0,\"value3\":0,\"value4\":0,\"value5\":0,\"value6\":84.63058932912445}]},\"message\":\"成功\"}"
	at org.hamcrest.MatcherAssert.assertThat(MatcherAssert.java:20)
	at org.hamcrest.MatcherAssert.assertThat(MatcherAssert.java:8)
	at com.xyuan.ngtest.jx.test.report.get_interval_bond_credit_level_distribution.get_interval_bond_credit_level_distribution(get_interval_bond_credit_level_distribution.java:32)
	at java.util.concurrent.FutureTask.run(Unknown Source)
	at java.util.concurrent.ThreadPoolExecutor.runWorker(Unknown Source)
	at java.util.concurrent.ThreadPoolExecutor$Worker.run(Unknown Source)
	at java.lang.Thread.run(Unknown Source)
... Removed 16 stack frames]]>
    </failure>
  </testcase> <!-- get_interval_bond_credit_level_distribution -->
  <testcase name="get_key_year_duration" time="0.21" classname="com.xyuan.ngtest.jx.test.report.get_key_year_duration">
    <failure type="java.lang.AssertionError" message="
Expected: &amp;quot;{\&amp;quot;code\&amp;quot;:0,\&amp;quot;data\&amp;quot;:[{\&amp;quot;id\&amp;quot;:\&amp;quot;\&amp;quot;,\&amp;quot;last\&amp;quot;:true,\&amp;quot;name\&amp;quot;:\&amp;quot;企业债\&amp;quot;,\&amp;quot;remain_date\&amp;quot;:0.10535761784805199,\&amp;quot;y1\&amp;quot;:0.08298114442288314,\&amp;quot;y10\&amp;quot;:0,\&amp;quot;y15\&amp;quot;:0,\&amp;quot;y2\&amp;quot;:0,\&amp;quot;y3\&amp;quot;:0,\&amp;quot;y5\&amp;quot;:0,\&amp;quot;y7\&amp;quot;:0},{\&amp;quot;id\&amp;quot;:\&amp;quot;\&amp;quot;,\&amp;quot;last\&amp;quot;:true,\&amp;quot;name\&amp;quot;:\&amp;quot;公司债\&amp;quot;,\&amp;quot;remain_date\&amp;quot;:1.4809033659759703,\&amp;quot;y1\&amp;quot;:0.1474756308571088,\&amp;quot;y10\&amp;quot;:0.32677733513796875,\&amp;quot;y15\&amp;quot;:0.048664826359293235,\&amp;quot;y2\&amp;quot;:0.40042137290519403,\&amp;quot;y3\&amp;quot;:0.4023321007108637,\&amp;quot;y5\&amp;quot;:0.0059133706305370915,\&amp;quot;y7\&amp;quot;:0.010511907921153812}],\&amp;quot;message\&amp;quot;:\&amp;quot;成功\&amp;quot;}&amp;quot;
     but: was &amp;quot;{\&amp;quot;code\&amp;quot;:0,\&amp;quot;data\&amp;quot;:[{\&amp;quot;name\&amp;quot;:\&amp;quot;企业债\&amp;quot;,\&amp;quot;remain_date\&amp;quot;:0.10535761784805199,\&amp;quot;y1\&amp;quot;:0.08298114442288314,\&amp;quot;y10\&amp;quot;:0,\&amp;quot;y15\&amp;quot;:0,\&amp;quot;y2\&amp;quot;:0,\&amp;quot;y3\&amp;quot;:0,\&amp;quot;y5\&amp;quot;:0,\&amp;quot;y7\&amp;quot;:0},{\&amp;quot;name\&amp;quot;:\&amp;quot;公司债\&amp;quot;,\&amp;quot;remain_date\&amp;quot;:1.4809033659759703,\&amp;quot;y1\&amp;quot;:0.1474756308571088,\&amp;quot;y10\&amp;quot;:0.32677733513796875,\&amp;quot;y15\&amp;quot;:0.048664826359293235,\&amp;quot;y2\&amp;quot;:0.40042137290519403,\&amp;quot;y3\&amp;quot;:0.4023321007108637,\&amp;quot;y5\&amp;quot;:0.0059133706305370915,\&amp;quot;y7\&amp;quot;:0.010511907921153812}],\&amp;quot;message\&amp;quot;:\&amp;quot;成功\&amp;quot;}&amp;quot;">
      <![CDATA[java.lang.AssertionError: 
Expected: "{\"code\":0,\"data\":[{\"id\":\"\",\"last\":true,\"name\":\"企业债\",\"remain_date\":0.10535761784805199,\"y1\":0.08298114442288314,\"y10\":0,\"y15\":0,\"y2\":0,\"y3\":0,\"y5\":0,\"y7\":0},{\"id\":\"\",\"last\":true,\"name\":\"公司债\",\"remain_date\":1.4809033659759703,\"y1\":0.1474756308571088,\"y10\":0.32677733513796875,\"y15\":0.048664826359293235,\"y2\":0.40042137290519403,\"y3\":0.4023321007108637,\"y5\":0.0059133706305370915,\"y7\":0.010511907921153812}],\"message\":\"成功\"}"
     but: was "{\"code\":0,\"data\":[{\"name\":\"企业债\",\"remain_date\":0.10535761784805199,\"y1\":0.08298114442288314,\"y10\":0,\"y15\":0,\"y2\":0,\"y3\":0,\"y5\":0,\"y7\":0},{\"name\":\"公司债\",\"remain_date\":1.4809033659759703,\"y1\":0.1474756308571088,\"y10\":0.32677733513796875,\"y15\":0.048664826359293235,\"y2\":0.40042137290519403,\"y3\":0.4023321007108637,\"y5\":0.0059133706305370915,\"y7\":0.010511907921153812}],\"message\":\"成功\"}"
	at org.hamcrest.MatcherAssert.assertThat(MatcherAssert.java:20)
	at org.hamcrest.MatcherAssert.assertThat(MatcherAssert.java:8)
	at com.xyuan.ngtest.jx.test.report.get_key_year_duration.get_key_year_duration(get_key_year_duration.java:32)
	at java.util.concurrent.FutureTask.run(Unknown Source)
	at java.util.concurrent.ThreadPoolExecutor.runWorker(Unknown Source)
	at java.util.concurrent.ThreadPoolExecutor$Worker.run(Unknown Source)
	at java.lang.Thread.run(Unknown Source)
... Removed 16 stack frames]]>
    </failure>
  </testcase> <!-- get_key_year_duration -->
  <testcase name="get_bond_rating_analysis" time="0.321" classname="com.xyuan.ngtest.jx.test.report.get_bond_rating_analysis"/>
</testsuite> <!-- Bond_Report -->
