<?xml version="1.0" encoding="UTF-8"?>
<!-- Generated by org.testng.reporters.JUnitXMLReporter -->
<testsuite hostname="PC-liangxuqing" name="compTest" tests="38" failures="0" timestamp="25 Sep 2017 07:39:36 GMT" time="9.224" errors="0">
  <testcase name="login" time="0.208" classname="com.xyuan.ngtest.ps.comp.login"/>
  <testcase name="all_search" time="0.247" classname="com.xyuan.ngtest.ps.comp.all_search"/>
  <testcase name="all_search" time="0.227" classname="com.xyuan.ngtest.ps.comp.all_search"/>
  <testcase name="comp_search" time="0.249" classname="com.xyuan.ngtest.ps.comp.comp_search"/>
  <testcase name="comp_search" time="0.258" classname="com.xyuan.ngtest.ps.comp.comp_search"/>
  <testcase name="comp_search" time="0.179" classname="com.xyuan.ngtest.ps.comp.comp_search"/>
  <testcase name="comp_search" time="0.723" classname="com.xyuan.ngtest.ps.comp.comp_search"/>
  <testcase name="comp_search" time="0.272" classname="com.xyuan.ngtest.ps.comp.comp_search"/>
  <testcase name="comp_search" time="0.237" classname="com.xyuan.ngtest.ps.comp.comp_search"/>
  <testcase name="comp_tree" time="0.13" classname="com.xyuan.ngtest.ps.comp.comp_tree"/>
  <testcase name="dimenum" time="0.121" classname="com.xyuan.ngtest.ps.comp.dimenum"/>
  <testcase name="comp_askcontext" time="0.491" classname="com.xyuan.ngtest.ps.comp.comp_askcontext"/>
  <testcase name="comp_baseinfo" time="0.112" classname="com.xyuan.ngtest.ps.comp.comp_baseinfo"/>
  <testcase name="comp_descinfo" time="0.121" classname="com.xyuan.ngtest.ps.comp.comp_descinfo"/>
  <testcase name="comp_fundinfo" time="0.121" classname="com.xyuan.ngtest.ps.comp.comp_fundinfo"/>
  <testcase name="comp_newsinfo" time="0.118" classname="com.xyuan.ngtest.ps.comp.comp_newsinfo"/>
  <testcase name="comp_prizeinfo" time="0.119" classname="com.xyuan.ngtest.ps.comp.comp_prizeinfo"/>
  <testcase name="comp_buss_bsinfo" time="0.116" classname="com.xyuan.ngtest.ps.comp.comp_buss_bsinfo"/>
  <testcase name="comp_buss_changehis" time="0.265" classname="com.xyuan.ngtest.ps.comp.comp_buss_changehis"/>
  <testcase name="comp_buss_shareholderinfo" time="0.156" classname="com.xyuan.ngtest.ps.comp.comp_buss_shareholderinfo"/>
  <testcase name="comp_run_infos" time="0.174" classname="com.xyuan.ngtest.ps.comp.comp_run_infos"/>
  <testcase name="comp_run_infos" time="0.139" classname="com.xyuan.ngtest.ps.comp.comp_run_infos"/>
  <testcase name="comp_run_infos" time="0.129" classname="com.xyuan.ngtest.ps.comp.comp_run_infos"/>
  <testcase name="comp_run_infos" time="0.167" classname="com.xyuan.ngtest.ps.comp.comp_run_infos"/>
  <testcase name="comp_run_intinfos" time="0.154" classname="com.xyuan.ngtest.ps.comp.comp_run_intinfos"/>
  <testcase name="comp_run_intinfos" time="0.188" classname="com.xyuan.ngtest.ps.comp.comp_run_intinfos"/>
  <testcase name="comp_run_intinfos" time="0.185" classname="com.xyuan.ngtest.ps.comp.comp_run_intinfos"/>
  <testcase name="comp_run_intinfos" time="0.162" classname="com.xyuan.ngtest.ps.comp.comp_run_intinfos"/>
  <testcase name="comp_run_intinfos" time="0.161" classname="com.xyuan.ngtest.ps.comp.comp_run_intinfos"/>
  <testcase name="comp_run_investabroad" time="0.232" classname="com.xyuan.ngtest.ps.comp.comp_run_investabroad"/>
  <testcase name="comp_run_recruitinfo" time="0.242" classname="com.xyuan.ngtest.ps.comp.comp_run_recruitinfo"/>
  <testcase name="comp_run_taxinfo" time="0.143" classname="com.xyuan.ngtest.ps.comp.comp_run_taxinfo"/>
  <testcase name="comp_yearreport_baseinfo" time="0.243" classname="com.xyuan.ngtest.ps.comp.comp_yearreport_baseinfo"/>
  <testcase name="comp_yearreport_investinfo" time="0.173" classname="com.xyuan.ngtest.ps.comp.comp_yearreport_investinfo"/>
  <testcase name="comp_yearreport_sponsor" time="0.333" classname="com.xyuan.ngtest.ps.comp.comp_yearreport_sponsor"/>
  <testcase name="comp_yearreport_years" time="0.204" classname="com.xyuan.ngtest.ps.comp.comp_yearreport_years"/>
  <testcase name="comp_askcontextdetail" time="0.137" classname="com.xyuan.ngtest.ps.comp.comp_askcontextdetail"/>
  <testcase name="comp_run_recruitinfodetail" time="0.111" classname="com.xyuan.ngtest.ps.comp.comp_run_recruitinfodetail"/>
</testsuite> <!-- compTest -->
