<?xml version="1.0" encoding="UTF-8"?>
<!-- Generated by org.testng.reporters.JUnitXMLReporter -->
<testsuite hostname="PC-liangxuqing" name="test" tests="7" failures="4" timestamp="27 Sep 2017 07:30:58 GMT" time="3.347" errors="0">
  <testcase name="login" time="0.24" classname="com.xyuan.ngtest.ps.comp.login"/>
  <testcase name="comp_search" time="0.252" classname="com.xyuan.ngtest.ps.comp.comp_search">
    <failure type="java.lang.AssertionError" message="
Expected: a string containing &amp;quot;{\&amp;quot;sta\&amp;quot;:1,\&amp;quot;data\&amp;quot;:{\&amp;quot;result\&amp;quot;:[{\&amp;quot;compId\&amp;quot;:132658,\&amp;quot;compFullName\&amp;quot;:\&amp;quot;北京和通天下投资管理有限公司\&amp;quot;,\&amp;quot;foundDate\&amp;quot;:\&amp;quot;2016-09-30\&amp;quot;,\&amp;quot;legalRepresentative\&amp;quot;:\&amp;quot;郑益民\&amp;quot;,\&amp;quot;addrPro\&amp;quot;:\&amp;quot;北京市\&amp;quot;,\&amp;quot;mainStrategyType\&amp;quot;:\&amp;quot;私募证券投资基金管理人\&amp;quot;},{\&amp;quot;compId\&amp;quot;:112230,\&amp;quot;compFullName\&amp;quot;:\&amp;quot;北京汇聚天下基金管理有限公司\&amp;quot;,\&amp;quot;foundDate\&amp;quot;:\&amp;quot;2014-07-23\&amp;quot;,\&amp;quot;legalRepresentative\&amp;quot;:\&amp;quot;李关峥\&amp;quot;,\&amp;quot;addrPro\&amp;quot;:\&amp;quot;北京市\&amp;quot;,\&amp;quot;registerNo\&amp;quot;:\&amp;quot;P1020128\&amp;quot;,\&amp;quot;mainStrategyType\&amp;quot;:\&amp;quot;私募证券投资基金管理人\&amp;quot;},{\&amp;quot;compId\&amp;quot;:126411,\&amp;quot;compFullName\&amp;quot;:\&amp;quot;北京融鑫天下投资管理有限公司\&amp;quot;,\&amp;quot;foundDate\&amp;quot;:\&amp;quot;2016-01-06\&amp;quot;,\&amp;quot;legalRepresentative\&amp;quot;:\&amp;quot;马小惠\&amp;quot;,\&amp;quot;addrPro\&amp;quot;:\&amp;quot;北京市\&amp;quot;,\&amp;quot;registerNo\&amp;quot;:\&amp;quot;P1030881\&amp;quot;,\&amp;quot;mainStrategyType\&amp;quot;:\&amp;quot;私募证券投资基金管理人\&amp;quot;},{\&amp;quot;compId\&amp;quot;:101462,\&amp;quot;compFullName\&amp;quot;:\&amp;quot;北京晟视天下投资管理有限公司\&amp;quot;,\&amp;quot;foundDate\&amp;quot;:\&amp;quot;2013-11-30\&amp;quot;,\&amp;quot;legalRepresentative\&amp;quot;:\&amp;quot;蒋煜\&amp;quot;,\&amp;quot;addrPro\&amp;quot;:\&amp;quot;北京市\&amp;quot;,\&amp;quot;registerNo\&amp;quot;:\&amp;quot;P1003023\&amp;quot;,\&amp;quot;mainStrategyType\&amp;quot;:\&amp;quot;其他私募投资基金管理人\&amp;quot;},{\&amp;quot;compId\&amp;quot;:102508,\&amp;quot;compFullName\&amp;quot;:\&amp;quot;北京天下屯蒙投资管理有限公司\&amp;quot;,\&amp;quot;foundDate\&amp;quot;:\&amp;quot;2014-05-04\&amp;quot;,\&amp;quot;legalRepresentative\&amp;quot;:\&amp;quot;侯彬\&amp;quot;,\&amp;quot;addrPro\&amp;quot;:\&amp;quot;北京市\&amp;quot;,\&amp;quot;registerNo\&amp;quot;:\&amp;quot;P1003939\&amp;quot;,\&amp;quot;mainStrategyType\&amp;quot;:\&amp;quot;私募证券投资基金管理人\&amp;quot;},{\&amp;quot;compId\&amp;quot;:121389,\&amp;quot;compFullName\&amp;quot;:\&amp;quot;北京问道天下投资有限公司\&amp;quot;,\&amp;quot;foundDate\&amp;quot;:\&amp;quot;2015-07-13\&amp;quot;,\&amp;quot;legalRepresentative\&amp;quot;:\&amp;quot;杨晓帆\&amp;quot;,\&amp;quot;addrPro\&amp;quot;:\&amp;quot;北京市\&amp;quot;,\&amp;quot;registerNo\&amp;quot;:\&amp;quot;P1026902\&amp;quot;,\&amp;quot;mainStrategyType\&amp;quot;:\&amp;quot;私募证券投资基金管理人\&amp;quot;},{\&amp;quot;compId\&amp;quot;:123410,\&amp;quot;compFullName\&amp;quot;:\&amp;quot;北京五岳天下投资咨询有限公司\&amp;quot;,\&amp;quot;foundDate\&amp;quot;:\&amp;quot;2012-11-19\&amp;quot;,\&amp;quot;legalRepresentative\&amp;quot;:\&amp;quot;赵维国\&amp;quot;,\&amp;quot;addrPro\&amp;quot;:\&amp;quot;北京市\&amp;quot;,\&amp;quot;registerNo\&amp;quot;:\&amp;quot;P1001175\&amp;quot;,\&amp;quot;mainStrategyType\&amp;quot;:\&amp;quot;私募股权、创业投资基金管理人\&amp;quot;},{\&amp;quot;compId\&amp;quot;:122105,\&amp;quot;compFullName\&amp;quot;:\&amp;quot;北京易达天下资产管理有限公司\&amp;quot;,\&amp;quot;foundDate\&amp;quot;:\&amp;quot;2015-10-22\&amp;quot;,\&amp;quot;legalRepresentative\&amp;quot;:\&amp;quot;于海洋\&amp;quot;,\&amp;quot;addrPro\&amp;quot;:\&amp;quot;北京市\&amp;quot;,\&amp;quot;registerNo\&amp;quot;:\&amp;quot;P1027287\&amp;quot;,\&amp;quot;mainStrategyType\&amp;quot;:\&amp;quot;私募证券投资基金管理人\&amp;quot;},{\&amp;quot;compId\&amp;quot;:110317,\&amp;quot;compFullName\&amp;quot;:\&amp;quot;北京元汇天下投资管理有限公司\&amp;quot;,\&amp;quot;foundDate\&amp;quot;:\&amp;quot;2013-07-12\&amp;quot;,\&amp;quot;legalRepresentative\&amp;quot;:\&amp;quot;李士伟\&amp;quot;,\&amp;quot;addrPro\&amp;quot;:\&amp;quot;北京市\&amp;quot;,\&amp;quot;registerNo\&amp;quot;:\&amp;quot;P1020002\&amp;quot;},{\&amp;quot;compId\&amp;quot;:122457,\&amp;quot;compFullName\&amp;quot;:\&amp;quot;成都富汇天下股权投资基金管理有限公司\&amp;quot;,\&amp;quot;foundDate\&amp;quot;:\&amp;quot;2014-09-26\&amp;quot;,\&amp;quot;legalRepresentative\&amp;quot;:\&amp;quot;蒋美荣\&amp;quot;,\&amp;quot;addrPro\&amp;quot;:\&amp;quot;四川省\&amp;quot;,\&amp;quot;registerNo\&amp;quot;:\&amp;quot;P1016184\&amp;quot;,\&amp;quot;mainStrategyType\&amp;quot;:\&amp;quot;私募股权、创业投资基金管理人\&amp;quot;},{\&amp;quot;compId\&amp;quot;:124091,\&amp;quot;compFullName\&amp;quot;:\&amp;quot;成都惠泽天下股权投资基金管理有限公司\&amp;quot;,\&amp;quot;foundDate\&amp;quot;:\&amp;quot;2012-10-24\&amp;quot;,\&amp;quot;legalRepresentative\&amp;quot;:\&amp;quot;蒋美荣\&amp;quot;,\&amp;quot;addrPro\&amp;quot;:\&amp;quot;四川省\&amp;quot;,\&amp;quot;registerNo\&amp;quot;:\&amp;quot;P1002577\&amp;quot;,\&amp;quot;mainStrategyType\&amp;quot;:\&amp;quot;私募股权、创业投资基金管理人\&amp;quot;},{\&amp;quot;compId\&amp;quot;:125448,\&amp;quot;compFullName\&amp;quot;:\&amp;quot;福建省掌经天下资产管理有限公司\&amp;quot;,\&amp;quot;foundDate\&amp;quot;:\&amp;quot;2015-09-21\&amp;quot;,\&amp;quot;legalRepresentative\&amp;quot;:\&amp;quot;叶晓忠\&amp;quot;,\&amp;quot;addrPro\&amp;quot;:\&amp;quot;福建省\&amp;quot;,\&amp;quot;registerNo\&amp;quot;:\&amp;quot;P1029910\&amp;quot;,\&amp;quot;mainStrategyType\&amp;quot;:\&amp;quot;私募证券投资基金管理人\&amp;quot;},{\&amp;quot;compId\&amp;quot;:132676,\&amp;quot;compFullName\&amp;quot;:\&amp;quot;广东天下有道投资控股有限公司\&amp;quot;,\&amp;quot;foundDate\&amp;quot;:\&amp;quot;2017-01-22\&amp;quot;,\&amp;quot;legalRepresentative\&amp;quot;:\&amp;quot;华山\&amp;quot;,\&amp;quot;addrPro\&amp;quot;:\&amp;quot;广东省\&amp;quot;,\&amp;quot;mainStrategyType\&amp;quot;:\&amp;quot;私募股权、创业投资基金管理人\&amp;quot;},{\&amp;quot;compId\&amp;quot;:115197,\&amp;quot;compFullName\&amp;quot;:\&amp;quot;广东智天下资产管理有限公司\&amp;quot;,\&amp;quot;foundDate\&amp;quot;:\&amp;quot;2015-04-28\&amp;quot;,\&amp;quot;legalRepresentative\&amp;quot;:\&amp;quot;梁于恒\&amp;quot;,\&amp;quot;addrPro\&amp;quot;:\&amp;quot;广东省\&amp;quot;,\&amp;quot;registerNo\&amp;quot;:\&amp;quot;P1015533\&amp;quot;,\&amp;quot;mainStrategyType\&amp;quot;:\&amp;quot;私募证券投资基金管理人\&amp;quot;},{\&amp;quot;compId\&amp;quot;:114065,\&amp;quot;compFullName\&amp;quot;:\&amp;quot;国融天下投资基金管理（北京）有限公司\&amp;quot;,\&amp;quot;foundDate\&amp;quot;:\&amp;quot;2014-12-24\&amp;quot;,\&amp;quot;legalRepresentative\&amp;quot;:\&amp;quot;蔡新平\&amp;quot;,\&amp;quot;addrPro\&amp;quot;:\&amp;quot;北京市\&amp;quot;,\&amp;quot;registerNo\&amp;quot;:\&amp;quot;P1006865\&amp;quot;,\&amp;quot;mainStrategyType\&amp;quot;:\&amp;quot;私募股权、创业投资基金管理人\&amp;quot;},{\&amp;quot;compId\&amp;quot;:128027,\&amp;quot;compFullName\&amp;quot;:\&amp;quot;国盈天下（北京）投资基金管理有限公司\&amp;quot;,\&amp;quot;foundDate\&amp;quot;:\&amp;quot;2016-05-20\&amp;quot;,\&amp;quot;legalRepresentative\&amp;quot;:\&amp;quot;周婷婷\&amp;quot;,\&amp;quot;addrPro\&amp;quot;:\&amp;quot;北京市\&amp;quot;,\&amp;quot;registerNo\&amp;quot;:\&amp;quot;P1033303\&amp;quot;,\&amp;quot;mainStrategyType\&amp;quot;:\&amp;quot;私募股权、创业投资基金管理人\&amp;quot;},{\&amp;quot;compId\&amp;quot;:118495,\&amp;quot;compFullName\&amp;quot;:\&amp;quot;河南汇天下资产管理有限公司\&amp;quot;,\&amp;quot;foundDate\&amp;quot;:\&amp;quot;2015-09-16\&amp;quot;,\&amp;quot;legalRepresentative\&amp;quot;:\&amp;quot;范惠军\&amp;quot;,\&amp;quot;addrPro\&amp;quot;:\&amp;quot;河南省\&amp;quot;,\&amp;quot;registerNo\&amp;quot;:\&amp;quot;P1025141\&amp;quot;,\&amp;quot;mainStrategyType\&amp;quot;:\&amp;quot;私募证券投资基金管理人\&amp;quot;},{\&amp;quot;compId\&amp;quot;:129888,\&amp;quot;compFullName\&amp;quot;:\&amp;quot;荣聚天下投资管理（北京）有限公司\&amp;quot;,\&amp;quot;foundDate\&amp;quot;:\&amp;quot;2016-08-03\&amp;quot;,\&amp;quot;legalRepresentative\&amp;quot;:\&amp;quot;刘延豪\&amp;quot;,\&amp;quot;addrPro\&amp;quot;:\&amp;quot;北京市\&amp;quot;,\&amp;quot;registerNo\&amp;quot;:\&amp;quot;P1060881\&amp;quot;,\&amp;quot;mainStrategyType\&amp;quot;:\&amp;quot;私募股权、创业投资基金管理人\&amp;quot;},{\&amp;quot;compId\&amp;quot;:133618,\&amp;quot;compFullName\&amp;quot;:\&amp;quot;融聚天下投资管理（深圳）有限公司\&amp;quot;,\&amp;quot;foundDate\&amp;quot;:\&amp;quot;2016-01-20\&amp;quot;,\&amp;quot;legalRepresentative\&amp;quot;:\&amp;quot;莫世珊\&amp;quot;,\&amp;quot;mainStrategyType\&amp;quot;:\&amp;quot;私募股权、创业投资基金管理人\&amp;quot;},{\&amp;quot;compId\&amp;quot;:99728,\&amp;quot;compFullName\&amp;quot;:\&amp;quot;上海天下粮仓投资管理有限公司\&amp;quot;,\&amp;quot;foundDate\&amp;quot;:\&amp;quot;2004-03-11\&amp;quot;,\&amp;quot;legalRepresentative\&amp;quot;:\&amp;quot;殷昌平\&amp;quot;,\&amp;quot;addrPro\&amp;quot;:\&amp;quot;上海市\&amp;quot;,\&amp;quot;registerNo\&amp;quot;:\&amp;quot;P1003489\&amp;quot;,\&amp;quot;mainStrategyType\&amp;quot;:\&amp;quot;私募证券投资基金管理人\&amp;quot;}]&amp;quot;
     but: was &amp;quot;{&amp;quot;sta&amp;quot;:1,&amp;quot;data&amp;quot;:{&amp;quot;result&amp;quot;:[{&amp;quot;compId&amp;quot;:132658,&amp;quot;compFullName&amp;quot;:&amp;quot;北京和通天下投资管理有限公司&amp;quot;,&amp;quot;foundDate&amp;quot;:&amp;quot;2016-09-30&amp;quot;,&amp;quot;legalRepresentative&amp;quot;:&amp;quot;郑益民&amp;quot;,&amp;quot;addrPro&amp;quot;:&amp;quot;北京市&amp;quot;,&amp;quot;mainStrategyType&amp;quot;:&amp;quot;私募证券投资基金管理人&amp;quot;},{&amp;quot;compId&amp;quot;:112230,&amp;quot;compFullName&amp;quot;:&amp;quot;北京汇聚天下基金管理有限公司&amp;quot;,&amp;quot;foundDate&amp;quot;:&amp;quot;2014-07-23&amp;quot;,&amp;quot;legalRepresentative&amp;quot;:&amp;quot;李关峥&amp;quot;,&amp;quot;addrPro&amp;quot;:&amp;quot;北京市&amp;quot;,&amp;quot;registerNo&amp;quot;:&amp;quot;P1020128&amp;quot;,&amp;quot;mainStrategyType&amp;quot;:&amp;quot;私募证券投资基金管理人&amp;quot;},{&amp;quot;compId&amp;quot;:126411,&amp;quot;compFullName&amp;quot;:&amp;quot;北京融鑫天下投资管理有限公司&amp;quot;,&amp;quot;foundDate&amp;quot;:&amp;quot;2016-01-06&amp;quot;,&amp;quot;legalRepresentative&amp;quot;:&amp;quot;马小惠&amp;quot;,&amp;quot;addrPro&amp;quot;:&amp;quot;北京市&amp;quot;,&amp;quot;registerNo&amp;quot;:&amp;quot;P1030881&amp;quot;,&amp;quot;mainStrategyType&amp;quot;:&amp;quot;私募证券投资基金管理人&amp;quot;},{&amp;quot;compId&amp;quot;:101462,&amp;quot;compFullName&amp;quot;:&amp;quot;北京晟视天下投资管理有限公司&amp;quot;,&amp;quot;foundDate&amp;quot;:&amp;quot;2013-11-30&amp;quot;,&amp;quot;legalRepresentative&amp;quot;:&amp;quot;蒋煜&amp;quot;,&amp;quot;addrPro&amp;quot;:&amp;quot;北京市&amp;quot;,&amp;quot;registerNo&amp;quot;:&amp;quot;P1003023&amp;quot;,&amp;quot;mainStrategyType&amp;quot;:&amp;quot;其他私募投资基金管理人&amp;quot;},{&amp;quot;compId&amp;quot;:102508,&amp;quot;compFullName&amp;quot;:&amp;quot;北京天下屯蒙投资管理有限公司&amp;quot;,&amp;quot;foundDate&amp;quot;:&amp;quot;2014-05-04&amp;quot;,&amp;quot;legalRepresentative&amp;quot;:&amp;quot;侯彬&amp;quot;,&amp;quot;addrPro&amp;quot;:&amp;quot;北京市&amp;quot;,&amp;quot;registerNo&amp;quot;:&amp;quot;P1003939&amp;quot;,&amp;quot;mainStrategyType&amp;quot;:&amp;quot;私募证券投资基金管理人&amp;quot;},{&amp;quot;compId&amp;quot;:121389,&amp;quot;compFullName&amp;quot;:&amp;quot;北京问道天下投资有限公司&amp;quot;,&amp;quot;foundDate&amp;quot;:&amp;quot;2015-07-13&amp;quot;,&amp;quot;legalRepresentative&amp;quot;:&amp;quot;杨晓帆&amp;quot;,&amp;quot;addrPro&amp;quot;:&amp;quot;北京市&amp;quot;,&amp;quot;registerNo&amp;quot;:&amp;quot;P1026902&amp;quot;,&amp;quot;mainStrategyType&amp;quot;:&amp;quot;私募证券投资基金管理人&amp;quot;},{&amp;quot;compId&amp;quot;:123410,&amp;quot;compFullName&amp;quot;:&amp;quot;北京五岳天下投资咨询有限公司&amp;quot;,&amp;quot;foundDate&amp;quot;:&amp;quot;2012-11-19&amp;quot;,&amp;quot;legalRepresentative&amp;quot;:&amp;quot;赵维国&amp;quot;,&amp;quot;addrPro&amp;quot;:&amp;quot;北京市&amp;quot;,&amp;quot;registerNo&amp;quot;:&amp;quot;P1001175&amp;quot;,&amp;quot;mainStrategyType&amp;quot;:&amp;quot;私募股权、创业投资基金管理人&amp;quot;},{&amp;quot;compId&amp;quot;:122105,&amp;quot;compFullName&amp;quot;:&amp;quot;北京易达天下资产管理有限公司&amp;quot;,&amp;quot;foundDate&amp;quot;:&amp;quot;2015-10-22&amp;quot;,&amp;quot;legalRepresentative&amp;quot;:&amp;quot;于海洋&amp;quot;,&amp;quot;addrPro&amp;quot;:&amp;quot;北京市&amp;quot;,&amp;quot;registerNo&amp;quot;:&amp;quot;P1027287&amp;quot;,&amp;quot;mainStrategyType&amp;quot;:&amp;quot;私募证券投资基金管理人&amp;quot;},{&amp;quot;compId&amp;quot;:110317,&amp;quot;compFullName&amp;quot;:&amp;quot;北京元汇天下投资管理有限公司&amp;quot;,&amp;quot;foundDate&amp;quot;:&amp;quot;2013-07-12&amp;quot;,&amp;quot;legalRepresentative&amp;quot;:&amp;quot;李士伟&amp;quot;,&amp;quot;addrPro&amp;quot;:&amp;quot;北京市&amp;quot;,&amp;quot;registerNo&amp;quot;:&amp;quot;P1020002&amp;quot;,&amp;quot;mainStrategyType&amp;quot;:&amp;quot;其他&amp;quot;},{&amp;quot;compId&amp;quot;:122457,&amp;quot;compFullName&amp;quot;:&amp;quot;成都富汇天下股权投资基金管理有限公司&amp;quot;,&amp;quot;foundDate&amp;quot;:&amp;quot;2014-09-26&amp;quot;,&amp;quot;legalRepresentative&amp;quot;:&amp;quot;蒋美荣&amp;quot;,&amp;quot;addrPro&amp;quot;:&amp;quot;四川省&amp;quot;,&amp;quot;registerNo&amp;quot;:&amp;quot;P1016184&amp;quot;,&amp;quot;mainStrategyType&amp;quot;:&amp;quot;私募股权、创业投资基金管理人&amp;quot;},{&amp;quot;compId&amp;quot;:124091,&amp;quot;compFullName&amp;quot;:&amp;quot;成都惠泽天下股权投资基金管理有限公司&amp;quot;,&amp;quot;foundDate&amp;quot;:&amp;quot;2012-10-24&amp;quot;,&amp;quot;legalRepresentative&amp;quot;:&amp;quot;蒋美荣&amp;quot;,&amp;quot;addrPro&amp;quot;:&amp;quot;四川省&amp;quot;,&amp;quot;registerNo&amp;quot;:&amp;quot;P1002577&amp;quot;,&amp;quot;mainStrategyType&amp;quot;:&amp;quot;私募股权、创业投资基金管理人&amp;quot;},{&amp;quot;compId&amp;quot;:125448,&amp;quot;compFullName&amp;quot;:&amp;quot;福建省掌经天下资产管理有限公司&amp;quot;,&amp;quot;foundDate&amp;quot;:&amp;quot;2015-09-21&amp;quot;,&amp;quot;legalRepresentative&amp;quot;:&amp;quot;叶晓忠&amp;quot;,&amp;quot;addrPro&amp;quot;:&amp;quot;福建省&amp;quot;,&amp;quot;registerNo&amp;quot;:&amp;quot;P1029910&amp;quot;,&amp;quot;mainStrategyType&amp;quot;:&amp;quot;私募证券投资基金管理人&amp;quot;},{&amp;quot;compId&amp;quot;:132676,&amp;quot;compFullName&amp;quot;:&amp;quot;广东天下有道投资控股有限公司&amp;quot;,&amp;quot;foundDate&amp;quot;:&amp;quot;2017-01-22&amp;quot;,&amp;quot;legalRepresentative&amp;quot;:&amp;quot;华山&amp;quot;,&amp;quot;addrPro&amp;quot;:&amp;quot;广东省&amp;quot;,&amp;quot;mainStrategyType&amp;quot;:&amp;quot;私募股权、创业投资基金管理人&amp;quot;},{&amp;quot;compId&amp;quot;:115197,&amp;quot;compFullName&amp;quot;:&amp;quot;广东智天下资产管理有限公司&amp;quot;,&amp;quot;foundDate&amp;quot;:&amp;quot;2015-04-28&amp;quot;,&amp;quot;legalRepresentative&amp;quot;:&amp;quot;梁于恒&amp;quot;,&amp;quot;addrPro&amp;quot;:&amp;quot;广东省&amp;quot;,&amp;quot;registerNo&amp;quot;:&amp;quot;P1015533&amp;quot;,&amp;quot;mainStrategyType&amp;quot;:&amp;quot;私募证券投资基金管理人&amp;quot;},{&amp;quot;compId&amp;quot;:114065,&amp;quot;compFullName&amp;quot;:&amp;quot;国融天下投资基金管理（北京）有限公司&amp;quot;,&amp;quot;foundDate&amp;quot;:&amp;quot;2014-12-24&amp;quot;,&amp;quot;legalRepresentative&amp;quot;:&amp;quot;蔡新平&amp;quot;,&amp;quot;addrPro&amp;quot;:&amp;quot;北京市&amp;quot;,&amp;quot;registerNo&amp;quot;:&amp;quot;P1006865&amp;quot;,&amp;quot;mainStrategyType&amp;quot;:&amp;quot;私募股权、创业投资基金管理人&amp;quot;},{&amp;quot;compId&amp;quot;:128027,&amp;quot;compFullName&amp;quot;:&amp;quot;国盈天下（北京）投资基金管理有限公司&amp;quot;,&amp;quot;foundDate&amp;quot;:&amp;quot;2016-05-20&amp;quot;,&amp;quot;legalRepresentative&amp;quot;:&amp;quot;周婷婷&amp;quot;,&amp;quot;addrPro&amp;quot;:&amp;quot;北京市&amp;quot;,&amp;quot;registerNo&amp;quot;:&amp;quot;P1033303&amp;quot;,&amp;quot;mainStrategyType&amp;quot;:&amp;quot;私募股权、创业投资基金管理人&amp;quot;},{&amp;quot;compId&amp;quot;:118495,&amp;quot;compFullName&amp;quot;:&amp;quot;河南汇天下资产管理有限公司&amp;quot;,&amp;quot;foundDate&amp;quot;:&amp;quot;2015-09-16&amp;quot;,&amp;quot;legalRepresentative&amp;quot;:&amp;quot;范惠军&amp;quot;,&amp;quot;addrPro&amp;quot;:&amp;quot;河南省&amp;quot;,&amp;quot;registerNo&amp;quot;:&amp;quot;P1025141&amp;quot;,&amp;quot;mainStrategyType&amp;quot;:&amp;quot;私募证券投资基金管理人&amp;quot;},{&amp;quot;compId&amp;quot;:134710,&amp;quot;compFullName&amp;quot;:&amp;quot;君领天下投资管理（深圳）有限责任公司&amp;quot;,&amp;quot;foundDate&amp;quot;:&amp;quot;2016-01-06&amp;quot;,&amp;quot;legalRepresentative&amp;quot;:&amp;quot;孟繁斌&amp;quot;,&amp;quot;mainStrategyType&amp;quot;:&amp;quot;私募股权、创业投资基金管理人&amp;quot;},{&amp;quot;compId&amp;quot;:129888,&amp;quot;compFullName&amp;quot;:&amp;quot;荣聚天下投资管理（北京）有限公司&amp;quot;,&amp;quot;foundDate&amp;quot;:&amp;quot;2016-08-03&amp;quot;,&amp;quot;legalRepresentative&amp;quot;:&amp;quot;刘延豪&amp;quot;,&amp;quot;addrPro&amp;quot;:&amp;quot;北京市&amp;quot;,&amp;quot;registerNo&amp;quot;:&amp;quot;P1060881&amp;quot;,&amp;quot;mainStrategyType&amp;quot;:&amp;quot;私募股权、创业投资基金管理人&amp;quot;},{&amp;quot;compId&amp;quot;:133618,&amp;quot;compFullName&amp;quot;:&amp;quot;融聚天下投资管理（深圳）有限公司&amp;quot;,&amp;quot;foundDate&amp;quot;:&amp;quot;2016-01-20&amp;quot;,&amp;quot;legalRepresentative&amp;quot;:&amp;quot;莫世珊&amp;quot;,&amp;quot;mainStrategyType&amp;quot;:&amp;quot;私募股权、创业投资基金管理人&amp;quot;}],&amp;quot;totalCount&amp;quot;:35,&amp;quot;pageNo&amp;quot;:1,&amp;quot;pageSize&amp;quot;:20,&amp;quot;totalPage&amp;quot;:2,&amp;quot;newCount&amp;quot;:1},&amp;quot;msg&amp;quot;:&amp;quot;操作成功&amp;quot;}&amp;quot;">
      <![CDATA[java.lang.AssertionError: 
Expected: a string containing "{\"sta\":1,\"data\":{\"result\":[{\"compId\":132658,\"compFullName\":\"北京和通天下投资管理有限公司\",\"foundDate\":\"2016-09-30\",\"legalRepresentative\":\"郑益民\",\"addrPro\":\"北京市\",\"mainStrategyType\":\"私募证券投资基金管理人\"},{\"compId\":112230,\"compFullName\":\"北京汇聚天下基金管理有限公司\",\"foundDate\":\"2014-07-23\",\"legalRepresentative\":\"李关峥\",\"addrPro\":\"北京市\",\"registerNo\":\"P1020128\",\"mainStrategyType\":\"私募证券投资基金管理人\"},{\"compId\":126411,\"compFullName\":\"北京融鑫天下投资管理有限公司\",\"foundDate\":\"2016-01-06\",\"legalRepresentative\":\"马小惠\",\"addrPro\":\"北京市\",\"registerNo\":\"P1030881\",\"mainStrategyType\":\"私募证券投资基金管理人\"},{\"compId\":101462,\"compFullName\":\"北京晟视天下投资管理有限公司\",\"foundDate\":\"2013-11-30\",\"legalRepresentative\":\"蒋煜\",\"addrPro\":\"北京市\",\"registerNo\":\"P1003023\",\"mainStrategyType\":\"其他私募投资基金管理人\"},{\"compId\":102508,\"compFullName\":\"北京天下屯蒙投资管理有限公司\",\"foundDate\":\"2014-05-04\",\"legalRepresentative\":\"侯彬\",\"addrPro\":\"北京市\",\"registerNo\":\"P1003939\",\"mainStrategyType\":\"私募证券投资基金管理人\"},{\"compId\":121389,\"compFullName\":\"北京问道天下投资有限公司\",\"foundDate\":\"2015-07-13\",\"legalRepresentative\":\"杨晓帆\",\"addrPro\":\"北京市\",\"registerNo\":\"P1026902\",\"mainStrategyType\":\"私募证券投资基金管理人\"},{\"compId\":123410,\"compFullName\":\"北京五岳天下投资咨询有限公司\",\"foundDate\":\"2012-11-19\",\"legalRepresentative\":\"赵维国\",\"addrPro\":\"北京市\",\"registerNo\":\"P1001175\",\"mainStrategyType\":\"私募股权、创业投资基金管理人\"},{\"compId\":122105,\"compFullName\":\"北京易达天下资产管理有限公司\",\"foundDate\":\"2015-10-22\",\"legalRepresentative\":\"于海洋\",\"addrPro\":\"北京市\",\"registerNo\":\"P1027287\",\"mainStrategyType\":\"私募证券投资基金管理人\"},{\"compId\":110317,\"compFullName\":\"北京元汇天下投资管理有限公司\",\"foundDate\":\"2013-07-12\",\"legalRepresentative\":\"李士伟\",\"addrPro\":\"北京市\",\"registerNo\":\"P1020002\"},{\"compId\":122457,\"compFullName\":\"成都富汇天下股权投资基金管理有限公司\",\"foundDate\":\"2014-09-26\",\"legalRepresentative\":\"蒋美荣\",\"addrPro\":\"四川省\",\"registerNo\":\"P1016184\",\"mainStrategyType\":\"私募股权、创业投资基金管理人\"},{\"compId\":124091,\"compFullName\":\"成都惠泽天下股权投资基金管理有限公司\",\"foundDate\":\"2012-10-24\",\"legalRepresentative\":\"蒋美荣\",\"addrPro\":\"四川省\",\"registerNo\":\"P1002577\",\"mainStrategyType\":\"私募股权、创业投资基金管理人\"},{\"compId\":125448,\"compFullName\":\"福建省掌经天下资产管理有限公司\",\"foundDate\":\"2015-09-21\",\"legalRepresentative\":\"叶晓忠\",\"addrPro\":\"福建省\",\"registerNo\":\"P1029910\",\"mainStrategyType\":\"私募证券投资基金管理人\"},{\"compId\":132676,\"compFullName\":\"广东天下有道投资控股有限公司\",\"foundDate\":\"2017-01-22\",\"legalRepresentative\":\"华山\",\"addrPro\":\"广东省\",\"mainStrategyType\":\"私募股权、创业投资基金管理人\"},{\"compId\":115197,\"compFullName\":\"广东智天下资产管理有限公司\",\"foundDate\":\"2015-04-28\",\"legalRepresentative\":\"梁于恒\",\"addrPro\":\"广东省\",\"registerNo\":\"P1015533\",\"mainStrategyType\":\"私募证券投资基金管理人\"},{\"compId\":114065,\"compFullName\":\"国融天下投资基金管理（北京）有限公司\",\"foundDate\":\"2014-12-24\",\"legalRepresentative\":\"蔡新平\",\"addrPro\":\"北京市\",\"registerNo\":\"P1006865\",\"mainStrategyType\":\"私募股权、创业投资基金管理人\"},{\"compId\":128027,\"compFullName\":\"国盈天下（北京）投资基金管理有限公司\",\"foundDate\":\"2016-05-20\",\"legalRepresentative\":\"周婷婷\",\"addrPro\":\"北京市\",\"registerNo\":\"P1033303\",\"mainStrategyType\":\"私募股权、创业投资基金管理人\"},{\"compId\":118495,\"compFullName\":\"河南汇天下资产管理有限公司\",\"foundDate\":\"2015-09-16\",\"legalRepresentative\":\"范惠军\",\"addrPro\":\"河南省\",\"registerNo\":\"P1025141\",\"mainStrategyType\":\"私募证券投资基金管理人\"},{\"compId\":129888,\"compFullName\":\"荣聚天下投资管理（北京）有限公司\",\"foundDate\":\"2016-08-03\",\"legalRepresentative\":\"刘延豪\",\"addrPro\":\"北京市\",\"registerNo\":\"P1060881\",\"mainStrategyType\":\"私募股权、创业投资基金管理人\"},{\"compId\":133618,\"compFullName\":\"融聚天下投资管理（深圳）有限公司\",\"foundDate\":\"2016-01-20\",\"legalRepresentative\":\"莫世珊\",\"mainStrategyType\":\"私募股权、创业投资基金管理人\"},{\"compId\":99728,\"compFullName\":\"上海天下粮仓投资管理有限公司\",\"foundDate\":\"2004-03-11\",\"legalRepresentative\":\"殷昌平\",\"addrPro\":\"上海市\",\"registerNo\":\"P1003489\",\"mainStrategyType\":\"私募证券投资基金管理人\"}]"
     but: was "{"sta":1,"data":{"result":[{"compId":132658,"compFullName":"北京和通天下投资管理有限公司","foundDate":"2016-09-30","legalRepresentative":"郑益民","addrPro":"北京市","mainStrategyType":"私募证券投资基金管理人"},{"compId":112230,"compFullName":"北京汇聚天下基金管理有限公司","foundDate":"2014-07-23","legalRepresentative":"李关峥","addrPro":"北京市","registerNo":"P1020128","mainStrategyType":"私募证券投资基金管理人"},{"compId":126411,"compFullName":"北京融鑫天下投资管理有限公司","foundDate":"2016-01-06","legalRepresentative":"马小惠","addrPro":"北京市","registerNo":"P1030881","mainStrategyType":"私募证券投资基金管理人"},{"compId":101462,"compFullName":"北京晟视天下投资管理有限公司","foundDate":"2013-11-30","legalRepresentative":"蒋煜","addrPro":"北京市","registerNo":"P1003023","mainStrategyType":"其他私募投资基金管理人"},{"compId":102508,"compFullName":"北京天下屯蒙投资管理有限公司","foundDate":"2014-05-04","legalRepresentative":"侯彬","addrPro":"北京市","registerNo":"P1003939","mainStrategyType":"私募证券投资基金管理人"},{"compId":121389,"compFullName":"北京问道天下投资有限公司","foundDate":"2015-07-13","legalRepresentative":"杨晓帆","addrPro":"北京市","registerNo":"P1026902","mainStrategyType":"私募证券投资基金管理人"},{"compId":123410,"compFullName":"北京五岳天下投资咨询有限公司","foundDate":"2012-11-19","legalRepresentative":"赵维国","addrPro":"北京市","registerNo":"P1001175","mainStrategyType":"私募股权、创业投资基金管理人"},{"compId":122105,"compFullName":"北京易达天下资产管理有限公司","foundDate":"2015-10-22","legalRepresentative":"于海洋","addrPro":"北京市","registerNo":"P1027287","mainStrategyType":"私募证券投资基金管理人"},{"compId":110317,"compFullName":"北京元汇天下投资管理有限公司","foundDate":"2013-07-12","legalRepresentative":"李士伟","addrPro":"北京市","registerNo":"P1020002","mainStrategyType":"其他"},{"compId":122457,"compFullName":"成都富汇天下股权投资基金管理有限公司","foundDate":"2014-09-26","legalRepresentative":"蒋美荣","addrPro":"四川省","registerNo":"P1016184","mainStrategyType":"私募股权、创业投资基金管理人"},{"compId":124091,"compFullName":"成都惠泽天下股权投资基金管理有限公司","foundDate":"2012-10-24","legalRepresentative":"蒋美荣","addrPro":"四川省","registerNo":"P1002577","mainStrategyType":"私募股权、创业投资基金管理人"},{"compId":125448,"compFullName":"福建省掌经天下资产管理有限公司","foundDate":"2015-09-21","legalRepresentative":"叶晓忠","addrPro":"福建省","registerNo":"P1029910","mainStrategyType":"私募证券投资基金管理人"},{"compId":132676,"compFullName":"广东天下有道投资控股有限公司","foundDate":"2017-01-22","legalRepresentative":"华山","addrPro":"广东省","mainStrategyType":"私募股权、创业投资基金管理人"},{"compId":115197,"compFullName":"广东智天下资产管理有限公司","foundDate":"2015-04-28","legalRepresentative":"梁于恒","addrPro":"广东省","registerNo":"P1015533","mainStrategyType":"私募证券投资基金管理人"},{"compId":114065,"compFullName":"国融天下投资基金管理（北京）有限公司","foundDate":"2014-12-24","legalRepresentative":"蔡新平","addrPro":"北京市","registerNo":"P1006865","mainStrategyType":"私募股权、创业投资基金管理人"},{"compId":128027,"compFullName":"国盈天下（北京）投资基金管理有限公司","foundDate":"2016-05-20","legalRepresentative":"周婷婷","addrPro":"北京市","registerNo":"P1033303","mainStrategyType":"私募股权、创业投资基金管理人"},{"compId":118495,"compFullName":"河南汇天下资产管理有限公司","foundDate":"2015-09-16","legalRepresentative":"范惠军","addrPro":"河南省","registerNo":"P1025141","mainStrategyType":"私募证券投资基金管理人"},{"compId":134710,"compFullName":"君领天下投资管理（深圳）有限责任公司","foundDate":"2016-01-06","legalRepresentative":"孟繁斌","mainStrategyType":"私募股权、创业投资基金管理人"},{"compId":129888,"compFullName":"荣聚天下投资管理（北京）有限公司","foundDate":"2016-08-03","legalRepresentative":"刘延豪","addrPro":"北京市","registerNo":"P1060881","mainStrategyType":"私募股权、创业投资基金管理人"},{"compId":133618,"compFullName":"融聚天下投资管理（深圳）有限公司","foundDate":"2016-01-20","legalRepresentative":"莫世珊","mainStrategyType":"私募股权、创业投资基金管理人"}],"totalCount":35,"pageNo":1,"pageSize":20,"totalPage":2,"newCount":1},"msg":"操作成功"}"
	at org.hamcrest.MatcherAssert.assertThat(MatcherAssert.java:20)
	at org.hamcrest.MatcherAssert.assertThat(MatcherAssert.java:8)
	at com.xyuan.ngtest.MyAssert.MyAssert.asserting(MyAssert.java:12)
	at com.xyuan.ngtest.ps.comp.comp_search.comp_search(comp_search.java:33)
	at java.util.concurrent.FutureTask.run(FutureTask.java:266)
	at java.util.concurrent.ThreadPoolExecutor.runWorker(ThreadPoolExecutor.java:1142)
	at java.util.concurrent.ThreadPoolExecutor$Worker.run(ThreadPoolExecutor.java:617)
	at java.lang.Thread.run(Thread.java:745)
... Removed 16 stack frames]]>
    </failure>
  </testcase> <!-- comp_search -->
  <testcase name="comp_search" time="0.279" classname="com.xyuan.ngtest.ps.comp.comp_search">
    <failure type="java.lang.AssertionError" message="
Expected: a string containing &amp;quot;{\&amp;quot;sta\&amp;quot;:1,\&amp;quot;data\&amp;quot;:{\&amp;quot;result\&amp;quot;:[{\&amp;quot;compId\&amp;quot;:132658,\&amp;quot;compFullName\&amp;quot;:\&amp;quot;北京和通天下投资管理有限公司\&amp;quot;,\&amp;quot;foundDate\&amp;quot;:\&amp;quot;2016-09-30\&amp;quot;,\&amp;quot;legalRepresentative\&amp;quot;:\&amp;quot;郑益民\&amp;quot;,\&amp;quot;addrPro\&amp;quot;:\&amp;quot;北京市\&amp;quot;,\&amp;quot;mainStrategyType\&amp;quot;:\&amp;quot;私募证券投资基金管理人\&amp;quot;},{\&amp;quot;compId\&amp;quot;:112230,\&amp;quot;compFullName\&amp;quot;:\&amp;quot;北京汇聚天下基金管理有限公司\&amp;quot;,\&amp;quot;foundDate\&amp;quot;:\&amp;quot;2014-07-23\&amp;quot;,\&amp;quot;legalRepresentative\&amp;quot;:\&amp;quot;李关峥\&amp;quot;,\&amp;quot;addrPro\&amp;quot;:\&amp;quot;北京市\&amp;quot;,\&amp;quot;registerNo\&amp;quot;:\&amp;quot;P1020128\&amp;quot;,\&amp;quot;mainStrategyType\&amp;quot;:\&amp;quot;私募证券投资基金管理人\&amp;quot;},{\&amp;quot;compId\&amp;quot;:126411,\&amp;quot;compFullName\&amp;quot;:\&amp;quot;北京融鑫天下投资管理有限公司\&amp;quot;,\&amp;quot;foundDate\&amp;quot;:\&amp;quot;2016-01-06\&amp;quot;,\&amp;quot;legalRepresentative\&amp;quot;:\&amp;quot;马小惠\&amp;quot;,\&amp;quot;addrPro\&amp;quot;:\&amp;quot;北京市\&amp;quot;,\&amp;quot;registerNo\&amp;quot;:\&amp;quot;P1030881\&amp;quot;,\&amp;quot;mainStrategyType\&amp;quot;:\&amp;quot;私募证券投资基金管理人\&amp;quot;},{\&amp;quot;compId\&amp;quot;:101462,\&amp;quot;compFullName\&amp;quot;:\&amp;quot;北京晟视天下投资管理有限公司\&amp;quot;,\&amp;quot;foundDate\&amp;quot;:\&amp;quot;2013-11-30\&amp;quot;,\&amp;quot;legalRepresentative\&amp;quot;:\&amp;quot;蒋煜\&amp;quot;,\&amp;quot;addrPro\&amp;quot;:\&amp;quot;北京市\&amp;quot;,\&amp;quot;registerNo\&amp;quot;:\&amp;quot;P1003023\&amp;quot;,\&amp;quot;mainStrategyType\&amp;quot;:\&amp;quot;其他私募投资基金管理人\&amp;quot;},{\&amp;quot;compId\&amp;quot;:102508,\&amp;quot;compFullName\&amp;quot;:\&amp;quot;北京天下屯蒙投资管理有限公司\&amp;quot;,\&amp;quot;foundDate\&amp;quot;:\&amp;quot;2014-05-04\&amp;quot;,\&amp;quot;legalRepresentative\&amp;quot;:\&amp;quot;侯彬\&amp;quot;,\&amp;quot;addrPro\&amp;quot;:\&amp;quot;北京市\&amp;quot;,\&amp;quot;registerNo\&amp;quot;:\&amp;quot;P1003939\&amp;quot;,\&amp;quot;mainStrategyType\&amp;quot;:\&amp;quot;私募证券投资基金管理人\&amp;quot;},{\&amp;quot;compId\&amp;quot;:121389,\&amp;quot;compFullName\&amp;quot;:\&amp;quot;北京问道天下投资有限公司\&amp;quot;,\&amp;quot;foundDate\&amp;quot;:\&amp;quot;2015-07-13\&amp;quot;,\&amp;quot;legalRepresentative\&amp;quot;:\&amp;quot;杨晓帆\&amp;quot;,\&amp;quot;addrPro\&amp;quot;:\&amp;quot;北京市\&amp;quot;,\&amp;quot;registerNo\&amp;quot;:\&amp;quot;P1026902\&amp;quot;,\&amp;quot;mainStrategyType\&amp;quot;:\&amp;quot;私募证券投资基金管理人\&amp;quot;},{\&amp;quot;compId\&amp;quot;:123410,\&amp;quot;compFullName\&amp;quot;:\&amp;quot;北京五岳天下投资咨询有限公司\&amp;quot;,\&amp;quot;foundDate\&amp;quot;:\&amp;quot;2012-11-19\&amp;quot;,\&amp;quot;legalRepresentative\&amp;quot;:\&amp;quot;赵维国\&amp;quot;,\&amp;quot;addrPro\&amp;quot;:\&amp;quot;北京市\&amp;quot;,\&amp;quot;registerNo\&amp;quot;:\&amp;quot;P1001175\&amp;quot;,\&amp;quot;mainStrategyType\&amp;quot;:\&amp;quot;私募股权、创业投资基金管理人\&amp;quot;},{\&amp;quot;compId\&amp;quot;:122105,\&amp;quot;compFullName\&amp;quot;:\&amp;quot;北京易达天下资产管理有限公司\&amp;quot;,\&amp;quot;foundDate\&amp;quot;:\&amp;quot;2015-10-22\&amp;quot;,\&amp;quot;legalRepresentative\&amp;quot;:\&amp;quot;于海洋\&amp;quot;,\&amp;quot;addrPro\&amp;quot;:\&amp;quot;北京市\&amp;quot;,\&amp;quot;registerNo\&amp;quot;:\&amp;quot;P1027287\&amp;quot;,\&amp;quot;mainStrategyType\&amp;quot;:\&amp;quot;私募证券投资基金管理人\&amp;quot;},{\&amp;quot;compId\&amp;quot;:110317,\&amp;quot;compFullName\&amp;quot;:\&amp;quot;北京元汇天下投资管理有限公司\&amp;quot;,\&amp;quot;foundDate\&amp;quot;:\&amp;quot;2013-07-12\&amp;quot;,\&amp;quot;legalRepresentative\&amp;quot;:\&amp;quot;李士伟\&amp;quot;,\&amp;quot;addrPro\&amp;quot;:\&amp;quot;北京市\&amp;quot;,\&amp;quot;registerNo\&amp;quot;:\&amp;quot;P1020002\&amp;quot;},{\&amp;quot;compId\&amp;quot;:114065,\&amp;quot;compFullName\&amp;quot;:\&amp;quot;国融天下投资基金管理（北京）有限公司\&amp;quot;,\&amp;quot;foundDate\&amp;quot;:\&amp;quot;2014-12-24\&amp;quot;,\&amp;quot;legalRepresentative\&amp;quot;:\&amp;quot;蔡新平\&amp;quot;,\&amp;quot;addrPro\&amp;quot;:\&amp;quot;北京市\&amp;quot;,\&amp;quot;registerNo\&amp;quot;:\&amp;quot;P1006865\&amp;quot;,\&amp;quot;mainStrategyType\&amp;quot;:\&amp;quot;私募股权、创业投资基金管理人\&amp;quot;},{\&amp;quot;compId\&amp;quot;:128027,\&amp;quot;compFullName\&amp;quot;:\&amp;quot;国盈天下（北京）投资基金管理有限公司\&amp;quot;,\&amp;quot;foundDate\&amp;quot;:\&amp;quot;2016-05-20\&amp;quot;,\&amp;quot;legalRepresentative\&amp;quot;:\&amp;quot;周婷婷\&amp;quot;,\&amp;quot;addrPro\&amp;quot;:\&amp;quot;北京市\&amp;quot;,\&amp;quot;registerNo\&amp;quot;:\&amp;quot;P1033303\&amp;quot;,\&amp;quot;mainStrategyType\&amp;quot;:\&amp;quot;私募股权、创业投资基金管理人\&amp;quot;},{\&amp;quot;compId\&amp;quot;:129888,\&amp;quot;compFullName\&amp;quot;:\&amp;quot;荣聚天下投资管理（北京）有限公司\&amp;quot;,\&amp;quot;foundDate\&amp;quot;:\&amp;quot;2016-08-03\&amp;quot;,\&amp;quot;legalRepresentative\&amp;quot;:\&amp;quot;刘延豪\&amp;quot;,\&amp;quot;addrPro\&amp;quot;:\&amp;quot;北京市\&amp;quot;,\&amp;quot;registerNo\&amp;quot;:\&amp;quot;P1060881\&amp;quot;,\&amp;quot;mainStrategyType\&amp;quot;:\&amp;quot;私募股权、创业投资基金管理人\&amp;quot;}]&amp;quot;
     but: was &amp;quot;{&amp;quot;sta&amp;quot;:1,&amp;quot;data&amp;quot;:{&amp;quot;result&amp;quot;:[{&amp;quot;compId&amp;quot;:132658,&amp;quot;compFullName&amp;quot;:&amp;quot;北京和通天下投资管理有限公司&amp;quot;,&amp;quot;foundDate&amp;quot;:&amp;quot;2016-09-30&amp;quot;,&amp;quot;legalRepresentative&amp;quot;:&amp;quot;郑益民&amp;quot;,&amp;quot;addrPro&amp;quot;:&amp;quot;北京市&amp;quot;,&amp;quot;mainStrategyType&amp;quot;:&amp;quot;私募证券投资基金管理人&amp;quot;},{&amp;quot;compId&amp;quot;:112230,&amp;quot;compFullName&amp;quot;:&amp;quot;北京汇聚天下基金管理有限公司&amp;quot;,&amp;quot;foundDate&amp;quot;:&amp;quot;2014-07-23&amp;quot;,&amp;quot;legalRepresentative&amp;quot;:&amp;quot;李关峥&amp;quot;,&amp;quot;addrPro&amp;quot;:&amp;quot;北京市&amp;quot;,&amp;quot;registerNo&amp;quot;:&amp;quot;P1020128&amp;quot;,&amp;quot;mainStrategyType&amp;quot;:&amp;quot;私募证券投资基金管理人&amp;quot;},{&amp;quot;compId&amp;quot;:126411,&amp;quot;compFullName&amp;quot;:&amp;quot;北京融鑫天下投资管理有限公司&amp;quot;,&amp;quot;foundDate&amp;quot;:&amp;quot;2016-01-06&amp;quot;,&amp;quot;legalRepresentative&amp;quot;:&amp;quot;马小惠&amp;quot;,&amp;quot;addrPro&amp;quot;:&amp;quot;北京市&amp;quot;,&amp;quot;registerNo&amp;quot;:&amp;quot;P1030881&amp;quot;,&amp;quot;mainStrategyType&amp;quot;:&amp;quot;私募证券投资基金管理人&amp;quot;},{&amp;quot;compId&amp;quot;:101462,&amp;quot;compFullName&amp;quot;:&amp;quot;北京晟视天下投资管理有限公司&amp;quot;,&amp;quot;foundDate&amp;quot;:&amp;quot;2013-11-30&amp;quot;,&amp;quot;legalRepresentative&amp;quot;:&amp;quot;蒋煜&amp;quot;,&amp;quot;addrPro&amp;quot;:&amp;quot;北京市&amp;quot;,&amp;quot;registerNo&amp;quot;:&amp;quot;P1003023&amp;quot;,&amp;quot;mainStrategyType&amp;quot;:&amp;quot;其他私募投资基金管理人&amp;quot;},{&amp;quot;compId&amp;quot;:102508,&amp;quot;compFullName&amp;quot;:&amp;quot;北京天下屯蒙投资管理有限公司&amp;quot;,&amp;quot;foundDate&amp;quot;:&amp;quot;2014-05-04&amp;quot;,&amp;quot;legalRepresentative&amp;quot;:&amp;quot;侯彬&amp;quot;,&amp;quot;addrPro&amp;quot;:&amp;quot;北京市&amp;quot;,&amp;quot;registerNo&amp;quot;:&amp;quot;P1003939&amp;quot;,&amp;quot;mainStrategyType&amp;quot;:&amp;quot;私募证券投资基金管理人&amp;quot;},{&amp;quot;compId&amp;quot;:121389,&amp;quot;compFullName&amp;quot;:&amp;quot;北京问道天下投资有限公司&amp;quot;,&amp;quot;foundDate&amp;quot;:&amp;quot;2015-07-13&amp;quot;,&amp;quot;legalRepresentative&amp;quot;:&amp;quot;杨晓帆&amp;quot;,&amp;quot;addrPro&amp;quot;:&amp;quot;北京市&amp;quot;,&amp;quot;registerNo&amp;quot;:&amp;quot;P1026902&amp;quot;,&amp;quot;mainStrategyType&amp;quot;:&amp;quot;私募证券投资基金管理人&amp;quot;},{&amp;quot;compId&amp;quot;:123410,&amp;quot;compFullName&amp;quot;:&amp;quot;北京五岳天下投资咨询有限公司&amp;quot;,&amp;quot;foundDate&amp;quot;:&amp;quot;2012-11-19&amp;quot;,&amp;quot;legalRepresentative&amp;quot;:&amp;quot;赵维国&amp;quot;,&amp;quot;addrPro&amp;quot;:&amp;quot;北京市&amp;quot;,&amp;quot;registerNo&amp;quot;:&amp;quot;P1001175&amp;quot;,&amp;quot;mainStrategyType&amp;quot;:&amp;quot;私募股权、创业投资基金管理人&amp;quot;},{&amp;quot;compId&amp;quot;:122105,&amp;quot;compFullName&amp;quot;:&amp;quot;北京易达天下资产管理有限公司&amp;quot;,&amp;quot;foundDate&amp;quot;:&amp;quot;2015-10-22&amp;quot;,&amp;quot;legalRepresentative&amp;quot;:&amp;quot;于海洋&amp;quot;,&amp;quot;addrPro&amp;quot;:&amp;quot;北京市&amp;quot;,&amp;quot;registerNo&amp;quot;:&amp;quot;P1027287&amp;quot;,&amp;quot;mainStrategyType&amp;quot;:&amp;quot;私募证券投资基金管理人&amp;quot;},{&amp;quot;compId&amp;quot;:110317,&amp;quot;compFullName&amp;quot;:&amp;quot;北京元汇天下投资管理有限公司&amp;quot;,&amp;quot;foundDate&amp;quot;:&amp;quot;2013-07-12&amp;quot;,&amp;quot;legalRepresentative&amp;quot;:&amp;quot;李士伟&amp;quot;,&amp;quot;addrPro&amp;quot;:&amp;quot;北京市&amp;quot;,&amp;quot;registerNo&amp;quot;:&amp;quot;P1020002&amp;quot;,&amp;quot;mainStrategyType&amp;quot;:&amp;quot;其他&amp;quot;},{&amp;quot;compId&amp;quot;:114065,&amp;quot;compFullName&amp;quot;:&amp;quot;国融天下投资基金管理（北京）有限公司&amp;quot;,&amp;quot;foundDate&amp;quot;:&amp;quot;2014-12-24&amp;quot;,&amp;quot;legalRepresentative&amp;quot;:&amp;quot;蔡新平&amp;quot;,&amp;quot;addrPro&amp;quot;:&amp;quot;北京市&amp;quot;,&amp;quot;registerNo&amp;quot;:&amp;quot;P1006865&amp;quot;,&amp;quot;mainStrategyType&amp;quot;:&amp;quot;私募股权、创业投资基金管理人&amp;quot;},{&amp;quot;compId&amp;quot;:128027,&amp;quot;compFullName&amp;quot;:&amp;quot;国盈天下（北京）投资基金管理有限公司&amp;quot;,&amp;quot;foundDate&amp;quot;:&amp;quot;2016-05-20&amp;quot;,&amp;quot;legalRepresentative&amp;quot;:&amp;quot;周婷婷&amp;quot;,&amp;quot;addrPro&amp;quot;:&amp;quot;北京市&amp;quot;,&amp;quot;registerNo&amp;quot;:&amp;quot;P1033303&amp;quot;,&amp;quot;mainStrategyType&amp;quot;:&amp;quot;私募股权、创业投资基金管理人&amp;quot;},{&amp;quot;compId&amp;quot;:129888,&amp;quot;compFullName&amp;quot;:&amp;quot;荣聚天下投资管理（北京）有限公司&amp;quot;,&amp;quot;foundDate&amp;quot;:&amp;quot;2016-08-03&amp;quot;,&amp;quot;legalRepresentative&amp;quot;:&amp;quot;刘延豪&amp;quot;,&amp;quot;addrPro&amp;quot;:&amp;quot;北京市&amp;quot;,&amp;quot;registerNo&amp;quot;:&amp;quot;P1060881&amp;quot;,&amp;quot;mainStrategyType&amp;quot;:&amp;quot;私募股权、创业投资基金管理人&amp;quot;}],&amp;quot;totalCount&amp;quot;:12,&amp;quot;pageNo&amp;quot;:1,&amp;quot;pageSize&amp;quot;:20,&amp;quot;totalPage&amp;quot;:1,&amp;quot;newCount&amp;quot;:0},&amp;quot;msg&amp;quot;:&amp;quot;操作成功&amp;quot;}&amp;quot;">
      <![CDATA[java.lang.AssertionError: 
Expected: a string containing "{\"sta\":1,\"data\":{\"result\":[{\"compId\":132658,\"compFullName\":\"北京和通天下投资管理有限公司\",\"foundDate\":\"2016-09-30\",\"legalRepresentative\":\"郑益民\",\"addrPro\":\"北京市\",\"mainStrategyType\":\"私募证券投资基金管理人\"},{\"compId\":112230,\"compFullName\":\"北京汇聚天下基金管理有限公司\",\"foundDate\":\"2014-07-23\",\"legalRepresentative\":\"李关峥\",\"addrPro\":\"北京市\",\"registerNo\":\"P1020128\",\"mainStrategyType\":\"私募证券投资基金管理人\"},{\"compId\":126411,\"compFullName\":\"北京融鑫天下投资管理有限公司\",\"foundDate\":\"2016-01-06\",\"legalRepresentative\":\"马小惠\",\"addrPro\":\"北京市\",\"registerNo\":\"P1030881\",\"mainStrategyType\":\"私募证券投资基金管理人\"},{\"compId\":101462,\"compFullName\":\"北京晟视天下投资管理有限公司\",\"foundDate\":\"2013-11-30\",\"legalRepresentative\":\"蒋煜\",\"addrPro\":\"北京市\",\"registerNo\":\"P1003023\",\"mainStrategyType\":\"其他私募投资基金管理人\"},{\"compId\":102508,\"compFullName\":\"北京天下屯蒙投资管理有限公司\",\"foundDate\":\"2014-05-04\",\"legalRepresentative\":\"侯彬\",\"addrPro\":\"北京市\",\"registerNo\":\"P1003939\",\"mainStrategyType\":\"私募证券投资基金管理人\"},{\"compId\":121389,\"compFullName\":\"北京问道天下投资有限公司\",\"foundDate\":\"2015-07-13\",\"legalRepresentative\":\"杨晓帆\",\"addrPro\":\"北京市\",\"registerNo\":\"P1026902\",\"mainStrategyType\":\"私募证券投资基金管理人\"},{\"compId\":123410,\"compFullName\":\"北京五岳天下投资咨询有限公司\",\"foundDate\":\"2012-11-19\",\"legalRepresentative\":\"赵维国\",\"addrPro\":\"北京市\",\"registerNo\":\"P1001175\",\"mainStrategyType\":\"私募股权、创业投资基金管理人\"},{\"compId\":122105,\"compFullName\":\"北京易达天下资产管理有限公司\",\"foundDate\":\"2015-10-22\",\"legalRepresentative\":\"于海洋\",\"addrPro\":\"北京市\",\"registerNo\":\"P1027287\",\"mainStrategyType\":\"私募证券投资基金管理人\"},{\"compId\":110317,\"compFullName\":\"北京元汇天下投资管理有限公司\",\"foundDate\":\"2013-07-12\",\"legalRepresentative\":\"李士伟\",\"addrPro\":\"北京市\",\"registerNo\":\"P1020002\"},{\"compId\":114065,\"compFullName\":\"国融天下投资基金管理（北京）有限公司\",\"foundDate\":\"2014-12-24\",\"legalRepresentative\":\"蔡新平\",\"addrPro\":\"北京市\",\"registerNo\":\"P1006865\",\"mainStrategyType\":\"私募股权、创业投资基金管理人\"},{\"compId\":128027,\"compFullName\":\"国盈天下（北京）投资基金管理有限公司\",\"foundDate\":\"2016-05-20\",\"legalRepresentative\":\"周婷婷\",\"addrPro\":\"北京市\",\"registerNo\":\"P1033303\",\"mainStrategyType\":\"私募股权、创业投资基金管理人\"},{\"compId\":129888,\"compFullName\":\"荣聚天下投资管理（北京）有限公司\",\"foundDate\":\"2016-08-03\",\"legalRepresentative\":\"刘延豪\",\"addrPro\":\"北京市\",\"registerNo\":\"P1060881\",\"mainStrategyType\":\"私募股权、创业投资基金管理人\"}]"
     but: was "{"sta":1,"data":{"result":[{"compId":132658,"compFullName":"北京和通天下投资管理有限公司","foundDate":"2016-09-30","legalRepresentative":"郑益民","addrPro":"北京市","mainStrategyType":"私募证券投资基金管理人"},{"compId":112230,"compFullName":"北京汇聚天下基金管理有限公司","foundDate":"2014-07-23","legalRepresentative":"李关峥","addrPro":"北京市","registerNo":"P1020128","mainStrategyType":"私募证券投资基金管理人"},{"compId":126411,"compFullName":"北京融鑫天下投资管理有限公司","foundDate":"2016-01-06","legalRepresentative":"马小惠","addrPro":"北京市","registerNo":"P1030881","mainStrategyType":"私募证券投资基金管理人"},{"compId":101462,"compFullName":"北京晟视天下投资管理有限公司","foundDate":"2013-11-30","legalRepresentative":"蒋煜","addrPro":"北京市","registerNo":"P1003023","mainStrategyType":"其他私募投资基金管理人"},{"compId":102508,"compFullName":"北京天下屯蒙投资管理有限公司","foundDate":"2014-05-04","legalRepresentative":"侯彬","addrPro":"北京市","registerNo":"P1003939","mainStrategyType":"私募证券投资基金管理人"},{"compId":121389,"compFullName":"北京问道天下投资有限公司","foundDate":"2015-07-13","legalRepresentative":"杨晓帆","addrPro":"北京市","registerNo":"P1026902","mainStrategyType":"私募证券投资基金管理人"},{"compId":123410,"compFullName":"北京五岳天下投资咨询有限公司","foundDate":"2012-11-19","legalRepresentative":"赵维国","addrPro":"北京市","registerNo":"P1001175","mainStrategyType":"私募股权、创业投资基金管理人"},{"compId":122105,"compFullName":"北京易达天下资产管理有限公司","foundDate":"2015-10-22","legalRepresentative":"于海洋","addrPro":"北京市","registerNo":"P1027287","mainStrategyType":"私募证券投资基金管理人"},{"compId":110317,"compFullName":"北京元汇天下投资管理有限公司","foundDate":"2013-07-12","legalRepresentative":"李士伟","addrPro":"北京市","registerNo":"P1020002","mainStrategyType":"其他"},{"compId":114065,"compFullName":"国融天下投资基金管理（北京）有限公司","foundDate":"2014-12-24","legalRepresentative":"蔡新平","addrPro":"北京市","registerNo":"P1006865","mainStrategyType":"私募股权、创业投资基金管理人"},{"compId":128027,"compFullName":"国盈天下（北京）投资基金管理有限公司","foundDate":"2016-05-20","legalRepresentative":"周婷婷","addrPro":"北京市","registerNo":"P1033303","mainStrategyType":"私募股权、创业投资基金管理人"},{"compId":129888,"compFullName":"荣聚天下投资管理（北京）有限公司","foundDate":"2016-08-03","legalRepresentative":"刘延豪","addrPro":"北京市","registerNo":"P1060881","mainStrategyType":"私募股权、创业投资基金管理人"}],"totalCount":12,"pageNo":1,"pageSize":20,"totalPage":1,"newCount":0},"msg":"操作成功"}"
	at org.hamcrest.MatcherAssert.assertThat(MatcherAssert.java:20)
	at org.hamcrest.MatcherAssert.assertThat(MatcherAssert.java:8)
	at com.xyuan.ngtest.MyAssert.MyAssert.asserting(MyAssert.java:12)
	at com.xyuan.ngtest.ps.comp.comp_search.comp_search(comp_search.java:33)
	at java.util.concurrent.FutureTask.run(FutureTask.java:266)
	at java.util.concurrent.ThreadPoolExecutor.runWorker(ThreadPoolExecutor.java:1142)
	at java.util.concurrent.ThreadPoolExecutor$Worker.run(ThreadPoolExecutor.java:617)
	at java.lang.Thread.run(Thread.java:745)
... Removed 16 stack frames]]>
    </failure>
  </testcase> <!-- comp_search -->
  <testcase name="comp_search" time="0.175" classname="com.xyuan.ngtest.ps.comp.comp_search"/>
  <testcase name="comp_search" time="0.701" classname="com.xyuan.ngtest.ps.comp.comp_search">
    <failure type="java.lang.AssertionError" message="
Expected: a string containing &amp;quot;{\&amp;quot;sta\&amp;quot;:1,\&amp;quot;data\&amp;quot;:{\&amp;quot;result\&amp;quot;:[{\&amp;quot;compId\&amp;quot;:102216,\&amp;quot;compFullName\&amp;quot;:\&amp;quot;阿拉丁财富资产管理（北京）有限公司\&amp;quot;,\&amp;quot;foundDate\&amp;quot;:\&amp;quot;2011-06-10\&amp;quot;,\&amp;quot;legalRepresentative\&amp;quot;:\&amp;quot;任福英\&amp;quot;,\&amp;quot;addrPro\&amp;quot;:\&amp;quot;北京市\&amp;quot;,\&amp;quot;registerNo\&amp;quot;:\&amp;quot;P1002529\&amp;quot;,\&amp;quot;mainStrategyType\&amp;quot;:\&amp;quot;私募股权、创业投资基金管理人\&amp;quot;},{\&amp;quot;compId\&amp;quot;:122347,\&amp;quot;compFullName\&amp;quot;:\&amp;quot;艾格（天津）股权投资基金管理有限公司\&amp;quot;,\&amp;quot;foundDate\&amp;quot;:\&amp;quot;2010-12-23\&amp;quot;,\&amp;quot;legalRepresentative\&amp;quot;:\&amp;quot;黄德钧\&amp;quot;,\&amp;quot;addrPro\&amp;quot;:\&amp;quot;天津市\&amp;quot;,\&amp;quot;registerNo\&amp;quot;:\&amp;quot;P1001548\&amp;quot;,\&amp;quot;mainStrategyType\&amp;quot;:\&amp;quot;私募股权、创业投资基金管理人\&amp;quot;},{\&amp;quot;compId\&amp;quot;:24922,\&amp;quot;compFullName\&amp;quot;:\&amp;quot;爱晖资产管理（上海）有限公司\&amp;quot;,\&amp;quot;foundDate\&amp;quot;:\&amp;quot;2014-10-28\&amp;quot;,\&amp;quot;legalRepresentative\&amp;quot;:\&amp;quot;滕晌君\&amp;quot;,\&amp;quot;addrPro\&amp;quot;:\&amp;quot;上海市\&amp;quot;,\&amp;quot;registerNo\&amp;quot;:\&amp;quot;P1008117\&amp;quot;,\&amp;quot;mainStrategyType\&amp;quot;:\&amp;quot;私募证券投资基金管理人\&amp;quot;},{\&amp;quot;compId\&amp;quot;:121580,\&amp;quot;compFullName\&amp;quot;:\&amp;quot;瑷睿（天津）投资管理有限公司\&amp;quot;,\&amp;quot;foundDate\&amp;quot;:\&amp;quot;2015-11-27\&amp;quot;,\&amp;quot;legalRepresentative\&amp;quot;:\&amp;quot;高继东\&amp;quot;,\&amp;quot;addrPro\&amp;quot;:\&amp;quot;天津市\&amp;quot;,\&amp;quot;registerNo\&amp;quot;:\&amp;quot;P1060752\&amp;quot;,\&amp;quot;mainStrategyType\&amp;quot;:\&amp;quot;私募股权、创业投资基金管理人\&amp;quot;},{\&amp;quot;compId\&amp;quot;:104193,\&amp;quot;compFullName\&amp;quot;:\&amp;quot;安博投资管理（武汉）有限责任公司\&amp;quot;,\&amp;quot;foundDate\&amp;quot;:\&amp;quot;2015-04-20\&amp;quot;,\&amp;quot;legalRepresentative\&amp;quot;:\&amp;quot;黄晖\&amp;quot;,\&amp;quot;addrPro\&amp;quot;:\&amp;quot;湖北省\&amp;quot;,\&amp;quot;registerNo\&amp;quot;:\&amp;quot;P1015623\&amp;quot;,\&amp;quot;mainStrategyType\&amp;quot;:\&amp;quot;私募证券投资基金管理人\&amp;quot;},{\&amp;quot;compId\&amp;quot;:130796,\&amp;quot;compFullName\&amp;quot;:\&amp;quot;安持投资管理（上海）有限公司\&amp;quot;,\&amp;quot;foundDate\&amp;quot;:\&amp;quot;2015-04-30\&amp;quot;,\&amp;quot;legalRepresentative\&amp;quot;:\&amp;quot;何文意\&amp;quot;,\&amp;quot;addrPro\&amp;quot;:\&amp;quot;上海市\&amp;quot;,\&amp;quot;registerNo\&amp;quot;:\&amp;quot;P1061782\&amp;quot;,\&amp;quot;mainStrategyType\&amp;quot;:\&amp;quot;私募股权、创业投资基金管理人\&amp;quot;},{\&amp;quot;compId\&amp;quot;:122068,\&amp;quot;compFullName\&amp;quot;:\&amp;quot;安赐资产管理有限公司\&amp;quot;,\&amp;quot;foundDate\&amp;quot;:\&amp;quot;2012-03-20\&amp;quot;,\&amp;quot;legalRepresentative\&amp;quot;:\&amp;quot;殷敏\&amp;quot;,\&amp;quot;addrPro\&amp;quot;:\&amp;quot;广东省\&amp;quot;,\&amp;quot;registerNo\&amp;quot;:\&amp;quot;P1024788\&amp;quot;,\&amp;quot;mainStrategyType\&amp;quot;:\&amp;quot;私募股权、创业投资基金管理人\&amp;quot;},{\&amp;quot;compId\&amp;quot;:121376,\&amp;quot;compFullName\&amp;quot;:\&amp;quot;安达资本（深圳）有限公司\&amp;quot;,\&amp;quot;foundDate\&amp;quot;:\&amp;quot;2015-09-21\&amp;quot;,\&amp;quot;legalRepresentative\&amp;quot;:\&amp;quot;刘雪梅\&amp;quot;,\&amp;quot;addrPro\&amp;quot;:\&amp;quot;广东省\&amp;quot;,\&amp;quot;registerNo\&amp;quot;:\&amp;quot;P1027924\&amp;quot;,\&amp;quot;mainStrategyType\&amp;quot;:\&amp;quot;私募股权、创业投资基金管理人\&amp;quot;},{\&amp;quot;compId\&amp;quot;:104736,\&amp;quot;compFullName\&amp;quot;:\&amp;quot;安丰创业投资有限公司\&amp;quot;,\&amp;quot;foundDate\&amp;quot;:\&amp;quot;2008-02-28\&amp;quot;,\&amp;quot;legalRepresentative\&amp;quot;:\&amp;quot;阮志毅\&amp;quot;,\&amp;quot;addrPro\&amp;quot;:\&amp;quot;浙江省\&amp;quot;,\&amp;quot;registerNo\&amp;quot;:\&amp;quot;P1007683\&amp;quot;,\&amp;quot;mainStrategyType\&amp;quot;:\&amp;quot;私募股权、创业投资基金管理人\&amp;quot;},{\&amp;quot;compId\&amp;quot;:127339,\&amp;quot;compFullName\&amp;quot;:\&amp;quot;安宏（北京）资产管理有限公司\&amp;quot;,\&amp;quot;foundDate\&amp;quot;:\&amp;quot;2015-07-14\&amp;quot;,\&amp;quot;legalRepresentative\&amp;quot;:\&amp;quot;陈靖驰\&amp;quot;,\&amp;quot;addrPro\&amp;quot;:\&amp;quot;北京市\&amp;quot;,\&amp;quot;registerNo\&amp;quot;:\&amp;quot;P1032353\&amp;quot;,\&amp;quot;mainStrategyType\&amp;quot;:\&amp;quot;私募股权、创业投资基金管理人\&amp;quot;},{\&amp;quot;compId\&amp;quot;:101905,\&amp;quot;compFullName\&amp;quot;:\&amp;quot;安徽阿尔法资产管理有限公司\&amp;quot;,\&amp;quot;foundDate\&amp;quot;:\&amp;quot;2012-08-16\&amp;quot;,\&amp;quot;legalRepresentative\&amp;quot;:\&amp;quot;马瑞静\&amp;quot;,\&amp;quot;addrPro\&amp;quot;:\&amp;quot;安徽省\&amp;quot;,\&amp;quot;registerNo\&amp;quot;:\&amp;quot;P1002942\&amp;quot;,\&amp;quot;mainStrategyType\&amp;quot;:\&amp;quot;私募证券投资基金管理人\&amp;quot;},{\&amp;quot;compId\&amp;quot;:125278,\&amp;quot;compFullName\&amp;quot;:\&amp;quot;安徽安爵资产管理有限责任公司\&amp;quot;,\&amp;quot;manId\&amp;quot;:482,\&amp;quot;foundDate\&amp;quot;:\&amp;quot;2015-09-16\&amp;quot;,\&amp;quot;legalRepresentative\&amp;quot;:\&amp;quot;刘榕\&amp;quot;,\&amp;quot;addrPro\&amp;quot;:\&amp;quot;安徽省\&amp;quot;,\&amp;quot;registerNo\&amp;quot;:\&amp;quot;P1030382\&amp;quot;,\&amp;quot;mainStrategyType\&amp;quot;:\&amp;quot;私募证券投资基金管理人\&amp;quot;},{\&amp;quot;compId\&amp;quot;:123321,\&amp;quot;compFullName\&amp;quot;:\&amp;quot;安徽安益通股权投资管理有限公司\&amp;quot;,\&amp;quot;foundDate\&amp;quot;:\&amp;quot;2013-04-25\&amp;quot;,\&amp;quot;legalRepresentative\&amp;quot;:\&amp;quot;张牧岗\&amp;quot;,\&amp;quot;addrPro\&amp;quot;:\&amp;quot;安徽省\&amp;quot;,\&amp;quot;registerNo\&amp;quot;:\&amp;quot;P1001843\&amp;quot;,\&amp;quot;mainStrategyType\&amp;quot;:\&amp;quot;私募股权、创业投资基金管理人\&amp;quot;},{\&amp;quot;compId\&amp;quot;:123322,\&amp;quot;compFullName\&amp;quot;:\&amp;quot;安徽安元投资基金管理有限公司\&amp;quot;,\&amp;quot;foundDate\&amp;quot;:\&amp;quot;2015-07-27\&amp;quot;,\&amp;quot;legalRepresentative\&amp;quot;:\&amp;quot;刘振\&amp;quot;,\&amp;quot;addrPro\&amp;quot;:\&amp;quot;安徽省\&amp;quot;,\&amp;quot;registerNo\&amp;quot;:\&amp;quot;P1023390\&amp;quot;,\&amp;quot;mainStrategyType\&amp;quot;:\&amp;quot;私募股权、创业投资基金管理人\&amp;quot;},{\&amp;quot;compId\&amp;quot;:131924,\&amp;quot;compFullName\&amp;quot;:\&amp;quot;安徽北大明德基金管理有限公司\&amp;quot;,\&amp;quot;foundDate\&amp;quot;:\&amp;quot;2017-01-19\&amp;quot;,\&amp;quot;legalRepresentative\&amp;quot;:\&amp;quot;刘欧\&amp;quot;,\&amp;quot;addrPro\&amp;quot;:\&amp;quot;安徽省\&amp;quot;,\&amp;quot;mainStrategyType\&amp;quot;:\&amp;quot;私募股权、创业投资基金管理人\&amp;quot;},{\&amp;quot;compId\&amp;quot;:103263,\&amp;quot;compFullName\&amp;quot;:\&amp;quot;安徽倍力时空投资管理有限公司\&amp;quot;,\&amp;quot;foundDate\&amp;quot;:\&amp;quot;2011-01-18\&amp;quot;,\&amp;quot;legalRepresentative\&amp;quot;:\&amp;quot;张春华\&amp;quot;,\&amp;quot;addrPro\&amp;quot;:\&amp;quot;安徽省\&amp;quot;,\&amp;quot;registerNo\&amp;quot;:\&amp;quot;P1009844\&amp;quot;,\&amp;quot;mainStrategyType\&amp;quot;:\&amp;quot;私募证券投资基金管理人\&amp;quot;},{\&amp;quot;compId\&amp;quot;:128258,\&amp;quot;compFullName\&amp;quot;:\&amp;quot;安徽博韬创投基金管理有限公司\&amp;quot;,\&amp;quot;foundDate\&amp;quot;:\&amp;quot;2010-03-25\&amp;quot;,\&amp;quot;legalRepresentative\&amp;quot;:\&amp;quot;刘曙光\&amp;quot;,\&amp;quot;addrPro\&amp;quot;:\&amp;quot;安徽省\&amp;quot;,\&amp;quot;registerNo\&amp;quot;:\&amp;quot;P1033663\&amp;quot;,\&amp;quot;mainStrategyType\&amp;quot;:\&amp;quot;私募股权、创业投资基金管理人\&amp;quot;},{\&amp;quot;compId\&amp;quot;:106307,\&amp;quot;compFullName\&amp;quot;:\&amp;quot;安徽池州市政汇中小企业金融服务有限公司\&amp;quot;,\&amp;quot;foundDate\&amp;quot;:\&amp;quot;2013-11-14\&amp;quot;,\&amp;quot;legalRepresentative\&amp;quot;:\&amp;quot;孙一杰\&amp;quot;,\&amp;quot;addrPro\&amp;quot;:\&amp;quot;安徽省\&amp;quot;,\&amp;quot;mainStrategyType\&amp;quot;:\&amp;quot;私募股权、创业投资基金管理人\&amp;quot;},{\&amp;quot;compId\&amp;quot;:101895,\&amp;quot;compFullName\&amp;quot;:\&amp;quot;安徽崇盛投资管理有限公司\&amp;quot;,\&amp;quot;foundDate\&amp;quot;:\&amp;quot;2013-10-18\&amp;quot;,\&amp;quot;legalRepresentative\&amp;quot;:\&amp;quot;徐凯\&amp;quot;,\&amp;quot;addrPro\&amp;quot;:\&amp;quot;安徽省\&amp;quot;,\&amp;quot;registerNo\&amp;quot;:\&amp;quot;P1002943\&amp;quot;,\&amp;quot;mainStrategyType\&amp;quot;:\&amp;quot;私募证券投资基金管理人\&amp;quot;},{\&amp;quot;compId\&amp;quot;:132327,\&amp;quot;compFullName\&amp;quot;:\&amp;quot;安徽大佑创业投资有限公司\&amp;quot;,\&amp;quot;foundDate\&amp;quot;:\&amp;quot;2016-08-17\&amp;quot;,\&amp;quot;legalRepresentative\&amp;quot;:\&amp;quot;徐建民\&amp;quot;,\&amp;quot;addrPro\&amp;quot;:\&amp;quot;安徽省\&amp;quot;,\&amp;quot;mainStrategyType\&amp;quot;:\&amp;quot;私募股权、创业投资基金管理人\&amp;quot;}]&amp;quot;
     but: was &amp;quot;{&amp;quot;sta&amp;quot;:1,&amp;quot;data&amp;quot;:{&amp;quot;result&amp;quot;:[{&amp;quot;compId&amp;quot;:102216,&amp;quot;compFullName&amp;quot;:&amp;quot;阿拉丁财富资产管理（北京）有限公司&amp;quot;,&amp;quot;foundDate&amp;quot;:&amp;quot;2011-06-10&amp;quot;,&amp;quot;legalRepresentative&amp;quot;:&amp;quot;任福英&amp;quot;,&amp;quot;addrPro&amp;quot;:&amp;quot;北京市&amp;quot;,&amp;quot;registerNo&amp;quot;:&amp;quot;P1002529&amp;quot;,&amp;quot;mainStrategyType&amp;quot;:&amp;quot;私募股权、创业投资基金管理人&amp;quot;},{&amp;quot;compId&amp;quot;:122347,&amp;quot;compFullName&amp;quot;:&amp;quot;艾格（天津）股权投资基金管理有限公司&amp;quot;,&amp;quot;foundDate&amp;quot;:&amp;quot;2010-12-23&amp;quot;,&amp;quot;legalRepresentative&amp;quot;:&amp;quot;黄德钧&amp;quot;,&amp;quot;addrPro&amp;quot;:&amp;quot;天津市&amp;quot;,&amp;quot;registerNo&amp;quot;:&amp;quot;P1001548&amp;quot;,&amp;quot;mainStrategyType&amp;quot;:&amp;quot;私募股权、创业投资基金管理人&amp;quot;},{&amp;quot;compId&amp;quot;:123996,&amp;quot;compFullName&amp;quot;:&amp;quot;爱晖资产管理（上海）有限公司&amp;quot;,&amp;quot;foundDate&amp;quot;:&amp;quot;2014-10-28&amp;quot;,&amp;quot;legalRepresentative&amp;quot;:&amp;quot;滕晌君&amp;quot;,&amp;quot;addrPro&amp;quot;:&amp;quot;上海市&amp;quot;,&amp;quot;mainStrategyType&amp;quot;:&amp;quot;私募证券投资基金管理人&amp;quot;},{&amp;quot;compId&amp;quot;:121580,&amp;quot;compFullName&amp;quot;:&amp;quot;瑷睿（天津）投资管理有限公司&amp;quot;,&amp;quot;foundDate&amp;quot;:&amp;quot;2015-11-27&amp;quot;,&amp;quot;legalRepresentative&amp;quot;:&amp;quot;高继东&amp;quot;,&amp;quot;addrPro&amp;quot;:&amp;quot;天津市&amp;quot;,&amp;quot;registerNo&amp;quot;:&amp;quot;P1060752&amp;quot;,&amp;quot;mainStrategyType&amp;quot;:&amp;quot;私募股权、创业投资基金管理人&amp;quot;},{&amp;quot;compId&amp;quot;:104193,&amp;quot;compFullName&amp;quot;:&amp;quot;安博投资管理（武汉）有限责任公司&amp;quot;,&amp;quot;foundDate&amp;quot;:&amp;quot;2015-04-20&amp;quot;,&amp;quot;legalRepresentative&amp;quot;:&amp;quot;黄晖&amp;quot;,&amp;quot;addrPro&amp;quot;:&amp;quot;湖北省&amp;quot;,&amp;quot;registerNo&amp;quot;:&amp;quot;P1015623&amp;quot;,&amp;quot;mainStrategyType&amp;quot;:&amp;quot;私募证券投资基金管理人&amp;quot;},{&amp;quot;compId&amp;quot;:130796,&amp;quot;compFullName&amp;quot;:&amp;quot;安持投资管理（上海）有限公司&amp;quot;,&amp;quot;foundDate&amp;quot;:&amp;quot;2015-04-30&amp;quot;,&amp;quot;legalRepresentative&amp;quot;:&amp;quot;何文意&amp;quot;,&amp;quot;addrPro&amp;quot;:&amp;quot;上海市&amp;quot;,&amp;quot;registerNo&amp;quot;:&amp;quot;P1061782&amp;quot;,&amp;quot;mainStrategyType&amp;quot;:&amp;quot;私募股权、创业投资基金管理人&amp;quot;},{&amp;quot;compId&amp;quot;:122068,&amp;quot;compFullName&amp;quot;:&amp;quot;安赐资产管理有限公司&amp;quot;,&amp;quot;foundDate&amp;quot;:&amp;quot;2012-03-20&amp;quot;,&amp;quot;legalRepresentative&amp;quot;:&amp;quot;殷敏&amp;quot;,&amp;quot;addrPro&amp;quot;:&amp;quot;广东省&amp;quot;,&amp;quot;registerNo&amp;quot;:&amp;quot;P1024788&amp;quot;,&amp;quot;mainStrategyType&amp;quot;:&amp;quot;私募股权、创业投资基金管理人&amp;quot;},{&amp;quot;compId&amp;quot;:121376,&amp;quot;compFullName&amp;quot;:&amp;quot;安达资本（深圳）有限公司&amp;quot;,&amp;quot;foundDate&amp;quot;:&amp;quot;2015-09-21&amp;quot;,&amp;quot;legalRepresentative&amp;quot;:&amp;quot;刘雪梅&amp;quot;,&amp;quot;addrPro&amp;quot;:&amp;quot;广东省&amp;quot;,&amp;quot;registerNo&amp;quot;:&amp;quot;P1027924&amp;quot;,&amp;quot;mainStrategyType&amp;quot;:&amp;quot;私募股权、创业投资基金管理人&amp;quot;},{&amp;quot;compId&amp;quot;:104736,&amp;quot;compFullName&amp;quot;:&amp;quot;安丰创业投资有限公司&amp;quot;,&amp;quot;foundDate&amp;quot;:&amp;quot;2008-02-28&amp;quot;,&amp;quot;legalRepresentative&amp;quot;:&amp;quot;阮志毅&amp;quot;,&amp;quot;addrPro&amp;quot;:&amp;quot;浙江省&amp;quot;,&amp;quot;registerNo&amp;quot;:&amp;quot;P1007683&amp;quot;,&amp;quot;mainStrategyType&amp;quot;:&amp;quot;私募股权、创业投资基金管理人&amp;quot;},{&amp;quot;compId&amp;quot;:127339,&amp;quot;compFullName&amp;quot;:&amp;quot;安宏（北京）资产管理有限公司&amp;quot;,&amp;quot;foundDate&amp;quot;:&amp;quot;2015-07-14&amp;quot;,&amp;quot;legalRepresentative&amp;quot;:&amp;quot;陈靖驰&amp;quot;,&amp;quot;addrPro&amp;quot;:&amp;quot;北京市&amp;quot;,&amp;quot;registerNo&amp;quot;:&amp;quot;P1032353&amp;quot;,&amp;quot;mainStrategyType&amp;quot;:&amp;quot;私募股权、创业投资基金管理人&amp;quot;},{&amp;quot;compId&amp;quot;:101905,&amp;quot;compFullName&amp;quot;:&amp;quot;安徽阿尔法资产管理有限公司&amp;quot;,&amp;quot;foundDate&amp;quot;:&amp;quot;2012-08-16&amp;quot;,&amp;quot;legalRepresentative&amp;quot;:&amp;quot;马瑞静&amp;quot;,&amp;quot;addrPro&amp;quot;:&amp;quot;安徽省&amp;quot;,&amp;quot;registerNo&amp;quot;:&amp;quot;P1002942&amp;quot;,&amp;quot;mainStrategyType&amp;quot;:&amp;quot;私募证券投资基金管理人&amp;quot;},{&amp;quot;compId&amp;quot;:125278,&amp;quot;compFullName&amp;quot;:&amp;quot;安徽安爵资产管理有限责任公司&amp;quot;,&amp;quot;manId&amp;quot;:482,&amp;quot;foundDate&amp;quot;:&amp;quot;2015-09-16&amp;quot;,&amp;quot;legalRepresentative&amp;quot;:&amp;quot;刘榕&amp;quot;,&amp;quot;addrPro&amp;quot;:&amp;quot;安徽省&amp;quot;,&amp;quot;registerNo&amp;quot;:&amp;quot;P1030382&amp;quot;,&amp;quot;mainStrategyType&amp;quot;:&amp;quot;私募证券投资基金管理人&amp;quot;},{&amp;quot;compId&amp;quot;:123321,&amp;quot;compFullName&amp;quot;:&amp;quot;安徽安益通股权投资管理有限公司&amp;quot;,&amp;quot;foundDate&amp;quot;:&amp;quot;2013-04-25&amp;quot;,&amp;quot;legalRepresentative&amp;quot;:&amp;quot;张牧岗&amp;quot;,&amp;quot;addrPro&amp;quot;:&amp;quot;安徽省&amp;quot;,&amp;quot;registerNo&amp;quot;:&amp;quot;P1001843&amp;quot;,&amp;quot;mainStrategyType&amp;quot;:&amp;quot;私募股权、创业投资基金管理人&amp;quot;},{&amp;quot;compId&amp;quot;:123322,&amp;quot;compFullName&amp;quot;:&amp;quot;安徽安元投资基金管理有限公司&amp;quot;,&amp;quot;foundDate&amp;quot;:&amp;quot;2015-07-27&amp;quot;,&amp;quot;legalRepresentative&amp;quot;:&amp;quot;刘振&amp;quot;,&amp;quot;addrPro&amp;quot;:&amp;quot;安徽省&amp;quot;,&amp;quot;registerNo&amp;quot;:&amp;quot;P1023390&amp;quot;,&amp;quot;mainStrategyType&amp;quot;:&amp;quot;私募股权、创业投资基金管理人&amp;quot;},{&amp;quot;compId&amp;quot;:131924,&amp;quot;compFullName&amp;quot;:&amp;quot;安徽北大明德基金管理有限公司&amp;quot;,&amp;quot;foundDate&amp;quot;:&amp;quot;2017-01-19&amp;quot;,&amp;quot;legalRepresentative&amp;quot;:&amp;quot;刘欧&amp;quot;,&amp;quot;addrPro&amp;quot;:&amp;quot;安徽省&amp;quot;,&amp;quot;mainStrategyType&amp;quot;:&amp;quot;私募股权、创业投资基金管理人&amp;quot;},{&amp;quot;compId&amp;quot;:103263,&amp;quot;compFullName&amp;quot;:&amp;quot;安徽倍力时空投资管理有限公司&amp;quot;,&amp;quot;foundDate&amp;quot;:&amp;quot;2011-01-18&amp;quot;,&amp;quot;legalRepresentative&amp;quot;:&amp;quot;张春华&amp;quot;,&amp;quot;addrPro&amp;quot;:&amp;quot;安徽省&amp;quot;,&amp;quot;registerNo&amp;quot;:&amp;quot;P1009844&amp;quot;,&amp;quot;mainStrategyType&amp;quot;:&amp;quot;私募证券投资基金管理人&amp;quot;},{&amp;quot;compId&amp;quot;:128258,&amp;quot;compFullName&amp;quot;:&amp;quot;安徽博韬创投基金管理有限公司&amp;quot;,&amp;quot;foundDate&amp;quot;:&amp;quot;2010-03-25&amp;quot;,&amp;quot;legalRepresentative&amp;quot;:&amp;quot;刘曙光&amp;quot;,&amp;quot;addrPro&amp;quot;:&amp;quot;安徽省&amp;quot;,&amp;quot;registerNo&amp;quot;:&amp;quot;P1033663&amp;quot;,&amp;quot;mainStrategyType&amp;quot;:&amp;quot;私募股权、创业投资基金管理人&amp;quot;},{&amp;quot;compId&amp;quot;:106307,&amp;quot;compFullName&amp;quot;:&amp;quot;安徽池州市政汇中小企业金融服务有限公司&amp;quot;,&amp;quot;foundDate&amp;quot;:&amp;quot;2013-11-14&amp;quot;,&amp;quot;legalRepresentative&amp;quot;:&amp;quot;孙一杰&amp;quot;,&amp;quot;addrPro&amp;quot;:&amp;quot;安徽省&amp;quot;,&amp;quot;mainStrategyType&amp;quot;:&amp;quot;私募股权、创业投资基金管理人&amp;quot;},{&amp;quot;compId&amp;quot;:101895,&amp;quot;compFullName&amp;quot;:&amp;quot;安徽崇盛投资管理有限公司&amp;quot;,&amp;quot;foundDate&amp;quot;:&amp;quot;2013-10-18&amp;quot;,&amp;quot;legalRepresentative&amp;quot;:&amp;quot;徐凯&amp;quot;,&amp;quot;addrPro&amp;quot;:&amp;quot;安徽省&amp;quot;,&amp;quot;registerNo&amp;quot;:&amp;quot;P1002943&amp;quot;,&amp;quot;mainStrategyType&amp;quot;:&amp;quot;私募证券投资基金管理人&amp;quot;},{&amp;quot;compId&amp;quot;:132327,&amp;quot;compFullName&amp;quot;:&amp;quot;安徽大佑创业投资有限公司&amp;quot;,&amp;quot;foundDate&amp;quot;:&amp;quot;2016-08-17&amp;quot;,&amp;quot;legalRepresentative&amp;quot;:&amp;quot;徐建民&amp;quot;,&amp;quot;addrPro&amp;quot;:&amp;quot;安徽省&amp;quot;,&amp;quot;mainStrategyType&amp;quot;:&amp;quot;私募股权、创业投资基金管理人&amp;quot;}],&amp;quot;totalCount&amp;quot;:21299,&amp;quot;pageNo&amp;quot;:1,&amp;quot;pageSize&amp;quot;:20,&amp;quot;totalPage&amp;quot;:1065,&amp;quot;newCount&amp;quot;:132},&amp;quot;msg&amp;quot;:&amp;quot;操作成功&amp;quot;}&amp;quot;">
      <![CDATA[java.lang.AssertionError: 
Expected: a string containing "{\"sta\":1,\"data\":{\"result\":[{\"compId\":102216,\"compFullName\":\"阿拉丁财富资产管理（北京）有限公司\",\"foundDate\":\"2011-06-10\",\"legalRepresentative\":\"任福英\",\"addrPro\":\"北京市\",\"registerNo\":\"P1002529\",\"mainStrategyType\":\"私募股权、创业投资基金管理人\"},{\"compId\":122347,\"compFullName\":\"艾格（天津）股权投资基金管理有限公司\",\"foundDate\":\"2010-12-23\",\"legalRepresentative\":\"黄德钧\",\"addrPro\":\"天津市\",\"registerNo\":\"P1001548\",\"mainStrategyType\":\"私募股权、创业投资基金管理人\"},{\"compId\":24922,\"compFullName\":\"爱晖资产管理（上海）有限公司\",\"foundDate\":\"2014-10-28\",\"legalRepresentative\":\"滕晌君\",\"addrPro\":\"上海市\",\"registerNo\":\"P1008117\",\"mainStrategyType\":\"私募证券投资基金管理人\"},{\"compId\":121580,\"compFullName\":\"瑷睿（天津）投资管理有限公司\",\"foundDate\":\"2015-11-27\",\"legalRepresentative\":\"高继东\",\"addrPro\":\"天津市\",\"registerNo\":\"P1060752\",\"mainStrategyType\":\"私募股权、创业投资基金管理人\"},{\"compId\":104193,\"compFullName\":\"安博投资管理（武汉）有限责任公司\",\"foundDate\":\"2015-04-20\",\"legalRepresentative\":\"黄晖\",\"addrPro\":\"湖北省\",\"registerNo\":\"P1015623\",\"mainStrategyType\":\"私募证券投资基金管理人\"},{\"compId\":130796,\"compFullName\":\"安持投资管理（上海）有限公司\",\"foundDate\":\"2015-04-30\",\"legalRepresentative\":\"何文意\",\"addrPro\":\"上海市\",\"registerNo\":\"P1061782\",\"mainStrategyType\":\"私募股权、创业投资基金管理人\"},{\"compId\":122068,\"compFullName\":\"安赐资产管理有限公司\",\"foundDate\":\"2012-03-20\",\"legalRepresentative\":\"殷敏\",\"addrPro\":\"广东省\",\"registerNo\":\"P1024788\",\"mainStrategyType\":\"私募股权、创业投资基金管理人\"},{\"compId\":121376,\"compFullName\":\"安达资本（深圳）有限公司\",\"foundDate\":\"2015-09-21\",\"legalRepresentative\":\"刘雪梅\",\"addrPro\":\"广东省\",\"registerNo\":\"P1027924\",\"mainStrategyType\":\"私募股权、创业投资基金管理人\"},{\"compId\":104736,\"compFullName\":\"安丰创业投资有限公司\",\"foundDate\":\"2008-02-28\",\"legalRepresentative\":\"阮志毅\",\"addrPro\":\"浙江省\",\"registerNo\":\"P1007683\",\"mainStrategyType\":\"私募股权、创业投资基金管理人\"},{\"compId\":127339,\"compFullName\":\"安宏（北京）资产管理有限公司\",\"foundDate\":\"2015-07-14\",\"legalRepresentative\":\"陈靖驰\",\"addrPro\":\"北京市\",\"registerNo\":\"P1032353\",\"mainStrategyType\":\"私募股权、创业投资基金管理人\"},{\"compId\":101905,\"compFullName\":\"安徽阿尔法资产管理有限公司\",\"foundDate\":\"2012-08-16\",\"legalRepresentative\":\"马瑞静\",\"addrPro\":\"安徽省\",\"registerNo\":\"P1002942\",\"mainStrategyType\":\"私募证券投资基金管理人\"},{\"compId\":125278,\"compFullName\":\"安徽安爵资产管理有限责任公司\",\"manId\":482,\"foundDate\":\"2015-09-16\",\"legalRepresentative\":\"刘榕\",\"addrPro\":\"安徽省\",\"registerNo\":\"P1030382\",\"mainStrategyType\":\"私募证券投资基金管理人\"},{\"compId\":123321,\"compFullName\":\"安徽安益通股权投资管理有限公司\",\"foundDate\":\"2013-04-25\",\"legalRepresentative\":\"张牧岗\",\"addrPro\":\"安徽省\",\"registerNo\":\"P1001843\",\"mainStrategyType\":\"私募股权、创业投资基金管理人\"},{\"compId\":123322,\"compFullName\":\"安徽安元投资基金管理有限公司\",\"foundDate\":\"2015-07-27\",\"legalRepresentative\":\"刘振\",\"addrPro\":\"安徽省\",\"registerNo\":\"P1023390\",\"mainStrategyType\":\"私募股权、创业投资基金管理人\"},{\"compId\":131924,\"compFullName\":\"安徽北大明德基金管理有限公司\",\"foundDate\":\"2017-01-19\",\"legalRepresentative\":\"刘欧\",\"addrPro\":\"安徽省\",\"mainStrategyType\":\"私募股权、创业投资基金管理人\"},{\"compId\":103263,\"compFullName\":\"安徽倍力时空投资管理有限公司\",\"foundDate\":\"2011-01-18\",\"legalRepresentative\":\"张春华\",\"addrPro\":\"安徽省\",\"registerNo\":\"P1009844\",\"mainStrategyType\":\"私募证券投资基金管理人\"},{\"compId\":128258,\"compFullName\":\"安徽博韬创投基金管理有限公司\",\"foundDate\":\"2010-03-25\",\"legalRepresentative\":\"刘曙光\",\"addrPro\":\"安徽省\",\"registerNo\":\"P1033663\",\"mainStrategyType\":\"私募股权、创业投资基金管理人\"},{\"compId\":106307,\"compFullName\":\"安徽池州市政汇中小企业金融服务有限公司\",\"foundDate\":\"2013-11-14\",\"legalRepresentative\":\"孙一杰\",\"addrPro\":\"安徽省\",\"mainStrategyType\":\"私募股权、创业投资基金管理人\"},{\"compId\":101895,\"compFullName\":\"安徽崇盛投资管理有限公司\",\"foundDate\":\"2013-10-18\",\"legalRepresentative\":\"徐凯\",\"addrPro\":\"安徽省\",\"registerNo\":\"P1002943\",\"mainStrategyType\":\"私募证券投资基金管理人\"},{\"compId\":132327,\"compFullName\":\"安徽大佑创业投资有限公司\",\"foundDate\":\"2016-08-17\",\"legalRepresentative\":\"徐建民\",\"addrPro\":\"安徽省\",\"mainStrategyType\":\"私募股权、创业投资基金管理人\"}]"
     but: was "{"sta":1,"data":{"result":[{"compId":102216,"compFullName":"阿拉丁财富资产管理（北京）有限公司","foundDate":"2011-06-10","legalRepresentative":"任福英","addrPro":"北京市","registerNo":"P1002529","mainStrategyType":"私募股权、创业投资基金管理人"},{"compId":122347,"compFullName":"艾格（天津）股权投资基金管理有限公司","foundDate":"2010-12-23","legalRepresentative":"黄德钧","addrPro":"天津市","registerNo":"P1001548","mainStrategyType":"私募股权、创业投资基金管理人"},{"compId":123996,"compFullName":"爱晖资产管理（上海）有限公司","foundDate":"2014-10-28","legalRepresentative":"滕晌君","addrPro":"上海市","mainStrategyType":"私募证券投资基金管理人"},{"compId":121580,"compFullName":"瑷睿（天津）投资管理有限公司","foundDate":"2015-11-27","legalRepresentative":"高继东","addrPro":"天津市","registerNo":"P1060752","mainStrategyType":"私募股权、创业投资基金管理人"},{"compId":104193,"compFullName":"安博投资管理（武汉）有限责任公司","foundDate":"2015-04-20","legalRepresentative":"黄晖","addrPro":"湖北省","registerNo":"P1015623","mainStrategyType":"私募证券投资基金管理人"},{"compId":130796,"compFullName":"安持投资管理（上海）有限公司","foundDate":"2015-04-30","legalRepresentative":"何文意","addrPro":"上海市","registerNo":"P1061782","mainStrategyType":"私募股权、创业投资基金管理人"},{"compId":122068,"compFullName":"安赐资产管理有限公司","foundDate":"2012-03-20","legalRepresentative":"殷敏","addrPro":"广东省","registerNo":"P1024788","mainStrategyType":"私募股权、创业投资基金管理人"},{"compId":121376,"compFullName":"安达资本（深圳）有限公司","foundDate":"2015-09-21","legalRepresentative":"刘雪梅","addrPro":"广东省","registerNo":"P1027924","mainStrategyType":"私募股权、创业投资基金管理人"},{"compId":104736,"compFullName":"安丰创业投资有限公司","foundDate":"2008-02-28","legalRepresentative":"阮志毅","addrPro":"浙江省","registerNo":"P1007683","mainStrategyType":"私募股权、创业投资基金管理人"},{"compId":127339,"compFullName":"安宏（北京）资产管理有限公司","foundDate":"2015-07-14","legalRepresentative":"陈靖驰","addrPro":"北京市","registerNo":"P1032353","mainStrategyType":"私募股权、创业投资基金管理人"},{"compId":101905,"compFullName":"安徽阿尔法资产管理有限公司","foundDate":"2012-08-16","legalRepresentative":"马瑞静","addrPro":"安徽省","registerNo":"P1002942","mainStrategyType":"私募证券投资基金管理人"},{"compId":125278,"compFullName":"安徽安爵资产管理有限责任公司","manId":482,"foundDate":"2015-09-16","legalRepresentative":"刘榕","addrPro":"安徽省","registerNo":"P1030382","mainStrategyType":"私募证券投资基金管理人"},{"compId":123321,"compFullName":"安徽安益通股权投资管理有限公司","foundDate":"2013-04-25","legalRepresentative":"张牧岗","addrPro":"安徽省","registerNo":"P1001843","mainStrategyType":"私募股权、创业投资基金管理人"},{"compId":123322,"compFullName":"安徽安元投资基金管理有限公司","foundDate":"2015-07-27","legalRepresentative":"刘振","addrPro":"安徽省","registerNo":"P1023390","mainStrategyType":"私募股权、创业投资基金管理人"},{"compId":131924,"compFullName":"安徽北大明德基金管理有限公司","foundDate":"2017-01-19","legalRepresentative":"刘欧","addrPro":"安徽省","mainStrategyType":"私募股权、创业投资基金管理人"},{"compId":103263,"compFullName":"安徽倍力时空投资管理有限公司","foundDate":"2011-01-18","legalRepresentative":"张春华","addrPro":"安徽省","registerNo":"P1009844","mainStrategyType":"私募证券投资基金管理人"},{"compId":128258,"compFullName":"安徽博韬创投基金管理有限公司","foundDate":"2010-03-25","legalRepresentative":"刘曙光","addrPro":"安徽省","registerNo":"P1033663","mainStrategyType":"私募股权、创业投资基金管理人"},{"compId":106307,"compFullName":"安徽池州市政汇中小企业金融服务有限公司","foundDate":"2013-11-14","legalRepresentative":"孙一杰","addrPro":"安徽省","mainStrategyType":"私募股权、创业投资基金管理人"},{"compId":101895,"compFullName":"安徽崇盛投资管理有限公司","foundDate":"2013-10-18","legalRepresentative":"徐凯","addrPro":"安徽省","registerNo":"P1002943","mainStrategyType":"私募证券投资基金管理人"},{"compId":132327,"compFullName":"安徽大佑创业投资有限公司","foundDate":"2016-08-17","legalRepresentative":"徐建民","addrPro":"安徽省","mainStrategyType":"私募股权、创业投资基金管理人"}],"totalCount":21299,"pageNo":1,"pageSize":20,"totalPage":1065,"newCount":132},"msg":"操作成功"}"
	at org.hamcrest.MatcherAssert.assertThat(MatcherAssert.java:20)
	at org.hamcrest.MatcherAssert.assertThat(MatcherAssert.java:8)
	at com.xyuan.ngtest.MyAssert.MyAssert.asserting(MyAssert.java:12)
	at com.xyuan.ngtest.ps.comp.comp_search.comp_search(comp_search.java:33)
	at java.util.concurrent.FutureTask.run(FutureTask.java:266)
	at java.util.concurrent.ThreadPoolExecutor.runWorker(ThreadPoolExecutor.java:1142)
	at java.util.concurrent.ThreadPoolExecutor$Worker.run(ThreadPoolExecutor.java:617)
	at java.lang.Thread.run(Thread.java:745)
... Removed 16 stack frames]]>
    </failure>
  </testcase> <!-- comp_search -->
  <testcase name="comp_search" time="0.332" classname="com.xyuan.ngtest.ps.comp.comp_search"/>
  <testcase name="comp_search" time="0.29" classname="com.xyuan.ngtest.ps.comp.comp_search">
    <failure type="java.lang.AssertionError" message="
Expected: a string containing &amp;quot;{\&amp;quot;sta\&amp;quot;:1,\&amp;quot;data\&amp;quot;:{\&amp;quot;result\&amp;quot;:[{\&amp;quot;compId\&amp;quot;:131924,\&amp;quot;compFullName\&amp;quot;:\&amp;quot;安徽北大明德基金管理有限公司\&amp;quot;,\&amp;quot;foundDate\&amp;quot;:\&amp;quot;2017-01-19\&amp;quot;,\&amp;quot;legalRepresentative\&amp;quot;:\&amp;quot;刘欧\&amp;quot;,\&amp;quot;addrPro\&amp;quot;:\&amp;quot;安徽省\&amp;quot;,\&amp;quot;mainStrategyType\&amp;quot;:\&amp;quot;私募股权、创业投资基金管理人\&amp;quot;},{\&amp;quot;compId\&amp;quot;:134152,\&amp;quot;compFullName\&amp;quot;:\&amp;quot;安徽国厚股权投资基金管理有限公司\&amp;quot;,\&amp;quot;foundDate\&amp;quot;:\&amp;quot;2017-05-12\&amp;quot;,\&amp;quot;legalRepresentative\&amp;quot;:\&amp;quot;周庆\&amp;quot;,\&amp;quot;mainStrategyType\&amp;quot;:\&amp;quot;私募股权、创业投资基金管理人\&amp;quot;},{\&amp;quot;compId\&amp;quot;:129864,\&amp;quot;compFullName\&amp;quot;:\&amp;quot;安徽建工资本管理有限公司\&amp;quot;,\&amp;quot;foundDate\&amp;quot;:\&amp;quot;2016-11-07\&amp;quot;,\&amp;quot;legalRepresentative\&amp;quot;:\&amp;quot;李俊鹏\&amp;quot;,\&amp;quot;addrPro\&amp;quot;:\&amp;quot;安徽省\&amp;quot;,\&amp;quot;registerNo\&amp;quot;:\&amp;quot;P1060780\&amp;quot;,\&amp;quot;mainStrategyType\&amp;quot;:\&amp;quot;私募股权、创业投资基金管理人\&amp;quot;},{\&amp;quot;compId\&amp;quot;:133294,\&amp;quot;compFullName\&amp;quot;:\&amp;quot;安徽亚父投资管理有限公司\&amp;quot;,\&amp;quot;foundDate\&amp;quot;:\&amp;quot;2017-01-03\&amp;quot;,\&amp;quot;legalRepresentative\&amp;quot;:\&amp;quot;王汝言\&amp;quot;,\&amp;quot;mainStrategyType\&amp;quot;:\&amp;quot;私募股权、创业投资基金管理人\&amp;quot;},{\&amp;quot;compId\&amp;quot;:133251,\&amp;quot;compFullName\&amp;quot;:\&amp;quot;安徽正泽股权投资有限公司\&amp;quot;,\&amp;quot;foundDate\&amp;quot;:\&amp;quot;2016-11-24\&amp;quot;,\&amp;quot;legalRepresentative\&amp;quot;:\&amp;quot;刘恒\&amp;quot;,\&amp;quot;mainStrategyType\&amp;quot;:\&amp;quot;私募股权、创业投资基金管理人\&amp;quot;},{\&amp;quot;compId\&amp;quot;:129789,\&amp;quot;compFullName\&amp;quot;:\&amp;quot;安徽中财金控投资基金管理有限公司\&amp;quot;,\&amp;quot;foundDate\&amp;quot;:\&amp;quot;2016-09-30\&amp;quot;,\&amp;quot;legalRepresentative\&amp;quot;:\&amp;quot;王溱\&amp;quot;,\&amp;quot;addrPro\&amp;quot;:\&amp;quot;安徽省\&amp;quot;,\&amp;quot;registerNo\&amp;quot;:\&amp;quot;P1060724\&amp;quot;,\&amp;quot;mainStrategyType\&amp;quot;:\&amp;quot;私募股权、创业投资基金管理人\&amp;quot;},{\&amp;quot;compId\&amp;quot;:33026,\&amp;quot;compFullName\&amp;quot;:\&amp;quot;安庆市金通同安投资管理合伙企业（有限合伙）\&amp;quot;,\&amp;quot;foundDate\&amp;quot;:\&amp;quot;2016-09-13\&amp;quot;,\&amp;quot;legalRepresentative\&amp;quot;:\&amp;quot;储节义\&amp;quot;,\&amp;quot;addrPro\&amp;quot;:\&amp;quot;安徽省\&amp;quot;,\&amp;quot;registerNo\&amp;quot;:\&amp;quot;P1062173\&amp;quot;,\&amp;quot;mainStrategyType\&amp;quot;:\&amp;quot;私募股权、创业投资基金管理人\&amp;quot;},{\&amp;quot;compId\&amp;quot;:131235,\&amp;quot;compFullName\&amp;quot;:\&amp;quot;安扬资产管理（杭州）有限公司\&amp;quot;,\&amp;quot;foundDate\&amp;quot;:\&amp;quot;2016-11-09\&amp;quot;,\&amp;quot;legalRepresentative\&amp;quot;:\&amp;quot;刘翌\&amp;quot;,\&amp;quot;addrPro\&amp;quot;:\&amp;quot;浙江省\&amp;quot;,\&amp;quot;registerNo\&amp;quot;:\&amp;quot;P1062346\&amp;quot;,\&amp;quot;mainStrategyType\&amp;quot;:\&amp;quot;私募股权、创业投资基金管理人\&amp;quot;},{\&amp;quot;compId\&amp;quot;:132137,\&amp;quot;compFullName\&amp;quot;:\&amp;quot;鞍资（天津）股权投资基金管理有限公司\&amp;quot;,\&amp;quot;foundDate\&amp;quot;:\&amp;quot;2017-03-31\&amp;quot;,\&amp;quot;legalRepresentative\&amp;quot;:\&amp;quot;付多朋\&amp;quot;,\&amp;quot;addrPro\&amp;quot;:\&amp;quot;天津市\&amp;quot;,\&amp;quot;mainStrategyType\&amp;quot;:\&amp;quot;私募股权、创业投资基金管理人\&amp;quot;},{\&amp;quot;compId\&amp;quot;:129989,\&amp;quot;compFullName\&amp;quot;:\&amp;quot;奥帕（珠海）投资管理有限公司\&amp;quot;,\&amp;quot;foundDate\&amp;quot;:\&amp;quot;2016-10-09\&amp;quot;,\&amp;quot;legalRepresentative\&amp;quot;:\&amp;quot;王旭霞\&amp;quot;,\&amp;quot;addrPro\&amp;quot;:\&amp;quot;广东省\&amp;quot;,\&amp;quot;registerNo\&amp;quot;:\&amp;quot;P1060970\&amp;quot;,\&amp;quot;mainStrategyType\&amp;quot;:\&amp;quot;私募股权、创业投资基金管理人\&amp;quot;},{\&amp;quot;compId\&amp;quot;:131768,\&amp;quot;compFullName\&amp;quot;:\&amp;quot;北京博晟投资管理有限公司\&amp;quot;,\&amp;quot;foundDate\&amp;quot;:\&amp;quot;2017-03-17\&amp;quot;,\&amp;quot;legalRepresentative\&amp;quot;:\&amp;quot;李志中\&amp;quot;,\&amp;quot;addrPro\&amp;quot;:\&amp;quot;北京市\&amp;quot;,\&amp;quot;mainStrategyType\&amp;quot;:\&amp;quot;私募证券投资基金管理人\&amp;quot;},{\&amp;quot;compId\&amp;quot;:130939,\&amp;quot;compFullName\&amp;quot;:\&amp;quot;北京丰汇伟瀚投资基金管理有限公司\&amp;quot;,\&amp;quot;foundDate\&amp;quot;:\&amp;quot;2016-09-13\&amp;quot;,\&amp;quot;legalRepresentative\&amp;quot;:\&amp;quot;杨鑫\&amp;quot;,\&amp;quot;addrPro\&amp;quot;:\&amp;quot;北京市\&amp;quot;,\&amp;quot;registerNo\&amp;quot;:\&amp;quot;P1061939\&amp;quot;,\&amp;quot;mainStrategyType\&amp;quot;:\&amp;quot;私募股权、创业投资基金管理人\&amp;quot;},{\&amp;quot;compId\&amp;quot;:131356,\&amp;quot;compFullName\&amp;quot;:\&amp;quot;北京蜂巢金和投资管理有限公司\&amp;quot;,\&amp;quot;foundDate\&amp;quot;:\&amp;quot;2016-09-09\&amp;quot;,\&amp;quot;legalRepresentative\&amp;quot;:\&amp;quot;刘建平\&amp;quot;,\&amp;quot;addrPro\&amp;quot;:\&amp;quot;北京市\&amp;quot;,\&amp;quot;mainStrategyType\&amp;quot;:\&amp;quot;私募股权、创业投资基金管理人\&amp;quot;},{\&amp;quot;compId\&amp;quot;:129391,\&amp;quot;compFullName\&amp;quot;:\&amp;quot;北京国富大数据资本管理中心（有限合伙）\&amp;quot;,\&amp;quot;foundDate\&amp;quot;:\&amp;quot;2016-09-20\&amp;quot;,\&amp;quot;legalRepresentative\&amp;quot;:\&amp;quot;熊焰\&amp;quot;,\&amp;quot;addrPro\&amp;quot;:\&amp;quot;北京市\&amp;quot;,\&amp;quot;registerNo\&amp;quot;:\&amp;quot;P1060360\&amp;quot;,\&amp;quot;mainStrategyType\&amp;quot;:\&amp;quot;股权、创业投资基金\&amp;quot;},{\&amp;quot;compId\&amp;quot;:131359,\&amp;quot;compFullName\&amp;quot;:\&amp;quot;北京国数投资管理有限公司\&amp;quot;,\&amp;quot;foundDate\&amp;quot;:\&amp;quot;2016-10-18\&amp;quot;,\&amp;quot;legalRepresentative\&amp;quot;:\&amp;quot;胡志敏\&amp;quot;,\&amp;quot;addrPro\&amp;quot;:\&amp;quot;北京市\&amp;quot;,\&amp;quot;mainStrategyType\&amp;quot;:\&amp;quot;私募股权、创业投资基金管理人\&amp;quot;},{\&amp;quot;compId\&amp;quot;:132346,\&amp;quot;compFullName\&amp;quot;:\&amp;quot;北京海贝资本投资管理中心（有限合伙）\&amp;quot;,\&amp;quot;foundDate\&amp;quot;:\&amp;quot;2016-12-28\&amp;quot;,\&amp;quot;legalRepresentative\&amp;quot;:\&amp;quot;葛平\&amp;quot;,\&amp;quot;addrPro\&amp;quot;:\&amp;quot;北京市\&amp;quot;,\&amp;quot;mainStrategyType\&amp;quot;:\&amp;quot;私募股权、创业投资基金管理人\&amp;quot;},{\&amp;quot;compId\&amp;quot;:133631,\&amp;quot;compFullName\&amp;quot;:\&amp;quot;北京瀚富资产管理有限公司\&amp;quot;,\&amp;quot;foundDate\&amp;quot;:\&amp;quot;2017-02-15\&amp;quot;,\&amp;quot;legalRepresentative\&amp;quot;:\&amp;quot;俞怡然\&amp;quot;,\&amp;quot;mainStrategyType\&amp;quot;:\&amp;quot;私募股权、创业投资基金管理人\&amp;quot;},{\&amp;quot;compId\&amp;quot;:132658,\&amp;quot;compFullName\&amp;quot;:\&amp;quot;北京和通天下投资管理有限公司\&amp;quot;,\&amp;quot;foundDate\&amp;quot;:\&amp;quot;2016-09-30\&amp;quot;,\&amp;quot;legalRepresentative\&amp;quot;:\&amp;quot;郑益民\&amp;quot;,\&amp;quot;addrPro\&amp;quot;:\&amp;quot;北京市\&amp;quot;,\&amp;quot;mainStrategyType\&amp;quot;:\&amp;quot;私募证券投资基金管理人\&amp;quot;},{\&amp;quot;compId\&amp;quot;:134316,\&amp;quot;compFullName\&amp;quot;:\&amp;quot;北京厚朴融灏资本投资管理有限公司\&amp;quot;,\&amp;quot;foundDate\&amp;quot;:\&amp;quot;2016-10-21\&amp;quot;,\&amp;quot;legalRepresentative\&amp;quot;:\&amp;quot;董政茂\&amp;quot;,\&amp;quot;mainStrategyType\&amp;quot;:\&amp;quot;私募股权、创业投资基金管理人\&amp;quot;},{\&amp;quot;compId\&amp;quot;:132308,\&amp;quot;compFullName\&amp;quot;:\&amp;quot;北京华信爱迪投资管理有限公司\&amp;quot;,\&amp;quot;foundDate\&amp;quot;:\&amp;quot;2016-11-09\&amp;quot;,\&amp;quot;legalRepresentative\&amp;quot;:\&amp;quot;庄会军\&amp;quot;,\&amp;quot;addrPro\&amp;quot;:\&amp;quot;北京市\&amp;quot;,\&amp;quot;mainStrategyType\&amp;quot;:\&amp;quot;私募证券投资基金管理人\&amp;quot;}]&amp;quot;
     but: was &amp;quot;{&amp;quot;sta&amp;quot;:1,&amp;quot;data&amp;quot;:{&amp;quot;result&amp;quot;:[{&amp;quot;compId&amp;quot;:131924,&amp;quot;compFullName&amp;quot;:&amp;quot;安徽北大明德基金管理有限公司&amp;quot;,&amp;quot;foundDate&amp;quot;:&amp;quot;2017-01-19&amp;quot;,&amp;quot;legalRepresentative&amp;quot;:&amp;quot;刘欧&amp;quot;,&amp;quot;addrPro&amp;quot;:&amp;quot;安徽省&amp;quot;,&amp;quot;mainStrategyType&amp;quot;:&amp;quot;私募股权、创业投资基金管理人&amp;quot;},{&amp;quot;compId&amp;quot;:134152,&amp;quot;compFullName&amp;quot;:&amp;quot;安徽国厚股权投资基金管理有限公司&amp;quot;,&amp;quot;foundDate&amp;quot;:&amp;quot;2017-05-12&amp;quot;,&amp;quot;legalRepresentative&amp;quot;:&amp;quot;周庆&amp;quot;,&amp;quot;mainStrategyType&amp;quot;:&amp;quot;私募股权、创业投资基金管理人&amp;quot;},{&amp;quot;compId&amp;quot;:129864,&amp;quot;compFullName&amp;quot;:&amp;quot;安徽建工资本管理有限公司&amp;quot;,&amp;quot;foundDate&amp;quot;:&amp;quot;2016-11-07&amp;quot;,&amp;quot;legalRepresentative&amp;quot;:&amp;quot;李俊鹏&amp;quot;,&amp;quot;addrPro&amp;quot;:&amp;quot;安徽省&amp;quot;,&amp;quot;registerNo&amp;quot;:&amp;quot;P1060780&amp;quot;,&amp;quot;mainStrategyType&amp;quot;:&amp;quot;私募股权、创业投资基金管理人&amp;quot;},{&amp;quot;compId&amp;quot;:133294,&amp;quot;compFullName&amp;quot;:&amp;quot;安徽亚父投资管理有限公司&amp;quot;,&amp;quot;foundDate&amp;quot;:&amp;quot;2017-01-03&amp;quot;,&amp;quot;legalRepresentative&amp;quot;:&amp;quot;王汝言&amp;quot;,&amp;quot;mainStrategyType&amp;quot;:&amp;quot;私募股权、创业投资基金管理人&amp;quot;},{&amp;quot;compId&amp;quot;:133251,&amp;quot;compFullName&amp;quot;:&amp;quot;安徽正泽股权投资有限公司&amp;quot;,&amp;quot;foundDate&amp;quot;:&amp;quot;2016-11-24&amp;quot;,&amp;quot;legalRepresentative&amp;quot;:&amp;quot;刘恒&amp;quot;,&amp;quot;mainStrategyType&amp;quot;:&amp;quot;私募股权、创业投资基金管理人&amp;quot;},{&amp;quot;compId&amp;quot;:134675,&amp;quot;compFullName&amp;quot;:&amp;quot;安徽中安（池州）健康投资管理有限公司&amp;quot;,&amp;quot;foundDate&amp;quot;:&amp;quot;2017-04-25&amp;quot;,&amp;quot;legalRepresentative&amp;quot;:&amp;quot;刘路&amp;quot;,&amp;quot;mainStrategyType&amp;quot;:&amp;quot;私募股权、创业投资基金管理人&amp;quot;},{&amp;quot;compId&amp;quot;:129789,&amp;quot;compFullName&amp;quot;:&amp;quot;安徽中财金控投资基金管理有限公司&amp;quot;,&amp;quot;foundDate&amp;quot;:&amp;quot;2016-09-30&amp;quot;,&amp;quot;legalRepresentative&amp;quot;:&amp;quot;王溱&amp;quot;,&amp;quot;addrPro&amp;quot;:&amp;quot;安徽省&amp;quot;,&amp;quot;registerNo&amp;quot;:&amp;quot;P1060724&amp;quot;,&amp;quot;mainStrategyType&amp;quot;:&amp;quot;私募股权、创业投资基金管理人&amp;quot;},{&amp;quot;compId&amp;quot;:130928,&amp;quot;compFullName&amp;quot;:&amp;quot;安庆市金通同安投资管理合伙企业（有限合伙）&amp;quot;,&amp;quot;foundDate&amp;quot;:&amp;quot;2016-09-13&amp;quot;,&amp;quot;legalRepresentative&amp;quot;:&amp;quot;储节义&amp;quot;,&amp;quot;addrPro&amp;quot;:&amp;quot;安徽省&amp;quot;,&amp;quot;mainStrategyType&amp;quot;:&amp;quot;私募股权、创业投资基金管理人&amp;quot;},{&amp;quot;compId&amp;quot;:131235,&amp;quot;compFullName&amp;quot;:&amp;quot;安扬资产管理（杭州）有限公司&amp;quot;,&amp;quot;foundDate&amp;quot;:&amp;quot;2016-11-09&amp;quot;,&amp;quot;legalRepresentative&amp;quot;:&amp;quot;刘翌&amp;quot;,&amp;quot;addrPro&amp;quot;:&amp;quot;浙江省&amp;quot;,&amp;quot;registerNo&amp;quot;:&amp;quot;P1062346&amp;quot;,&amp;quot;mainStrategyType&amp;quot;:&amp;quot;私募股权、创业投资基金管理人&amp;quot;},{&amp;quot;compId&amp;quot;:132137,&amp;quot;compFullName&amp;quot;:&amp;quot;鞍资（天津）股权投资基金管理有限公司&amp;quot;,&amp;quot;foundDate&amp;quot;:&amp;quot;2017-03-31&amp;quot;,&amp;quot;legalRepresentative&amp;quot;:&amp;quot;付多朋&amp;quot;,&amp;quot;addrPro&amp;quot;:&amp;quot;天津市&amp;quot;,&amp;quot;mainStrategyType&amp;quot;:&amp;quot;私募股权、创业投资基金管理人&amp;quot;},{&amp;quot;compId&amp;quot;:129989,&amp;quot;compFullName&amp;quot;:&amp;quot;奥帕（珠海）投资管理有限公司&amp;quot;,&amp;quot;foundDate&amp;quot;:&amp;quot;2016-10-09&amp;quot;,&amp;quot;legalRepresentative&amp;quot;:&amp;quot;王旭霞&amp;quot;,&amp;quot;addrPro&amp;quot;:&amp;quot;广东省&amp;quot;,&amp;quot;registerNo&amp;quot;:&amp;quot;P1060970&amp;quot;,&amp;quot;mainStrategyType&amp;quot;:&amp;quot;私募股权、创业投资基金管理人&amp;quot;},{&amp;quot;compId&amp;quot;:134663,&amp;quot;compFullName&amp;quot;:&amp;quot;宝英（义乌）投资管理有限公司&amp;quot;,&amp;quot;foundDate&amp;quot;:&amp;quot;2016-11-01&amp;quot;,&amp;quot;legalRepresentative&amp;quot;:&amp;quot;李永利&amp;quot;,&amp;quot;mainStrategyType&amp;quot;:&amp;quot;私募股权、创业投资基金管理人&amp;quot;},{&amp;quot;compId&amp;quot;:131768,&amp;quot;compFullName&amp;quot;:&amp;quot;北京博晟投资管理有限公司&amp;quot;,&amp;quot;foundDate&amp;quot;:&amp;quot;2017-03-17&amp;quot;,&amp;quot;legalRepresentative&amp;quot;:&amp;quot;李志中&amp;quot;,&amp;quot;addrPro&amp;quot;:&amp;quot;北京市&amp;quot;,&amp;quot;mainStrategyType&amp;quot;:&amp;quot;私募证券投资基金管理人&amp;quot;},{&amp;quot;compId&amp;quot;:130939,&amp;quot;compFullName&amp;quot;:&amp;quot;北京丰汇伟瀚投资基金管理有限公司&amp;quot;,&amp;quot;foundDate&amp;quot;:&amp;quot;2016-09-13&amp;quot;,&amp;quot;legalRepresentative&amp;quot;:&amp;quot;杨鑫&amp;quot;,&amp;quot;addrPro&amp;quot;:&amp;quot;北京市&amp;quot;,&amp;quot;registerNo&amp;quot;:&amp;quot;P1061939&amp;quot;,&amp;quot;mainStrategyType&amp;quot;:&amp;quot;私募股权、创业投资基金管理人&amp;quot;},{&amp;quot;compId&amp;quot;:131356,&amp;quot;compFullName&amp;quot;:&amp;quot;北京蜂巢金和投资管理有限公司&amp;quot;,&amp;quot;foundDate&amp;quot;:&amp;quot;2016-09-09&amp;quot;,&amp;quot;legalRepresentative&amp;quot;:&amp;quot;刘建平&amp;quot;,&amp;quot;addrPro&amp;quot;:&amp;quot;北京市&amp;quot;,&amp;quot;mainStrategyType&amp;quot;:&amp;quot;私募股权、创业投资基金管理人&amp;quot;},{&amp;quot;compId&amp;quot;:129391,&amp;quot;compFullName&amp;quot;:&amp;quot;北京国富大数据资本管理中心（有限合伙）&amp;quot;,&amp;quot;foundDate&amp;quot;:&amp;quot;2016-09-20&amp;quot;,&amp;quot;legalRepresentative&amp;quot;:&amp;quot;熊焰&amp;quot;,&amp;quot;addrPro&amp;quot;:&amp;quot;北京市&amp;quot;,&amp;quot;registerNo&amp;quot;:&amp;quot;P1060360&amp;quot;,&amp;quot;mainStrategyType&amp;quot;:&amp;quot;股权、创业投资基金&amp;quot;},{&amp;quot;compId&amp;quot;:131359,&amp;quot;compFullName&amp;quot;:&amp;quot;北京国数投资管理有限公司&amp;quot;,&amp;quot;foundDate&amp;quot;:&amp;quot;2016-10-18&amp;quot;,&amp;quot;legalRepresentative&amp;quot;:&amp;quot;胡志敏&amp;quot;,&amp;quot;addrPro&amp;quot;:&amp;quot;北京市&amp;quot;,&amp;quot;mainStrategyType&amp;quot;:&amp;quot;私募股权、创业投资基金管理人&amp;quot;},{&amp;quot;compId&amp;quot;:132346,&amp;quot;compFullName&amp;quot;:&amp;quot;北京海贝资本投资管理中心（有限合伙）&amp;quot;,&amp;quot;foundDate&amp;quot;:&amp;quot;2016-12-28&amp;quot;,&amp;quot;legalRepresentative&amp;quot;:&amp;quot;葛平&amp;quot;,&amp;quot;addrPro&amp;quot;:&amp;quot;北京市&amp;quot;,&amp;quot;mainStrategyType&amp;quot;:&amp;quot;私募股权、创业投资基金管理人&amp;quot;},{&amp;quot;compId&amp;quot;:133631,&amp;quot;compFullName&amp;quot;:&amp;quot;北京瀚富资产管理有限公司&amp;quot;,&amp;quot;foundDate&amp;quot;:&amp;quot;2017-02-15&amp;quot;,&amp;quot;legalRepresentative&amp;quot;:&amp;quot;俞怡然&amp;quot;,&amp;quot;mainStrategyType&amp;quot;:&amp;quot;私募股权、创业投资基金管理人&amp;quot;},{&amp;quot;compId&amp;quot;:132658,&amp;quot;compFullName&amp;quot;:&amp;quot;北京和通天下投资管理有限公司&amp;quot;,&amp;quot;foundDate&amp;quot;:&amp;quot;2016-09-30&amp;quot;,&amp;quot;legalRepresentative&amp;quot;:&amp;quot;郑益民&amp;quot;,&amp;quot;addrPro&amp;quot;:&amp;quot;北京市&amp;quot;,&amp;quot;mainStrategyType&amp;quot;:&amp;quot;私募证券投资基金管理人&amp;quot;}],&amp;quot;totalCount&amp;quot;:1363,&amp;quot;pageNo&amp;quot;:1,&amp;quot;pageSize&amp;quot;:20,&amp;quot;totalPage&amp;quot;:69,&amp;quot;newCount&amp;quot;:66},&amp;quot;msg&amp;quot;:&amp;quot;操作成功&amp;quot;}&amp;quot;">
      <![CDATA[java.lang.AssertionError: 
Expected: a string containing "{\"sta\":1,\"data\":{\"result\":[{\"compId\":131924,\"compFullName\":\"安徽北大明德基金管理有限公司\",\"foundDate\":\"2017-01-19\",\"legalRepresentative\":\"刘欧\",\"addrPro\":\"安徽省\",\"mainStrategyType\":\"私募股权、创业投资基金管理人\"},{\"compId\":134152,\"compFullName\":\"安徽国厚股权投资基金管理有限公司\",\"foundDate\":\"2017-05-12\",\"legalRepresentative\":\"周庆\",\"mainStrategyType\":\"私募股权、创业投资基金管理人\"},{\"compId\":129864,\"compFullName\":\"安徽建工资本管理有限公司\",\"foundDate\":\"2016-11-07\",\"legalRepresentative\":\"李俊鹏\",\"addrPro\":\"安徽省\",\"registerNo\":\"P1060780\",\"mainStrategyType\":\"私募股权、创业投资基金管理人\"},{\"compId\":133294,\"compFullName\":\"安徽亚父投资管理有限公司\",\"foundDate\":\"2017-01-03\",\"legalRepresentative\":\"王汝言\",\"mainStrategyType\":\"私募股权、创业投资基金管理人\"},{\"compId\":133251,\"compFullName\":\"安徽正泽股权投资有限公司\",\"foundDate\":\"2016-11-24\",\"legalRepresentative\":\"刘恒\",\"mainStrategyType\":\"私募股权、创业投资基金管理人\"},{\"compId\":129789,\"compFullName\":\"安徽中财金控投资基金管理有限公司\",\"foundDate\":\"2016-09-30\",\"legalRepresentative\":\"王溱\",\"addrPro\":\"安徽省\",\"registerNo\":\"P1060724\",\"mainStrategyType\":\"私募股权、创业投资基金管理人\"},{\"compId\":33026,\"compFullName\":\"安庆市金通同安投资管理合伙企业（有限合伙）\",\"foundDate\":\"2016-09-13\",\"legalRepresentative\":\"储节义\",\"addrPro\":\"安徽省\",\"registerNo\":\"P1062173\",\"mainStrategyType\":\"私募股权、创业投资基金管理人\"},{\"compId\":131235,\"compFullName\":\"安扬资产管理（杭州）有限公司\",\"foundDate\":\"2016-11-09\",\"legalRepresentative\":\"刘翌\",\"addrPro\":\"浙江省\",\"registerNo\":\"P1062346\",\"mainStrategyType\":\"私募股权、创业投资基金管理人\"},{\"compId\":132137,\"compFullName\":\"鞍资（天津）股权投资基金管理有限公司\",\"foundDate\":\"2017-03-31\",\"legalRepresentative\":\"付多朋\",\"addrPro\":\"天津市\",\"mainStrategyType\":\"私募股权、创业投资基金管理人\"},{\"compId\":129989,\"compFullName\":\"奥帕（珠海）投资管理有限公司\",\"foundDate\":\"2016-10-09\",\"legalRepresentative\":\"王旭霞\",\"addrPro\":\"广东省\",\"registerNo\":\"P1060970\",\"mainStrategyType\":\"私募股权、创业投资基金管理人\"},{\"compId\":131768,\"compFullName\":\"北京博晟投资管理有限公司\",\"foundDate\":\"2017-03-17\",\"legalRepresentative\":\"李志中\",\"addrPro\":\"北京市\",\"mainStrategyType\":\"私募证券投资基金管理人\"},{\"compId\":130939,\"compFullName\":\"北京丰汇伟瀚投资基金管理有限公司\",\"foundDate\":\"2016-09-13\",\"legalRepresentative\":\"杨鑫\",\"addrPro\":\"北京市\",\"registerNo\":\"P1061939\",\"mainStrategyType\":\"私募股权、创业投资基金管理人\"},{\"compId\":131356,\"compFullName\":\"北京蜂巢金和投资管理有限公司\",\"foundDate\":\"2016-09-09\",\"legalRepresentative\":\"刘建平\",\"addrPro\":\"北京市\",\"mainStrategyType\":\"私募股权、创业投资基金管理人\"},{\"compId\":129391,\"compFullName\":\"北京国富大数据资本管理中心（有限合伙）\",\"foundDate\":\"2016-09-20\",\"legalRepresentative\":\"熊焰\",\"addrPro\":\"北京市\",\"registerNo\":\"P1060360\",\"mainStrategyType\":\"股权、创业投资基金\"},{\"compId\":131359,\"compFullName\":\"北京国数投资管理有限公司\",\"foundDate\":\"2016-10-18\",\"legalRepresentative\":\"胡志敏\",\"addrPro\":\"北京市\",\"mainStrategyType\":\"私募股权、创业投资基金管理人\"},{\"compId\":132346,\"compFullName\":\"北京海贝资本投资管理中心（有限合伙）\",\"foundDate\":\"2016-12-28\",\"legalRepresentative\":\"葛平\",\"addrPro\":\"北京市\",\"mainStrategyType\":\"私募股权、创业投资基金管理人\"},{\"compId\":133631,\"compFullName\":\"北京瀚富资产管理有限公司\",\"foundDate\":\"2017-02-15\",\"legalRepresentative\":\"俞怡然\",\"mainStrategyType\":\"私募股权、创业投资基金管理人\"},{\"compId\":132658,\"compFullName\":\"北京和通天下投资管理有限公司\",\"foundDate\":\"2016-09-30\",\"legalRepresentative\":\"郑益民\",\"addrPro\":\"北京市\",\"mainStrategyType\":\"私募证券投资基金管理人\"},{\"compId\":134316,\"compFullName\":\"北京厚朴融灏资本投资管理有限公司\",\"foundDate\":\"2016-10-21\",\"legalRepresentative\":\"董政茂\",\"mainStrategyType\":\"私募股权、创业投资基金管理人\"},{\"compId\":132308,\"compFullName\":\"北京华信爱迪投资管理有限公司\",\"foundDate\":\"2016-11-09\",\"legalRepresentative\":\"庄会军\",\"addrPro\":\"北京市\",\"mainStrategyType\":\"私募证券投资基金管理人\"}]"
     but: was "{"sta":1,"data":{"result":[{"compId":131924,"compFullName":"安徽北大明德基金管理有限公司","foundDate":"2017-01-19","legalRepresentative":"刘欧","addrPro":"安徽省","mainStrategyType":"私募股权、创业投资基金管理人"},{"compId":134152,"compFullName":"安徽国厚股权投资基金管理有限公司","foundDate":"2017-05-12","legalRepresentative":"周庆","mainStrategyType":"私募股权、创业投资基金管理人"},{"compId":129864,"compFullName":"安徽建工资本管理有限公司","foundDate":"2016-11-07","legalRepresentative":"李俊鹏","addrPro":"安徽省","registerNo":"P1060780","mainStrategyType":"私募股权、创业投资基金管理人"},{"compId":133294,"compFullName":"安徽亚父投资管理有限公司","foundDate":"2017-01-03","legalRepresentative":"王汝言","mainStrategyType":"私募股权、创业投资基金管理人"},{"compId":133251,"compFullName":"安徽正泽股权投资有限公司","foundDate":"2016-11-24","legalRepresentative":"刘恒","mainStrategyType":"私募股权、创业投资基金管理人"},{"compId":134675,"compFullName":"安徽中安（池州）健康投资管理有限公司","foundDate":"2017-04-25","legalRepresentative":"刘路","mainStrategyType":"私募股权、创业投资基金管理人"},{"compId":129789,"compFullName":"安徽中财金控投资基金管理有限公司","foundDate":"2016-09-30","legalRepresentative":"王溱","addrPro":"安徽省","registerNo":"P1060724","mainStrategyType":"私募股权、创业投资基金管理人"},{"compId":130928,"compFullName":"安庆市金通同安投资管理合伙企业（有限合伙）","foundDate":"2016-09-13","legalRepresentative":"储节义","addrPro":"安徽省","mainStrategyType":"私募股权、创业投资基金管理人"},{"compId":131235,"compFullName":"安扬资产管理（杭州）有限公司","foundDate":"2016-11-09","legalRepresentative":"刘翌","addrPro":"浙江省","registerNo":"P1062346","mainStrategyType":"私募股权、创业投资基金管理人"},{"compId":132137,"compFullName":"鞍资（天津）股权投资基金管理有限公司","foundDate":"2017-03-31","legalRepresentative":"付多朋","addrPro":"天津市","mainStrategyType":"私募股权、创业投资基金管理人"},{"compId":129989,"compFullName":"奥帕（珠海）投资管理有限公司","foundDate":"2016-10-09","legalRepresentative":"王旭霞","addrPro":"广东省","registerNo":"P1060970","mainStrategyType":"私募股权、创业投资基金管理人"},{"compId":134663,"compFullName":"宝英（义乌）投资管理有限公司","foundDate":"2016-11-01","legalRepresentative":"李永利","mainStrategyType":"私募股权、创业投资基金管理人"},{"compId":131768,"compFullName":"北京博晟投资管理有限公司","foundDate":"2017-03-17","legalRepresentative":"李志中","addrPro":"北京市","mainStrategyType":"私募证券投资基金管理人"},{"compId":130939,"compFullName":"北京丰汇伟瀚投资基金管理有限公司","foundDate":"2016-09-13","legalRepresentative":"杨鑫","addrPro":"北京市","registerNo":"P1061939","mainStrategyType":"私募股权、创业投资基金管理人"},{"compId":131356,"compFullName":"北京蜂巢金和投资管理有限公司","foundDate":"2016-09-09","legalRepresentative":"刘建平","addrPro":"北京市","mainStrategyType":"私募股权、创业投资基金管理人"},{"compId":129391,"compFullName":"北京国富大数据资本管理中心（有限合伙）","foundDate":"2016-09-20","legalRepresentative":"熊焰","addrPro":"北京市","registerNo":"P1060360","mainStrategyType":"股权、创业投资基金"},{"compId":131359,"compFullName":"北京国数投资管理有限公司","foundDate":"2016-10-18","legalRepresentative":"胡志敏","addrPro":"北京市","mainStrategyType":"私募股权、创业投资基金管理人"},{"compId":132346,"compFullName":"北京海贝资本投资管理中心（有限合伙）","foundDate":"2016-12-28","legalRepresentative":"葛平","addrPro":"北京市","mainStrategyType":"私募股权、创业投资基金管理人"},{"compId":133631,"compFullName":"北京瀚富资产管理有限公司","foundDate":"2017-02-15","legalRepresentative":"俞怡然","mainStrategyType":"私募股权、创业投资基金管理人"},{"compId":132658,"compFullName":"北京和通天下投资管理有限公司","foundDate":"2016-09-30","legalRepresentative":"郑益民","addrPro":"北京市","mainStrategyType":"私募证券投资基金管理人"}],"totalCount":1363,"pageNo":1,"pageSize":20,"totalPage":69,"newCount":66},"msg":"操作成功"}"
	at org.hamcrest.MatcherAssert.assertThat(MatcherAssert.java:20)
	at org.hamcrest.MatcherAssert.assertThat(MatcherAssert.java:8)
	at com.xyuan.ngtest.MyAssert.MyAssert.asserting(MyAssert.java:12)
	at com.xyuan.ngtest.ps.comp.comp_search.comp_search(comp_search.java:33)
	at java.util.concurrent.FutureTask.run(FutureTask.java:266)
	at java.util.concurrent.ThreadPoolExecutor.runWorker(ThreadPoolExecutor.java:1142)
	at java.util.concurrent.ThreadPoolExecutor$Worker.run(ThreadPoolExecutor.java:617)
	at java.lang.Thread.run(Thread.java:745)
... Removed 16 stack frames]]>
    </failure>
  </testcase> <!-- comp_search -->
</testsuite> <!-- test -->
