<?xml version="1.0" encoding="UTF-8"?>
<!-- Generated by org.testng.reporters.JUnitXMLReporter -->
<testsuite hostname="PC-liangxuqing" tests="0" failures="0" timestamp="27 Sep 2017 01:32:43 GMT" time="0.01" errors="0">
  <testcase name="@BeforeSuite suiteInit" time="0.0" classname="com.xyuan.ngtest.ps.comp.SuiteInit">
    <failure type="java.lang.NoClassDefFoundError" message="org/apache/log4j/Logger">
      <![CDATA[java.lang.NoClassDefFoundError: org/apache/log4j/Logger
	at com.xyuan.ngtest.Util.MyLog.<init>(MyLog.java:11)
	at com.xyuan.ngtest.Util.MyLog.getLoger(MyLog.java:17)
	at com.xyuan.ngtest.Helper.DatabaseHelper.<clinit>(DatabaseHelper.java:17)
	at com.xyuan.ngtest.ps.comp.SuiteInit.suiteInit(SuiteInit.java:22)
Caused by: java.lang.ClassNotFoundException: org.apache.log4j.Logger
	at java.net.URLClassLoader.findClass(Unknown Source)
	at java.lang.ClassLoader.loadClass(Unknown Source)
	at sun.misc.Launcher$AppClassLoader.loadClass(Unknown Source)
	at java.lang.ClassLoader.loadClass(Unknown Source)
	... 21 more
... Removed 17 stack frames]]>
    </failure>
  </testcase> <!-- @BeforeSuite suiteInit -->
  <testcase name="@BeforeTest login" time="0.0" classname="com.xyuan.ngtest.ps.comp.SuiteInit">
    <skipped/>
  </testcase> <!-- @BeforeTest login -->
</testsuite>
